<?xml version="1.0" encoding="UTF-8"?>
<!-- Generated by org.testng.reporters.JUnitXMLReporter -->
<testsuite ignored="0" hostname="DESKTOP-MM63RV8" failures="13" tests="32" name="Default test" time="498.8" errors="0" timestamp="2023-04-29T08:18:10 IST">
  <testcase classname="io.cucumber.testng.AbstractTestNGCucumberTests" name="runScenario" time="6.414">
    <failure type="java.lang.AssertionError" message="The search items retrieved do not match for the item : sony">
      <![CDATA[java.lang.AssertionError: The search items retrieved do not match for the item : sony
at org.testng.Assert.fail(Assert.java:99)
at StepDefinitions.Search.user_should_be_able_to_view_the_items(Search.java:84)
at ✽.user should be able to view the items "sony"(file:///C:/Users/NitishDosapati/eclipse-workspace2/SelAssessment/Features/A)Search.feature:15)
]]>
    </failure>
  </testcase> <!-- runScenario -->
  <testcase classname="io.cucumber.testng.AbstractTestNGCucumberTests" name="runScenario" time="6.104"/>
  <testcase classname="io.cucumber.testng.AbstractTestNGCucumberTests" name="runScenario" time="7.15"/>
  <testcase classname="io.cucumber.testng.AbstractTestNGCucumberTests" name="runScenario" time="12.916">
    <failure type="java.lang.AssertionError" message="category could not be selected properly">
      <![CDATA[java.lang.AssertionError: category could not be selected properly
at org.testng.Assert.fail(Assert.java:99)
at StepDefinitions.Search.user_selects_category_as(Search.java:37)
at ✽.user selects category as "invalid"(file:///C:/Users/NitishDosapati/eclipse-workspace2/SelAssessment/Features/A)Search.feature:12)
]]>
    </failure>
  </testcase> <!-- runScenario -->
  <testcase classname="io.cucumber.testng.AbstractTestNGCucumberTests" name="runScenario" time="16.075">
    <failure type="java.lang.AssertionError" message="The search items retrieved do not match for the item : invalid">
      <![CDATA[java.lang.AssertionError: The search items retrieved do not match for the item : invalid
at org.testng.Assert.fail(Assert.java:99)
at StepDefinitions.Search.user_should_be_able_to_view_the_items(Search.java:84)
at ✽.user should be able to view the items "invalid"(file:///C:/Users/NitishDosapati/eclipse-workspace2/SelAssessment/Features/A)Search.feature:15)
]]>
    </failure>
  </testcase> <!-- runScenario -->
  <testcase classname="io.cucumber.testng.AbstractTestNGCucumberTests" name="runScenario" time="15.951">
    <failure type="java.lang.AssertionError" message="The search items retrieved do not match for the item : ">
      <![CDATA[java.lang.AssertionError: The search items retrieved do not match for the item : 
at org.testng.Assert.fail(Assert.java:99)
at StepDefinitions.Search.user_should_be_able_to_view_the_items(Search.java:84)
at ✽.user should be able to view the items ""(file:///C:/Users/NitishDosapati/eclipse-workspace2/SelAssessment/Features/A)Search.feature:15)
]]>
    </failure>
  </testcase> <!-- runScenario -->
  <testcase classname="io.cucumber.testng.AbstractTestNGCucumberTests" name="runScenario" time="0.531"/>
  <testcase classname="io.cucumber.testng.AbstractTestNGCucumberTests" name="runScenario" time="0.646"/>
  <testcase classname="io.cucumber.testng.AbstractTestNGCucumberTests" name="runScenario" time="0.625"/>
  <testcase classname="io.cucumber.testng.AbstractTestNGCucumberTests" name="runScenario" time="0.488"/>
  <testcase classname="io.cucumber.testng.AbstractTestNGCucumberTests" name="runScenario" time="10.19">
    <failure type="java.lang.AssertionError" message="Header Category not selected">
      <![CDATA[java.lang.AssertionError: Header Category not selected
at org.testng.Assert.fail(Assert.java:99)
at StepDefinitions.HeaderMenu.user_clicks_on_menu_bar_item(HeaderMenu.java:36)
at ✽.user clicks on menu bar item "invalid"(file:///C:/Users/NitishDosapati/eclipse-workspace2/SelAssessment/Features/B)HeaderMenu.feature:11)
]]>
    </failure>
  </testcase> <!-- runScenario -->
  <testcase classname="io.cucumber.testng.AbstractTestNGCucumberTests" name="runScenario" time="0.748"/>
  <testcase classname="io.cucumber.testng.AbstractTestNGCucumberTests" name="runScenario" time="0.729"/>
  <testcase classname="io.cucumber.testng.AbstractTestNGCucumberTests" name="runScenario" time="0.928">
    <failure type="java.lang.AssertionError" message="The product camera with 3D pixels given does not exist in category Kids Wear">
      <![CDATA[java.lang.AssertionError: The product camera with 3D pixels given does not exist in category Kids Wear
at org.testng.Assert.fail(Assert.java:99)
at StepDefinitions.HeaderMenu.validate_the_product_present_with_and_and(HeaderMenu.java:78)
at ✽.validate the product present with "camera with 3D pixels" and "$990.00" and "2569"(file:///C:/Users/NitishDosapati/eclipse-workspace2/SelAssessment/Features/B)HeaderMenu.feature:28)
]]>
    </failure>
  </testcase> <!-- runScenario -->
  <testcase classname="io.cucumber.testng.AbstractTestNGCucumberTests" name="runScenario" time="1.015"/>
  <testcase classname="io.cucumber.testng.AbstractTestNGCucumberTests" name="runScenario" time="0.905"/>
  <testcase classname="io.cucumber.testng.AbstractTestNGCucumberTests" name="runScenario" time="0.759"/>
  <testcase classname="io.cucumber.testng.AbstractTestNGCucumberTests" name="runScenario" time="0.742"/>
  <testcase classname="io.cucumber.testng.AbstractTestNGCucumberTests" name="runScenario" time="0.924"/>
  <testcase classname="io.cucumber.testng.AbstractTestNGCucumberTests" name="runScenario" time="10.734">
    <failure type="java.lang.AssertionError" message="Left menu category not selected">
      <![CDATA[java.lang.AssertionError: Left menu category not selected
at org.testng.Assert.fail(Assert.java:99)
at StepDefinitions.LeftMenu.user_clicks_on_left_menu_item(LeftMenu.java:36)
at ✽.user clicks on left menu item "invalid"(file:///C:/Users/NitishDosapati/eclipse-workspace2/SelAssessment/Features/C)LeftMenu.feature:11)
]]>
    </failure>
  </testcase> <!-- runScenario -->
  <testcase classname="io.cucumber.testng.AbstractTestNGCucumberTests" name="runScenario" time="16.026"/>
  <testcase classname="io.cucumber.testng.AbstractTestNGCucumberTests" name="runScenario" time="15.981"/>
  <testcase classname="io.cucumber.testng.AbstractTestNGCucumberTests" name="runScenario" time="27.955">
    <failure type="java.lang.AssertionError" message="Exception in adding to wishlist">
      <![CDATA[java.lang.AssertionError: Exception in adding to wishlist
at org.testng.Assert.fail(Assert.java:99)
at StepDefinitions.Wishlist.user_will_add_to_wishlist(Wishlist.java:46)
at ✽.user will add to wishlist(file:///C:/Users/NitishDosapati/eclipse-workspace2/SelAssessment/Features/D)Wishlisht.feature:15)
]]>
    </failure>
  </testcase> <!-- runScenario -->
  <testcase classname="io.cucumber.testng.AbstractTestNGCucumberTests" name="runScenario" time="28.865">
    <failure type="java.lang.AssertionError" message="Exception in adding to wishlist">
      <![CDATA[java.lang.AssertionError: Exception in adding to wishlist
at org.testng.Assert.fail(Assert.java:99)
at StepDefinitions.Wishlist.user_will_add_to_wishlist(Wishlist.java:46)
at ✽.user will add to wishlist(file:///C:/Users/NitishDosapati/eclipse-workspace2/SelAssessment/Features/D)Wishlisht.feature:15)
]]>
    </failure>
  </testcase> <!-- runScenario -->
  <testcase classname="io.cucumber.testng.AbstractTestNGCucumberTests" name="runScenario" time="30.688">
    <failure type="java.lang.AssertionError" message="Exception in adding to wishlist">
      <![CDATA[java.lang.AssertionError: Exception in adding to wishlist
at org.testng.Assert.fail(Assert.java:99)
at StepDefinitions.Wishlist.user_will_add_to_wishlist(Wishlist.java:46)
at ✽.user will add to wishlist(file:///C:/Users/NitishDosapati/eclipse-workspace2/SelAssessment/Features/D)Wishlisht.feature:18)
]]>
    </failure>
  </testcase> <!-- runScenario -->
  <testcase classname="io.cucumber.testng.AbstractTestNGCucumberTests" name="runScenario" time="31.748"/>
  <testcase classname="io.cucumber.testng.AbstractTestNGCucumberTests" name="runScenario" time="30.22"/>
  <testcase classname="io.cucumber.testng.AbstractTestNGCucumberTests" name="runScenario" time="38.167">
    <failure type="java.lang.AssertionError" message="Exception in adding to wishlist">
      <![CDATA[java.lang.AssertionError: Exception in adding to wishlist
at org.testng.Assert.fail(Assert.java:99)
at StepDefinitions.Wishlist.user_will_add_to_wishlist(Wishlist.java:46)
at ✽.user will add to wishlist(file:///C:/Users/NitishDosapati/eclipse-workspace2/SelAssessment/Features/E)Cart.feature:13)
]]>
    </failure>
  </testcase> <!-- runScenario -->
  <testcase classname="io.cucumber.testng.AbstractTestNGCucumberTests" name="runScenario" time="41.229"/>
  <testcase classname="io.cucumber.testng.AbstractTestNGCucumberTests" name="runScenario" time="41.44"/>
  <testcase classname="io.cucumber.testng.AbstractTestNGCucumberTests" name="runScenario" time="29.206">
    <failure type="java.lang.AssertionError" message="The order successful page not reached">
      <![CDATA[java.lang.AssertionError: The order successful page not reached
at org.testng.Assert.fail(Assert.java:99)
at StepDefinitions.Order.user_will_buy_the_product(Order.java:66)
at ✽.user successfully places the order(file:///C:/Users/NitishDosapati/eclipse-workspace2/SelAssessment/Features/F)Order.feature:23)
]]>
    </failure>
  </testcase> <!-- runScenario -->
  <testcase classname="io.cucumber.testng.AbstractTestNGCucumberTests" name="runScenario" time="38.252">
    <failure type="java.lang.AssertionError" message="Exception in adding to wishlist">
      <![CDATA[java.lang.AssertionError: Exception in adding to wishlist
at org.testng.Assert.fail(Assert.java:99)
at StepDefinitions.Wishlist.user_will_add_to_wishlist(Wishlist.java:46)
at ✽.user will add to wishlist(file:///C:/Users/NitishDosapati/eclipse-workspace2/SelAssessment/Features/F)Order.feature:14)
]]>
    </failure>
  </testcase> <!-- runScenario -->
</testsuite> <!-- Default test -->
