<?xml version="1.0" encoding="UTF-8"?>
<!-- Generated by org.testng.reporters.JUnitXMLReporter -->
<testsuite ignored="0" hostname="DESKTOP-MM63RV8" failures="3" tests="22" name="Test" time="176.414" errors="0" timestamp="2023-04-28T13:00:58 IST">
  <testcase classname="io.cucumber.testng.AbstractTestNGCucumberTests" name="runScenario" time="6.426">
    <failure type="java.lang.AssertionError" message="The search items retrieved do not match for the item : sony">
      <![CDATA[java.lang.AssertionError: The search items retrieved do not match for the item : sony
at StepDefinitions.Search.user_should_be_able_to_view_the_items(Search.java:84)
at ✽.user should be able to view the items "sony"(file:///C:/Users/NitishDosapati/eclipse-workspace2/SelAssessment/Features/A)Search.feature:15)
... Removed 1 stack frames]]>
    </failure>
  </testcase> <!-- runScenario -->
  <testcase classname="io.cucumber.testng.AbstractTestNGCucumberTests" name="runScenario" time="6.062"/>
  <testcase classname="io.cucumber.testng.AbstractTestNGCucumberTests" name="runScenario" time="6.234"/>
  <testcase classname="io.cucumber.testng.AbstractTestNGCucumberTests" name="runScenario" time="0.914"/>
  <testcase classname="io.cucumber.testng.AbstractTestNGCucumberTests" name="runScenario" time="0.798"/>
  <testcase classname="io.cucumber.testng.AbstractTestNGCucumberTests" name="runScenario" time="0.567"/>
  <testcase classname="io.cucumber.testng.AbstractTestNGCucumberTests" name="runScenario" time="0.659"/>
  <testcase classname="io.cucumber.testng.AbstractTestNGCucumberTests" name="runScenario" time="0.788"/>
  <testcase classname="io.cucumber.testng.AbstractTestNGCucumberTests" name="runScenario" time="0.779"/>
  <testcase classname="io.cucumber.testng.AbstractTestNGCucumberTests" name="runScenario" time="1.327">
    <failure type="java.lang.AssertionError" message="The product camera with 3D pixels given does not exist in category Mens Wear">
      <![CDATA[java.lang.AssertionError: The product camera with 3D pixels given does not exist in category Mens Wear
at StepDefinitions.HeaderMenu.validate_the_product_present_with_and_and(HeaderMenu.java:80)
at ✽.validate the product present with "camera with 3D pixels" and "$990.00" and "2569"(file:///C:/Users/NitishDosapati/eclipse-workspace2/SelAssessment/Features/B)HeaderMenu.feature:28)
... Removed 1 stack frames]]>
    </failure>
  </testcase> <!-- runScenario -->
  <testcase classname="io.cucumber.testng.AbstractTestNGCucumberTests" name="runScenario" time="1.348"/>
  <testcase classname="io.cucumber.testng.AbstractTestNGCucumberTests" name="runScenario" time="0.982"/>
  <testcase classname="io.cucumber.testng.AbstractTestNGCucumberTests" name="runScenario" time="0.745"/>
  <testcase classname="io.cucumber.testng.AbstractTestNGCucumberTests" name="runScenario" time="0.93"/>
  <testcase classname="io.cucumber.testng.AbstractTestNGCucumberTests" name="runScenario" time="1.364"/>
  <testcase classname="io.cucumber.testng.AbstractTestNGCucumberTests" name="runScenario" time="14.469"/>
  <testcase classname="io.cucumber.testng.AbstractTestNGCucumberTests" name="runScenario" time="14.474"/>
  <testcase classname="io.cucumber.testng.AbstractTestNGCucumberTests" name="runScenario" time="18.248"/>
  <testcase classname="io.cucumber.testng.AbstractTestNGCucumberTests" name="runScenario" time="17.994"/>
  <testcase classname="io.cucumber.testng.AbstractTestNGCucumberTests" name="runScenario" time="17.21"/>
  <testcase classname="io.cucumber.testng.AbstractTestNGCucumberTests" name="runScenario" time="16.891"/>
  <testcase classname="io.cucumber.testng.AbstractTestNGCucumberTests" name="runScenario" time="14.956">
    <failure type="java.lang.AssertionError" message="The order successful page not reached">
      <![CDATA[java.lang.AssertionError: The order successful page not reached
at StepDefinitions.Order.user_will_buy_the_product(Order.java:66)
at ✽.user successfully places the order(file:///C:/Users/NitishDosapati/eclipse-workspace2/SelAssessment/Features/F)Order.feature:23)
... Removed 1 stack frames]]>
    </failure>
  </testcase> <!-- runScenario -->
</testsuite> <!-- Test -->
