<html>
<head>
<title>TestNG:  Test</title>
<link href="../testng.css" rel="stylesheet" type="text/css" />
<link href="../my-testng.css" rel="stylesheet" type="text/css" />

<style type="text/css">
.log { display: none;} 
.stack-trace { display: none;} 
</style>
<script type="text/javascript">
<!--
function flip(e) {
  current = e.style.display;
  if (current == 'block') {
    e.style.display = 'none';
    return 0;
  }
  else {
    e.style.display = 'block';
    return 1;
  }
}

function toggleBox(szDivId, elem, msg1, msg2)
{
  var res = -1;  if (document.getElementById) {
    res = flip(document.getElementById(szDivId));
  }
  else if (document.all) {
    // this is the way old msie versions work
    res = flip(document.all[szDivId]);
  }
  if(elem) {
    if(res == 0) elem.innerHTML = msg1; else elem.innerHTML = msg2;
  }

}

function toggleAllBoxes() {
  if (document.getElementsByTagName) {
    d = document.getElementsByTagName('div');
    for (i = 0; i < d.length; i++) {
      if (d[i].className == 'log') {
        flip(d[i]);
      }
    }
  }
}

// -->
</script>

</head>
<body>
<h2 align='center'>Test</h2><table border='1' align="center">
<tr>
<td>Tests passed/Failed/Skipped:</td><td>13/19/0</td>
</tr><tr>
<td>Started on:</td><td>Mon May 01 05:44:55 IST 2023</td>
</tr>
<tr><td>Total time:</td><td>475 seconds (475326 ms)</td>
</tr><tr>
<td>Included groups:</td><td></td>
</tr><tr>
<td>Excluded groups:</td><td></td>
</tr>
</table><p/>
<small><i>(Hover the method name to see the test class name)</i></small><p/>
<table width='100%' border='1' class='invocation-failed'>
<tr><td colspan='4' align='center'><b>FAILED TESTS</b></td></tr>
<tr><td><b>Test method</b></td>
<td><b>Attribute(s)</b></td>
<td width="30%"><b>Exception</b></td>
<td width="10%"><b>Time (seconds)</b></td>
<td><b>Instance</b></td>
</tr>
<tr>
<td title='TestRunner.TestRunner.runScenario()'><b>runScenario</b><br>Test class: TestRunner.TestRunner<br>Test method: Runs Cucumber Scenarios<br>Parameters: "Search for the Item", "Search for an Item"</td>
<td><div><pre>java.lang.AssertionError: The search items retrieved do not match for the item : invalid
	at StepDefinitions.Search.user_should_be_able_to_view_the_items(Search.java:81)
	at ✽.user should be able to view the items &quot;invalid&quot;(file:///D:/Downloads/SelAssessment/Features/Search.feature:14)
... Removed 1 stack frames</pre></div><a href='#' onClick='toggleBox("stack-trace359659279", this, "Click to show all stack frames", "Click to hide stack frames")'>Click to show all stack frames</a>
<div class='stack-trace' id='stack-trace359659279'><pre>java.lang.AssertionError: The search items retrieved do not match for the item : invalid
	at org.testng.Assert.fail(Assert.java:110)
	at StepDefinitions.Search.user_should_be_able_to_view_the_items(Search.java:81)
	at ✽.user should be able to view the items &quot;invalid&quot;(file:///D:/Downloads/SelAssessment/Features/Search.feature:14)
</pre></div></td>
<td>16</td>
<td>TestRunner.TestRunner@4ec4f3a0</td></tr>
<tr>
<td title='TestRunner.TestRunner.runScenario()'><b>runScenario</b><br>Test class: TestRunner.TestRunner<br>Test method: Runs Cucumber Scenarios<br>Parameters: "Cart", "Cart feature"</td>
<td><div><pre>java.lang.AssertionError: items move to cart failed
	at StepDefinitions.Cart.user_clicks_on_move_to_cart(Cart.java:47)
	at ✽.user clicks on move to cart(file:///D:/Downloads/SelAssessment/Features/Cart.feature:18)
... Removed 1 stack frames</pre></div><a href='#' onClick='toggleBox("stack-trace2004687135", this, "Click to show all stack frames", "Click to hide stack frames")'>Click to show all stack frames</a>
<div class='stack-trace' id='stack-trace2004687135'><pre>java.lang.AssertionError: items move to cart failed
	at org.testng.Assert.fail(Assert.java:110)
	at StepDefinitions.Cart.user_clicks_on_move_to_cart(Cart.java:47)
	at ✽.user clicks on move to cart(file:///D:/Downloads/SelAssessment/Features/Cart.feature:18)
</pre></div></td>
<td>16</td>
<td>TestRunner.TestRunner@4ec4f3a0</td></tr>
<tr>
<td title='TestRunner.TestRunner.runScenario()'><b>runScenario</b><br>Test class: TestRunner.TestRunner<br>Test method: Runs Cucumber Scenarios<br>Parameters: "Cart", "Cart feature"</td>
<td><div><pre>java.lang.AssertionError: items move to cart failed
	at StepDefinitions.Cart.user_clicks_on_move_to_cart(Cart.java:47)
	at ✽.user clicks on move to cart(file:///D:/Downloads/SelAssessment/Features/Cart.feature:18)
... Removed 1 stack frames</pre></div><a href='#' onClick='toggleBox("stack-trace800990938", this, "Click to show all stack frames", "Click to hide stack frames")'>Click to show all stack frames</a>
<div class='stack-trace' id='stack-trace800990938'><pre>java.lang.AssertionError: items move to cart failed
	at org.testng.Assert.fail(Assert.java:110)
	at StepDefinitions.Cart.user_clicks_on_move_to_cart(Cart.java:47)
	at ✽.user clicks on move to cart(file:///D:/Downloads/SelAssessment/Features/Cart.feature:18)
</pre></div></td>
<td>17</td>
<td>TestRunner.TestRunner@4ec4f3a0</td></tr>
<tr>
<td title='TestRunner.TestRunner.runScenario()'><b>runScenario</b><br>Test class: TestRunner.TestRunner<br>Test method: Runs Cucumber Scenarios<br>Parameters: "Order", "Order"</td>
<td><div><pre>java.lang.AssertionError: items move to cart failed
	at StepDefinitions.Cart.user_clicks_on_move_to_cart(Cart.java:47)
	at ✽.user clicks on move to cart(file:///D:/Downloads/SelAssessment/Features/Order.feature:19)
... Removed 1 stack frames</pre></div><a href='#' onClick='toggleBox("stack-trace1219403403", this, "Click to show all stack frames", "Click to hide stack frames")'>Click to show all stack frames</a>
<div class='stack-trace' id='stack-trace1219403403'><pre>java.lang.AssertionError: items move to cart failed
	at org.testng.Assert.fail(Assert.java:110)
	at StepDefinitions.Cart.user_clicks_on_move_to_cart(Cart.java:47)
	at ✽.user clicks on move to cart(file:///D:/Downloads/SelAssessment/Features/Order.feature:19)
</pre></div></td>
<td>17</td>
<td>TestRunner.TestRunner@4ec4f3a0</td></tr>
<tr>
<td title='TestRunner.TestRunner.runScenario()'><b>runScenario</b><br>Test class: TestRunner.TestRunner<br>Test method: Runs Cucumber Scenarios<br>Parameters: "Order", "Order"</td>
<td><div><pre>java.lang.AssertionError: items move to cart failed
	at StepDefinitions.Cart.user_clicks_on_move_to_cart(Cart.java:47)
	at ✽.user clicks on move to cart(file:///D:/Downloads/SelAssessment/Features/Order.feature:19)
... Removed 1 stack frames</pre></div><a href='#' onClick='toggleBox("stack-trace1489251468", this, "Click to show all stack frames", "Click to hide stack frames")'>Click to show all stack frames</a>
<div class='stack-trace' id='stack-trace1489251468'><pre>java.lang.AssertionError: items move to cart failed
	at org.testng.Assert.fail(Assert.java:110)
	at StepDefinitions.Cart.user_clicks_on_move_to_cart(Cart.java:47)
	at ✽.user clicks on move to cart(file:///D:/Downloads/SelAssessment/Features/Order.feature:19)
</pre></div></td>
<td>24</td>
<td>TestRunner.TestRunner@4ec4f3a0</td></tr>
<tr>
<td title='TestRunner.TestRunner.runScenario()'><b>runScenario</b><br>Test class: TestRunner.TestRunner<br>Test method: Runs Cucumber Scenarios<br>Parameters: "Cart", "Cart feature"</td>
<td><div><pre>java.lang.AssertionError: Exception in adding to wishlist
	at StepDefinitions.Wishlist.user_will_add_to_wishlist(Wishlist.java:41)
	at ✽.user will add to wishlist(file:///D:/Downloads/SelAssessment/Features/Cart.feature:13)
... Removed 1 stack frames</pre></div><a href='#' onClick='toggleBox("stack-trace1485129132", this, "Click to show all stack frames", "Click to hide stack frames")'>Click to show all stack frames</a>
<div class='stack-trace' id='stack-trace1485129132'><pre>java.lang.AssertionError: Exception in adding to wishlist
	at org.testng.Assert.fail(Assert.java:110)
	at StepDefinitions.Wishlist.user_will_add_to_wishlist(Wishlist.java:41)
	at ✽.user will add to wishlist(file:///D:/Downloads/SelAssessment/Features/Cart.feature:13)
</pre></div></td>
<td>43</td>
<td>TestRunner.TestRunner@4ec4f3a0</td></tr>
<tr>
<td title='TestRunner.TestRunner.runScenario()'><b>runScenario</b><br>Test class: TestRunner.TestRunner<br>Test method: Runs Cucumber Scenarios<br>Parameters: "Validate menu item", "Menu Functionality"</td>
<td><div><pre>java.lang.AssertionError: Exception in Validating Items
	at StepDefinitions.HeaderMenu.user_should_be_able_to_navigate_to_the_item_page(HeaderMenu.java:49)
	at ✽.user should be able to navigate to the item page(file:///D:/Downloads/SelAssessment/Features/HeaderMenu.feature:11)
... Removed 1 stack frames</pre></div><a href='#' onClick='toggleBox("stack-trace1792110618", this, "Click to show all stack frames", "Click to hide stack frames")'>Click to show all stack frames</a>
<div class='stack-trace' id='stack-trace1792110618'><pre>java.lang.AssertionError: Exception in Validating Items
	at org.testng.Assert.fail(Assert.java:110)
	at StepDefinitions.HeaderMenu.user_should_be_able_to_navigate_to_the_item_page(HeaderMenu.java:49)
	at ✽.user should be able to navigate to the item page(file:///D:/Downloads/SelAssessment/Features/HeaderMenu.feature:11)
</pre></div></td>
<td>1</td>
<td>TestRunner.TestRunner@4ec4f3a0</td></tr>
<tr>
<td title='TestRunner.TestRunner.runScenario()'><b>runScenario</b><br>Test class: TestRunner.TestRunner<br>Test method: Runs Cucumber Scenarios<br>Parameters: "Search for the Item", "Search for an Item"</td>
<td><div><pre>java.lang.AssertionError: category could not be selected properly
	at StepDefinitions.Search.user_selects_category_as(Search.java:32)
	at ✽.user selects category as &quot;invalid&quot;(file:///D:/Downloads/SelAssessment/Features/Search.feature:11)
... Removed 1 stack frames</pre></div><a href='#' onClick='toggleBox("stack-trace968383091", this, "Click to show all stack frames", "Click to hide stack frames")'>Click to show all stack frames</a>
<div class='stack-trace' id='stack-trace968383091'><pre>java.lang.AssertionError: category could not be selected properly
	at org.testng.Assert.fail(Assert.java:110)
	at StepDefinitions.Search.user_selects_category_as(Search.java:32)
	at ✽.user selects category as &quot;invalid&quot;(file:///D:/Downloads/SelAssessment/Features/Search.feature:11)
</pre></div></td>
<td>14</td>
<td>TestRunner.TestRunner@4ec4f3a0</td></tr>
<tr>
<td title='TestRunner.TestRunner.runScenario()'><b>runScenario</b><br>Test class: TestRunner.TestRunner<br>Test method: Runs Cucumber Scenarios<br>Parameters: "Wishlist", "Wishlist"</td>
<td><div><pre>java.lang.AssertionError: Exception in adding to wishlist
	at StepDefinitions.Wishlist.user_will_add_to_wishlist(Wishlist.java:41)
	at ✽.user will add to wishlist(file:///D:/Downloads/SelAssessment/Features/Wishlisht.feature:16)
... Removed 1 stack frames</pre></div><a href='#' onClick='toggleBox("stack-trace1722389892", this, "Click to show all stack frames", "Click to hide stack frames")'>Click to show all stack frames</a>
<div class='stack-trace' id='stack-trace1722389892'><pre>java.lang.AssertionError: Exception in adding to wishlist
	at org.testng.Assert.fail(Assert.java:110)
	at StepDefinitions.Wishlist.user_will_add_to_wishlist(Wishlist.java:41)
	at ✽.user will add to wishlist(file:///D:/Downloads/SelAssessment/Features/Wishlisht.feature:16)
</pre></div></td>
<td>23</td>
<td>TestRunner.TestRunner@4ec4f3a0</td></tr>
<tr>
<td title='TestRunner.TestRunner.runScenario()'><b>runScenario</b><br>Test class: TestRunner.TestRunner<br>Test method: Runs Cucumber Scenarios<br>Parameters: "Validate menu item", "Left Menu functionality"</td>
<td><div><pre>java.lang.AssertionError: Left menu category not selected
	at StepDefinitions.LeftMenu.user_clicks_on_left_menu_item(LeftMenu.java:36)
	at ✽.user clicks on left menu item &quot;invalid&quot;(file:///D:/Downloads/SelAssessment/Features/LeftMenu.feature:11)
... Removed 1 stack frames</pre></div><a href='#' onClick='toggleBox("stack-trace929066990", this, "Click to show all stack frames", "Click to hide stack frames")'>Click to show all stack frames</a>
<div class='stack-trace' id='stack-trace929066990'><pre>java.lang.AssertionError: Left menu category not selected
	at org.testng.Assert.fail(Assert.java:110)
	at StepDefinitions.LeftMenu.user_clicks_on_left_menu_item(LeftMenu.java:36)
	at ✽.user clicks on left menu item &quot;invalid&quot;(file:///D:/Downloads/SelAssessment/Features/LeftMenu.feature:11)
</pre></div></td>
<td>11</td>
<td>TestRunner.TestRunner@4ec4f3a0</td></tr>
<tr>
<td title='TestRunner.TestRunner.runScenario()'><b>runScenario</b><br>Test class: TestRunner.TestRunner<br>Test method: Runs Cucumber Scenarios<br>Parameters: "Search for the Item", "Search for an Item"</td>
<td><div><pre>java.lang.AssertionError: The search items retrieved do not match for the item : sony
	at StepDefinitions.Search.user_should_be_able_to_view_the_items(Search.java:81)
	at ✽.user should be able to view the items &quot;sony&quot;(file:///D:/Downloads/SelAssessment/Features/Search.feature:14)
... Removed 1 stack frames</pre></div><a href='#' onClick='toggleBox("stack-trace536110011", this, "Click to show all stack frames", "Click to hide stack frames")'>Click to show all stack frames</a>
<div class='stack-trace' id='stack-trace536110011'><pre>java.lang.AssertionError: The search items retrieved do not match for the item : sony
	at org.testng.Assert.fail(Assert.java:110)
	at StepDefinitions.Search.user_should_be_able_to_view_the_items(Search.java:81)
	at ✽.user should be able to view the items &quot;sony&quot;(file:///D:/Downloads/SelAssessment/Features/Search.feature:14)
</pre></div></td>
<td>6</td>
<td>TestRunner.TestRunner@4ec4f3a0</td></tr>
<tr>
<td title='TestRunner.TestRunner.runScenario()'><b>runScenario</b><br>Test class: TestRunner.TestRunner<br>Test method: Runs Cucumber Scenarios<br>Parameters: "Wishlist", "Wishlist"</td>
<td><div><pre>java.lang.AssertionError: Exception in adding to wishlist
	at StepDefinitions.Wishlist.user_will_add_to_wishlist(Wishlist.java:41)
	at ✽.user will add to wishlist(file:///D:/Downloads/SelAssessment/Features/Wishlisht.feature:13)
... Removed 1 stack frames</pre></div><a href='#' onClick='toggleBox("stack-trace871550850", this, "Click to show all stack frames", "Click to hide stack frames")'>Click to show all stack frames</a>
<div class='stack-trace' id='stack-trace871550850'><pre>java.lang.AssertionError: Exception in adding to wishlist
	at org.testng.Assert.fail(Assert.java:110)
	at StepDefinitions.Wishlist.user_will_add_to_wishlist(Wishlist.java:41)
	at ✽.user will add to wishlist(file:///D:/Downloads/SelAssessment/Features/Wishlisht.feature:13)
</pre></div></td>
<td>29</td>
<td>TestRunner.TestRunner@4ec4f3a0</td></tr>
<tr>
<td title='TestRunner.TestRunner.runScenario()'><b>runScenario</b><br>Test class: TestRunner.TestRunner<br>Test method: Runs Cucumber Scenarios<br>Parameters: "Validate menu item", "Menu Functionality"</td>
<td><div><pre>java.lang.AssertionError: Header Category not selected
	at StepDefinitions.HeaderMenu.user_clicks_on_menu_bar_item(HeaderMenu.java:34)
	at ✽.user clicks on menu bar item &quot;invalid&quot;(file:///D:/Downloads/SelAssessment/Features/HeaderMenu.feature:10)
... Removed 1 stack frames</pre></div><a href='#' onClick='toggleBox("stack-trace713765818", this, "Click to show all stack frames", "Click to hide stack frames")'>Click to show all stack frames</a>
<div class='stack-trace' id='stack-trace713765818'><pre>java.lang.AssertionError: Header Category not selected
	at org.testng.Assert.fail(Assert.java:110)
	at StepDefinitions.HeaderMenu.user_clicks_on_menu_bar_item(HeaderMenu.java:34)
	at ✽.user clicks on menu bar item &quot;invalid&quot;(file:///D:/Downloads/SelAssessment/Features/HeaderMenu.feature:10)
</pre></div></td>
<td>10</td>
<td>TestRunner.TestRunner@4ec4f3a0</td></tr>
<tr>
<td title='TestRunner.TestRunner.runScenario()'><b>runScenario</b><br>Test class: TestRunner.TestRunner<br>Test method: Runs Cucumber Scenarios<br>Parameters: "Order", "Order"</td>
<td><div><pre>java.lang.AssertionError: Exception in adding to wishlist
	at StepDefinitions.Wishlist.user_will_add_to_wishlist(Wishlist.java:41)
	at ✽.user will add to wishlist(file:///D:/Downloads/SelAssessment/Features/Order.feature:14)
... Removed 1 stack frames</pre></div><a href='#' onClick='toggleBox("stack-trace43787342", this, "Click to show all stack frames", "Click to hide stack frames")'>Click to show all stack frames</a>
<div class='stack-trace' id='stack-trace43787342'><pre>java.lang.AssertionError: Exception in adding to wishlist
	at org.testng.Assert.fail(Assert.java:110)
	at StepDefinitions.Wishlist.user_will_add_to_wishlist(Wishlist.java:41)
	at ✽.user will add to wishlist(file:///D:/Downloads/SelAssessment/Features/Order.feature:14)
</pre></div></td>
<td>41</td>
<td>TestRunner.TestRunner@4ec4f3a0</td></tr>
<tr>
<td title='TestRunner.TestRunner.runScenario()'><b>runScenario</b><br>Test class: TestRunner.TestRunner<br>Test method: Runs Cucumber Scenarios<br>Parameters: "Search for the Item", "Search for an Item"</td>
<td><div><pre>java.lang.AssertionError: The search items retrieved do not match for the item : 
	at StepDefinitions.Search.user_should_be_able_to_view_the_items(Search.java:81)
	at ✽.user should be able to view the items &quot;&quot;(file:///D:/Downloads/SelAssessment/Features/Search.feature:14)
... Removed 1 stack frames</pre></div><a href='#' onClick='toggleBox("stack-trace525154553", this, "Click to show all stack frames", "Click to hide stack frames")'>Click to show all stack frames</a>
<div class='stack-trace' id='stack-trace525154553'><pre>java.lang.AssertionError: The search items retrieved do not match for the item : 
	at org.testng.Assert.fail(Assert.java:110)
	at StepDefinitions.Search.user_should_be_able_to_view_the_items(Search.java:81)
	at ✽.user should be able to view the items &quot;&quot;(file:///D:/Downloads/SelAssessment/Features/Search.feature:14)
</pre></div></td>
<td>16</td>
<td>TestRunner.TestRunner@4ec4f3a0</td></tr>
<tr>
<td title='TestRunner.TestRunner.runScenario()'><b>runScenario</b><br>Test class: TestRunner.TestRunner<br>Test method: Runs Cucumber Scenarios<br>Parameters: "Wishlist", "Wishlist"</td>
<td><div><pre>java.lang.AssertionError: Exception in adding to wishlist
	at StepDefinitions.Wishlist.user_will_add_to_wishlist(Wishlist.java:41)
	at ✽.user will add to wishlist(file:///D:/Downloads/SelAssessment/Features/Wishlisht.feature:13)
... Removed 1 stack frames</pre></div><a href='#' onClick='toggleBox("stack-trace1568012558", this, "Click to show all stack frames", "Click to hide stack frames")'>Click to show all stack frames</a>
<div class='stack-trace' id='stack-trace1568012558'><pre>java.lang.AssertionError: Exception in adding to wishlist
	at org.testng.Assert.fail(Assert.java:110)
	at StepDefinitions.Wishlist.user_will_add_to_wishlist(Wishlist.java:41)
	at ✽.user will add to wishlist(file:///D:/Downloads/SelAssessment/Features/Wishlisht.feature:13)
</pre></div></td>
<td>29</td>
<td>TestRunner.TestRunner@4ec4f3a0</td></tr>
<tr>
<td title='TestRunner.TestRunner.runScenario()'><b>runScenario</b><br>Test class: TestRunner.TestRunner<br>Test method: Runs Cucumber Scenarios<br>Parameters: "Validate Products", "Menu Functionality"</td>
<td><div><pre>java.lang.AssertionError: The product camera with 3D pixels given does not exist in category Kids Wear
	at StepDefinitions.HeaderMenu.validate_the_product_present_with_and_and(HeaderMenu.java:76)
	at ✽.validate the product present with &quot;camera with 3D pixels&quot; and &quot;$990.00&quot; and &quot;2569&quot;(file:///D:/Downloads/SelAssessment/Features/HeaderMenu.feature:26)
... Removed 1 stack frames</pre></div><a href='#' onClick='toggleBox("stack-trace1737135382", this, "Click to show all stack frames", "Click to hide stack frames")'>Click to show all stack frames</a>
<div class='stack-trace' id='stack-trace1737135382'><pre>java.lang.AssertionError: The product camera with 3D pixels given does not exist in category Kids Wear
	at org.testng.Assert.fail(Assert.java:110)
	at StepDefinitions.HeaderMenu.validate_the_product_present_with_and_and(HeaderMenu.java:76)
	at ✽.validate the product present with &quot;camera with 3D pixels&quot; and &quot;$990.00&quot; and &quot;2569&quot;(file:///D:/Downloads/SelAssessment/Features/HeaderMenu.feature:26)
</pre></div></td>
<td>2</td>
<td>TestRunner.TestRunner@4ec4f3a0</td></tr>
<tr>
<td title='TestRunner.TestRunner.runScenario()'><b>runScenario</b><br>Test class: TestRunner.TestRunner<br>Test method: Runs Cucumber Scenarios<br>Parameters: "Order", "Order"</td>
<td><div><pre>java.lang.AssertionError: items move to cart failed
	at StepDefinitions.Cart.user_clicks_on_move_to_cart(Cart.java:47)
	at ✽.user clicks on move to cart(file:///D:/Downloads/SelAssessment/Features/Order.feature:19)
... Removed 1 stack frames</pre></div><a href='#' onClick='toggleBox("stack-trace2079100080", this, "Click to show all stack frames", "Click to hide stack frames")'>Click to show all stack frames</a>
<div class='stack-trace' id='stack-trace2079100080'><pre>java.lang.AssertionError: items move to cart failed
	at org.testng.Assert.fail(Assert.java:110)
	at StepDefinitions.Cart.user_clicks_on_move_to_cart(Cart.java:47)
	at ✽.user clicks on move to cart(file:///D:/Downloads/SelAssessment/Features/Order.feature:19)
</pre></div></td>
<td>17</td>
<td>TestRunner.TestRunner@4ec4f3a0</td></tr>
<tr>
<td title='TestRunner.TestRunner.runScenario()'><b>runScenario</b><br>Test class: TestRunner.TestRunner<br>Test method: Runs Cucumber Scenarios<br>Parameters: "Validate menu item", "Left Menu functionality"</td>
<td><div><pre>java.lang.AssertionError: Left menu category not selected
	at StepDefinitions.LeftMenu.user_clicks_on_left_menu_item(LeftMenu.java:36)
	at ✽.user clicks on left menu item &quot;Furniture&quot;(file:///D:/Downloads/SelAssessment/Features/LeftMenu.feature:11)
... Removed 1 stack frames</pre></div><a href='#' onClick='toggleBox("stack-trace529026006", this, "Click to show all stack frames", "Click to hide stack frames")'>Click to show all stack frames</a>
<div class='stack-trace' id='stack-trace529026006'><pre>java.lang.AssertionError: Left menu category not selected
	at org.testng.Assert.fail(Assert.java:110)
	at StepDefinitions.LeftMenu.user_clicks_on_left_menu_item(LeftMenu.java:36)
	at ✽.user clicks on left menu item &quot;Furniture&quot;(file:///D:/Downloads/SelAssessment/Features/LeftMenu.feature:11)
</pre></div></td>
<td>11</td>
<td>TestRunner.TestRunner@4ec4f3a0</td></tr>
</table><p>
<table width='100%' border='1' class='invocation-passed'>
<tr><td colspan='4' align='center'><b>PASSED TESTS</b></td></tr>
<tr><td><b>Test method</b></td>
<td><b>Attribute(s)</b></td>
<td width="30%"><b>Exception</b></td>
<td width="10%"><b>Time (seconds)</b></td>
<td><b>Instance</b></td>
</tr>
<tr>
<td title='TestRunner.TestRunner.runScenario()'><b>runScenario</b><br>Test class: TestRunner.TestRunner<br>Test method: Runs Cucumber Scenarios<br>Parameters: "Validate menu item", "Menu Functionality"</td>
<td></td>
<td>1</td>
<td>TestRunner.TestRunner@4ec4f3a0</td></tr>
<tr>
<td title='TestRunner.TestRunner.runScenario()'><b>runScenario</b><br>Test class: TestRunner.TestRunner<br>Test method: Runs Cucumber Scenarios<br>Parameters: "Validate menu item", "Menu Functionality"</td>
<td></td>
<td>3</td>
<td>TestRunner.TestRunner@4ec4f3a0</td></tr>
<tr>
<td title='TestRunner.TestRunner.runScenario()'><b>runScenario</b><br>Test class: TestRunner.TestRunner<br>Test method: Runs Cucumber Scenarios<br>Parameters: "Validate menu item", "Left Menu functionality"</td>
<td></td>
<td>1</td>
<td>TestRunner.TestRunner@4ec4f3a0</td></tr>
<tr>
<td title='TestRunner.TestRunner.runScenario()'><b>runScenario</b><br>Test class: TestRunner.TestRunner<br>Test method: Runs Cucumber Scenarios<br>Parameters: "Validate Products", "Menu Functionality"</td>
<td></td>
<td>1</td>
<td>TestRunner.TestRunner@4ec4f3a0</td></tr>
<tr>
<td title='TestRunner.TestRunner.runScenario()'><b>runScenario</b><br>Test class: TestRunner.TestRunner<br>Test method: Runs Cucumber Scenarios<br>Parameters: "Wishlist", "Wishlist"</td>
<td></td>
<td>17</td>
<td>TestRunner.TestRunner@4ec4f3a0</td></tr>
<tr>
<td title='TestRunner.TestRunner.runScenario()'><b>runScenario</b><br>Test class: TestRunner.TestRunner<br>Test method: Runs Cucumber Scenarios<br>Parameters: "Validate menu item", "Menu Functionality"</td>
<td></td>
<td>7</td>
<td>TestRunner.TestRunner@4ec4f3a0</td></tr>
<tr>
<td title='TestRunner.TestRunner.runScenario()'><b>runScenario</b><br>Test class: TestRunner.TestRunner<br>Test method: Runs Cucumber Scenarios<br>Parameters: "Search for the Item", "Search for an Item"</td>
<td></td>
<td>8</td>
<td>TestRunner.TestRunner@4ec4f3a0</td></tr>
<tr>
<td title='TestRunner.TestRunner.runScenario()'><b>runScenario</b><br>Test class: TestRunner.TestRunner<br>Test method: Runs Cucumber Scenarios<br>Parameters: "Validate Products", "Menu Functionality"</td>
<td></td>
<td>1</td>
<td>TestRunner.TestRunner@4ec4f3a0</td></tr>
<tr>
<td title='TestRunner.TestRunner.runScenario()'><b>runScenario</b><br>Test class: TestRunner.TestRunner<br>Test method: Runs Cucumber Scenarios<br>Parameters: "Wishlist", "Wishlist"</td>
<td></td>
<td>20</td>
<td>TestRunner.TestRunner@4ec4f3a0</td></tr>
<tr>
<td title='TestRunner.TestRunner.runScenario()'><b>runScenario</b><br>Test class: TestRunner.TestRunner<br>Test method: Runs Cucumber Scenarios<br>Parameters: "Validate menu item", "Left Menu functionality"</td>
<td></td>
<td>1</td>
<td>TestRunner.TestRunner@4ec4f3a0</td></tr>
<tr>
<td title='TestRunner.TestRunner.runScenario()'><b>runScenario</b><br>Test class: TestRunner.TestRunner<br>Test method: Runs Cucumber Scenarios<br>Parameters: "Validate menu item", "Left Menu functionality"</td>
<td></td>
<td>1</td>
<td>TestRunner.TestRunner@4ec4f3a0</td></tr>
<tr>
<td title='TestRunner.TestRunner.runScenario()'><b>runScenario</b><br>Test class: TestRunner.TestRunner<br>Test method: Runs Cucumber Scenarios<br>Parameters: "Validate menu item", "Left Menu functionality"</td>
<td></td>
<td>2</td>
<td>TestRunner.TestRunner@4ec4f3a0</td></tr>
<tr>
<td title='TestRunner.TestRunner.runScenario()'><b>runScenario</b><br>Test class: TestRunner.TestRunner<br>Test method: Runs Cucumber Scenarios<br>Parameters: "Search for the Item", "Search for an Item"</td>
<td></td>
<td>6</td>
<td>TestRunner.TestRunner@4ec4f3a0</td></tr>
</table><p>
</body>
</html>