<?xml version="1.0" encoding="UTF-8"?>
<!-- Generated by org.testng.reporters.JUnitXMLReporter -->
<testsuite ignored="0" hostname="INSPIRONPC" failures="19" tests="32" name="Test" time="475.326" errors="0" timestamp="2023-05-01T05:52:51 IST">
  <testcase classname="io.cucumber.testng.AbstractTestNGCucumberTests" name="runScenario" time="16.305">
    <failure type="java.lang.AssertionError" message="items move to cart failed">
      <![CDATA[java.lang.AssertionError: items move to cart failed
at StepDefinitions.Cart.user_clicks_on_move_to_cart(Cart.java:47)
at ✽.user clicks on move to cart(file:///D:/Downloads/SelAssessment/Features/Cart.feature:18)
... Removed 1 stack frames]]>
    </failure>
  </testcase> <!-- runScenario -->
  <testcase classname="io.cucumber.testng.AbstractTestNGCucumberTests" name="runScenario" time="17.189">
    <failure type="java.lang.AssertionError" message="items move to cart failed">
      <![CDATA[java.lang.AssertionError: items move to cart failed
at StepDefinitions.Cart.user_clicks_on_move_to_cart(Cart.java:47)
at ✽.user clicks on move to cart(file:///D:/Downloads/SelAssessment/Features/Cart.feature:18)
... Removed 1 stack frames]]>
    </failure>
  </testcase> <!-- runScenario -->
  <testcase classname="io.cucumber.testng.AbstractTestNGCucumberTests" name="runScenario" time="43.599">
    <failure type="java.lang.AssertionError" message="Exception in adding to wishlist">
      <![CDATA[java.lang.AssertionError: Exception in adding to wishlist
at StepDefinitions.Wishlist.user_will_add_to_wishlist(Wishlist.java:41)
at ✽.user will add to wishlist(file:///D:/Downloads/SelAssessment/Features/Cart.feature:13)
... Removed 1 stack frames]]>
    </failure>
  </testcase> <!-- runScenario -->
  <testcase classname="io.cucumber.testng.AbstractTestNGCucumberTests" name="runScenario" time="7.228"/>
  <testcase classname="io.cucumber.testng.AbstractTestNGCucumberTests" name="runScenario" time="3.273"/>
  <testcase classname="io.cucumber.testng.AbstractTestNGCucumberTests" name="runScenario" time="1.1">
    <failure type="java.lang.AssertionError" message="Exception in Validating Items">
      <![CDATA[java.lang.AssertionError: Exception in Validating Items
at StepDefinitions.HeaderMenu.user_should_be_able_to_navigate_to_the_item_page(HeaderMenu.java:49)
at ✽.user should be able to navigate to the item page(file:///D:/Downloads/SelAssessment/Features/HeaderMenu.feature:11)
... Removed 1 stack frames]]>
    </failure>
  </testcase> <!-- runScenario -->
  <testcase classname="io.cucumber.testng.AbstractTestNGCucumberTests" name="runScenario" time="1.115"/>
  <testcase classname="io.cucumber.testng.AbstractTestNGCucumberTests" name="runScenario" time="10.508">
    <failure type="java.lang.AssertionError" message="Header Category not selected">
      <![CDATA[java.lang.AssertionError: Header Category not selected
at StepDefinitions.HeaderMenu.user_clicks_on_menu_bar_item(HeaderMenu.java:34)
at ✽.user clicks on menu bar item "invalid"(file:///D:/Downloads/SelAssessment/Features/HeaderMenu.feature:10)
... Removed 1 stack frames]]>
    </failure>
  </testcase> <!-- runScenario -->
  <testcase classname="io.cucumber.testng.AbstractTestNGCucumberTests" name="runScenario" time="1.777"/>
  <testcase classname="io.cucumber.testng.AbstractTestNGCucumberTests" name="runScenario" time="1.235"/>
  <testcase classname="io.cucumber.testng.AbstractTestNGCucumberTests" name="runScenario" time="2.005">
    <failure type="java.lang.AssertionError" message="The product camera with 3D pixels given does not exist in category Kids Wear">
      <![CDATA[java.lang.AssertionError: The product camera with 3D pixels given does not exist in category Kids Wear
at StepDefinitions.HeaderMenu.validate_the_product_present_with_and_and(HeaderMenu.java:76)
at ✽.validate the product present with "camera with 3D pixels" and "$990.00" and "2569"(file:///D:/Downloads/SelAssessment/Features/HeaderMenu.feature:26)
... Removed 1 stack frames]]>
    </failure>
  </testcase> <!-- runScenario -->
  <testcase classname="io.cucumber.testng.AbstractTestNGCucumberTests" name="runScenario" time="2.722"/>
  <testcase classname="io.cucumber.testng.AbstractTestNGCucumberTests" name="runScenario" time="1.693"/>
  <testcase classname="io.cucumber.testng.AbstractTestNGCucumberTests" name="runScenario" time="11.398">
    <failure type="java.lang.AssertionError" message="Left menu category not selected">
      <![CDATA[java.lang.AssertionError: Left menu category not selected
at StepDefinitions.LeftMenu.user_clicks_on_left_menu_item(LeftMenu.java:36)
at ✽.user clicks on left menu item "Furniture"(file:///D:/Downloads/SelAssessment/Features/LeftMenu.feature:11)
... Removed 1 stack frames]]>
    </failure>
  </testcase> <!-- runScenario -->
  <testcase classname="io.cucumber.testng.AbstractTestNGCucumberTests" name="runScenario" time="1.91"/>
  <testcase classname="io.cucumber.testng.AbstractTestNGCucumberTests" name="runScenario" time="1.84"/>
  <testcase classname="io.cucumber.testng.AbstractTestNGCucumberTests" name="runScenario" time="11.487">
    <failure type="java.lang.AssertionError" message="Left menu category not selected">
      <![CDATA[java.lang.AssertionError: Left menu category not selected
at StepDefinitions.LeftMenu.user_clicks_on_left_menu_item(LeftMenu.java:36)
at ✽.user clicks on left menu item "invalid"(file:///D:/Downloads/SelAssessment/Features/LeftMenu.feature:11)
... Removed 1 stack frames]]>
    </failure>
  </testcase> <!-- runScenario -->
  <testcase classname="io.cucumber.testng.AbstractTestNGCucumberTests" name="runScenario" time="24.014">
    <failure type="java.lang.AssertionError" message="items move to cart failed">
      <![CDATA[java.lang.AssertionError: items move to cart failed
at StepDefinitions.Cart.user_clicks_on_move_to_cart(Cart.java:47)
at ✽.user clicks on move to cart(file:///D:/Downloads/SelAssessment/Features/Order.feature:19)
... Removed 1 stack frames]]>
    </failure>
  </testcase> <!-- runScenario -->
  <testcase classname="io.cucumber.testng.AbstractTestNGCucumberTests" name="runScenario" time="17.789">
    <failure type="java.lang.AssertionError" message="items move to cart failed">
      <![CDATA[java.lang.AssertionError: items move to cart failed
at StepDefinitions.Cart.user_clicks_on_move_to_cart(Cart.java:47)
at ✽.user clicks on move to cart(file:///D:/Downloads/SelAssessment/Features/Order.feature:19)
... Removed 1 stack frames]]>
    </failure>
  </testcase> <!-- runScenario -->
  <testcase classname="io.cucumber.testng.AbstractTestNGCucumberTests" name="runScenario" time="17.874">
    <failure type="java.lang.AssertionError" message="items move to cart failed">
      <![CDATA[java.lang.AssertionError: items move to cart failed
at StepDefinitions.Cart.user_clicks_on_move_to_cart(Cart.java:47)
at ✽.user clicks on move to cart(file:///D:/Downloads/SelAssessment/Features/Order.feature:19)
... Removed 1 stack frames]]>
    </failure>
  </testcase> <!-- runScenario -->
  <testcase classname="io.cucumber.testng.AbstractTestNGCucumberTests" name="runScenario" time="41.758">
    <failure type="java.lang.AssertionError" message="Exception in adding to wishlist">
      <![CDATA[java.lang.AssertionError: Exception in adding to wishlist
at StepDefinitions.Wishlist.user_will_add_to_wishlist(Wishlist.java:41)
at ✽.user will add to wishlist(file:///D:/Downloads/SelAssessment/Features/Order.feature:14)
... Removed 1 stack frames]]>
    </failure>
  </testcase> <!-- runScenario -->
  <testcase classname="io.cucumber.testng.AbstractTestNGCucumberTests" name="runScenario" time="6.797">
    <failure type="java.lang.AssertionError" message="The search items retrieved do not match for the item : sony">
      <![CDATA[java.lang.AssertionError: The search items retrieved do not match for the item : sony
at StepDefinitions.Search.user_should_be_able_to_view_the_items(Search.java:81)
at ✽.user should be able to view the items "sony"(file:///D:/Downloads/SelAssessment/Features/Search.feature:14)
... Removed 1 stack frames]]>
    </failure>
  </testcase> <!-- runScenario -->
  <testcase classname="io.cucumber.testng.AbstractTestNGCucumberTests" name="runScenario" time="6.951"/>
  <testcase classname="io.cucumber.testng.AbstractTestNGCucumberTests" name="runScenario" time="8.039"/>
  <testcase classname="io.cucumber.testng.AbstractTestNGCucumberTests" name="runScenario" time="14.954">
    <failure type="java.lang.AssertionError" message="category could not be selected properly">
      <![CDATA[java.lang.AssertionError: category could not be selected properly
at StepDefinitions.Search.user_selects_category_as(Search.java:32)
at ✽.user selects category as "invalid"(file:///D:/Downloads/SelAssessment/Features/Search.feature:11)
... Removed 1 stack frames]]>
    </failure>
  </testcase> <!-- runScenario -->
  <testcase classname="io.cucumber.testng.AbstractTestNGCucumberTests" name="runScenario" time="16.771">
    <failure type="java.lang.AssertionError" message="The search items retrieved do not match for the item : invalid">
      <![CDATA[java.lang.AssertionError: The search items retrieved do not match for the item : invalid
at StepDefinitions.Search.user_should_be_able_to_view_the_items(Search.java:81)
at ✽.user should be able to view the items "invalid"(file:///D:/Downloads/SelAssessment/Features/Search.feature:14)
... Removed 1 stack frames]]>
    </failure>
  </testcase> <!-- runScenario -->
  <testcase classname="io.cucumber.testng.AbstractTestNGCucumberTests" name="runScenario" time="16.955">
    <failure type="java.lang.AssertionError" message="The search items retrieved do not match for the item : ">
      <![CDATA[java.lang.AssertionError: The search items retrieved do not match for the item : 
at StepDefinitions.Search.user_should_be_able_to_view_the_items(Search.java:81)
at ✽.user should be able to view the items ""(file:///D:/Downloads/SelAssessment/Features/Search.feature:14)
... Removed 1 stack frames]]>
    </failure>
  </testcase> <!-- runScenario -->
  <testcase classname="io.cucumber.testng.AbstractTestNGCucumberTests" name="runScenario" time="20.648"/>
  <testcase classname="io.cucumber.testng.AbstractTestNGCucumberTests" name="runScenario" time="17.499"/>
  <testcase classname="io.cucumber.testng.AbstractTestNGCucumberTests" name="runScenario" time="29.485">
    <failure type="java.lang.AssertionError" message="Exception in adding to wishlist">
      <![CDATA[java.lang.AssertionError: Exception in adding to wishlist
at StepDefinitions.Wishlist.user_will_add_to_wishlist(Wishlist.java:41)
at ✽.user will add to wishlist(file:///D:/Downloads/SelAssessment/Features/Wishlisht.feature:13)
... Removed 1 stack frames]]>
    </failure>
  </testcase> <!-- runScenario -->
  <testcase classname="io.cucumber.testng.AbstractTestNGCucumberTests" name="runScenario" time="29.344">
    <failure type="java.lang.AssertionError" message="Exception in adding to wishlist">
      <![CDATA[java.lang.AssertionError: Exception in adding to wishlist
at StepDefinitions.Wishlist.user_will_add_to_wishlist(Wishlist.java:41)
at ✽.user will add to wishlist(file:///D:/Downloads/SelAssessment/Features/Wishlisht.feature:13)
... Removed 1 stack frames]]>
    </failure>
  </testcase> <!-- runScenario -->
  <testcase classname="io.cucumber.testng.AbstractTestNGCucumberTests" name="runScenario" time="23.438">
    <failure type="java.lang.AssertionError" message="Exception in adding to wishlist">
      <![CDATA[java.lang.AssertionError: Exception in adding to wishlist
at StepDefinitions.Wishlist.user_will_add_to_wishlist(Wishlist.java:41)
at ✽.user will add to wishlist(file:///D:/Downloads/SelAssessment/Features/Wishlisht.feature:16)
... Removed 1 stack frames]]>
    </failure>
  </testcase> <!-- runScenario -->
</testsuite> <!-- Test -->
