<!DOCTYPE html PUBLIC "-//W3C//DTD XHTML 1.1//EN" "https://www.w3.org/TR/xhtml11/DTD/xhtml11.dtd">
<html xmlns="https://www.w3.org/1999/xhtml">
<head>
<meta http-equiv="content-type" content="text/html; charset=UTF-8"/>
<title>TestNG Report</title>
<style type="text/css">table {margin-bottom:10px;border-collapse:collapse;empty-cells:show}th,td {border:1px solid #009;padding:.25em .5em}th {vertical-align:bottom}td {vertical-align:top}table a {font-weight:bold}.stripe td {background-color: #E6EBF9}.num {text-align:right}.passedodd td {background-color: #3F3}.passedeven td {background-color: #0A0}.skippedodd td {background-color: #DDD}.skippedeven td {background-color: #CCC}.failedodd td,.attn {background-color: #F33}.failedeven td,.stripe .attn {background-color: #D00}.stacktrace {white-space:pre;font-family:monospace}.totop {font-size:85%;text-align:center;border-bottom:2px solid #000}.invisible {display:none}</style>
</head>
<body>
<table>
<tr><th>Test</th><th># Passed</th><th># Skipped</th><th># Retried</th><th># Failed</th><th>Time (ms)</th><th>Included Groups</th><th>Excluded Groups</th></tr>
<tr><th colspan="8">Suite</th></tr>
<tr><td><a href="#t0">Test</a></td><td class="num">13</td><td class="num">0</td><td class="num">0</td><td class="num attn">19</td><td class="num">475,326</td><td></td><td></td></tr>
</table>
<table id='summary'><thead><tr><th>Class</th><th>Method</th><th>Start</th><th>Time (ms)</th></tr></thead><tbody><tr><th colspan="4">Suite</th></tr></tbody><tbody id="t0"><tr><th colspan="4">Test &#8212; failed</th></tr><tr class="failedeven"><td rowspan="19">TestRunner.TestRunner</td><td><a href="#m0">runScenario</a></td><td rowspan="19">1682900416931</td><td rowspan="19">16771</td></tr><tr class="failedeven"><td><a href="#m1">runScenario</a></td></tr><tr class="failedeven"><td><a href="#m2">runScenario</a></td></tr><tr class="failedeven"><td><a href="#m3">runScenario</a></td></tr><tr class="failedeven"><td><a href="#m4">runScenario</a></td></tr><tr class="failedeven"><td><a href="#m5">runScenario</a></td></tr><tr class="failedeven"><td><a href="#m6">runScenario</a></td></tr><tr class="failedeven"><td><a href="#m7">runScenario</a></td></tr><tr class="failedeven"><td><a href="#m8">runScenario</a></td></tr><tr class="failedeven"><td><a href="#m9">runScenario</a></td></tr><tr class="failedeven"><td><a href="#m10">runScenario</a></td></tr><tr class="failedeven"><td><a href="#m11">runScenario</a></td></tr><tr class="failedeven"><td><a href="#m12">runScenario</a></td></tr><tr class="failedeven"><td><a href="#m13">runScenario</a></td></tr><tr class="failedeven"><td><a href="#m14">runScenario</a></td></tr><tr class="failedeven"><td><a href="#m15">runScenario</a></td></tr><tr class="failedeven"><td><a href="#m16">runScenario</a></td></tr><tr class="failedeven"><td><a href="#m17">runScenario</a></td></tr><tr class="failedeven"><td><a href="#m18">runScenario</a></td></tr><tr><th colspan="4">Test &#8212; passed</th></tr><tr class="passedeven"><td rowspan="13">TestRunner.TestRunner</td><td><a href="#m19">runScenario</a></td><td rowspan="13">1682900231016</td><td rowspan="13">1115</td></tr><tr class="passedeven"><td><a href="#m20">runScenario</a></td></tr><tr class="passedeven"><td><a href="#m21">runScenario</a></td></tr><tr class="passedeven"><td><a href="#m22">runScenario</a></td></tr><tr class="passedeven"><td><a href="#m23">runScenario</a></td></tr><tr class="passedeven"><td><a href="#m24">runScenario</a></td></tr><tr class="passedeven"><td><a href="#m25">runScenario</a></td></tr><tr class="passedeven"><td><a href="#m26">runScenario</a></td></tr><tr class="passedeven"><td><a href="#m27">runScenario</a></td></tr><tr class="passedeven"><td><a href="#m28">runScenario</a></td></tr><tr class="passedeven"><td><a href="#m29">runScenario</a></td></tr><tr class="passedeven"><td><a href="#m30">runScenario</a></td></tr><tr class="passedeven"><td><a href="#m31">runScenario</a></td></tr></tbody>
</table>
<h2>Test</h2><h3 id="m0">TestRunner.TestRunner#runScenario</h3><table class="result"><tr class="param"><th>Parameter #1</th><th>Parameter #2</th></tr><tr class="param stripe"><td>&quot;Search for the Item&quot;</td><td>&quot;Search for an Item&quot;</td></tr><tr><th colspan="2">Exception</th></tr><tr><td colspan="2"><div class="stacktrace">java.lang.AssertionError: The search items retrieved do not match for the item : invalid
	at StepDefinitions.Search.user_should_be_able_to_view_the_items(Search.java:81)
	at ✽.user should be able to view the items &quot;invalid&quot;(file:///D:/Downloads/SelAssessment/Features/Search.feature:14)
... Removed 1 stack frames</div></td></tr></table><p class="totop"><a href="#summary">back to summary</a></p>
<h3 id="m1">TestRunner.TestRunner#runScenario</h3><table class="result"><tr class="param"><th>Parameter #1</th><th>Parameter #2</th></tr><tr class="param stripe"><td>&quot;Cart&quot;</td><td>&quot;Cart feature&quot;</td></tr><tr><th colspan="2">Exception</th></tr><tr><td colspan="2"><div class="stacktrace">java.lang.AssertionError: items move to cart failed
	at StepDefinitions.Cart.user_clicks_on_move_to_cart(Cart.java:47)
	at ✽.user clicks on move to cart(file:///D:/Downloads/SelAssessment/Features/Cart.feature:18)
... Removed 1 stack frames</div></td></tr></table><p class="totop"><a href="#summary">back to summary</a></p>
<h3 id="m2">TestRunner.TestRunner#runScenario</h3><table class="result"><tr class="param"><th>Parameter #1</th><th>Parameter #2</th></tr><tr class="param stripe"><td>&quot;Cart&quot;</td><td>&quot;Cart feature&quot;</td></tr><tr><th colspan="2">Exception</th></tr><tr><td colspan="2"><div class="stacktrace">java.lang.AssertionError: items move to cart failed
	at StepDefinitions.Cart.user_clicks_on_move_to_cart(Cart.java:47)
	at ✽.user clicks on move to cart(file:///D:/Downloads/SelAssessment/Features/Cart.feature:18)
... Removed 1 stack frames</div></td></tr></table><p class="totop"><a href="#summary">back to summary</a></p>
<h3 id="m3">TestRunner.TestRunner#runScenario</h3><table class="result"><tr class="param"><th>Parameter #1</th><th>Parameter #2</th></tr><tr class="param stripe"><td>&quot;Order&quot;</td><td>&quot;Order&quot;</td></tr><tr><th colspan="2">Exception</th></tr><tr><td colspan="2"><div class="stacktrace">java.lang.AssertionError: items move to cart failed
	at StepDefinitions.Cart.user_clicks_on_move_to_cart(Cart.java:47)
	at ✽.user clicks on move to cart(file:///D:/Downloads/SelAssessment/Features/Order.feature:19)
... Removed 1 stack frames</div></td></tr></table><p class="totop"><a href="#summary">back to summary</a></p>
<h3 id="m4">TestRunner.TestRunner#runScenario</h3><table class="result"><tr class="param"><th>Parameter #1</th><th>Parameter #2</th></tr><tr class="param stripe"><td>&quot;Order&quot;</td><td>&quot;Order&quot;</td></tr><tr><th colspan="2">Exception</th></tr><tr><td colspan="2"><div class="stacktrace">java.lang.AssertionError: items move to cart failed
	at StepDefinitions.Cart.user_clicks_on_move_to_cart(Cart.java:47)
	at ✽.user clicks on move to cart(file:///D:/Downloads/SelAssessment/Features/Order.feature:19)
... Removed 1 stack frames</div></td></tr></table><p class="totop"><a href="#summary">back to summary</a></p>
<h3 id="m5">TestRunner.TestRunner#runScenario</h3><table class="result"><tr class="param"><th>Parameter #1</th><th>Parameter #2</th></tr><tr class="param stripe"><td>&quot;Cart&quot;</td><td>&quot;Cart feature&quot;</td></tr><tr><th colspan="2">Exception</th></tr><tr><td colspan="2"><div class="stacktrace">java.lang.AssertionError: Exception in adding to wishlist
	at StepDefinitions.Wishlist.user_will_add_to_wishlist(Wishlist.java:41)
	at ✽.user will add to wishlist(file:///D:/Downloads/SelAssessment/Features/Cart.feature:13)
... Removed 1 stack frames</div></td></tr></table><p class="totop"><a href="#summary">back to summary</a></p>
<h3 id="m6">TestRunner.TestRunner#runScenario</h3><table class="result"><tr class="param"><th>Parameter #1</th><th>Parameter #2</th></tr><tr class="param stripe"><td>&quot;Validate menu item&quot;</td><td>&quot;Menu Functionality&quot;</td></tr><tr><th colspan="2">Exception</th></tr><tr><td colspan="2"><div class="stacktrace">java.lang.AssertionError: Exception in Validating Items
	at StepDefinitions.HeaderMenu.user_should_be_able_to_navigate_to_the_item_page(HeaderMenu.java:49)
	at ✽.user should be able to navigate to the item page(file:///D:/Downloads/SelAssessment/Features/HeaderMenu.feature:11)
... Removed 1 stack frames</div></td></tr></table><p class="totop"><a href="#summary">back to summary</a></p>
<h3 id="m7">TestRunner.TestRunner#runScenario</h3><table class="result"><tr class="param"><th>Parameter #1</th><th>Parameter #2</th></tr><tr class="param stripe"><td>&quot;Search for the Item&quot;</td><td>&quot;Search for an Item&quot;</td></tr><tr><th colspan="2">Exception</th></tr><tr><td colspan="2"><div class="stacktrace">java.lang.AssertionError: category could not be selected properly
	at StepDefinitions.Search.user_selects_category_as(Search.java:32)
	at ✽.user selects category as &quot;invalid&quot;(file:///D:/Downloads/SelAssessment/Features/Search.feature:11)
... Removed 1 stack frames</div></td></tr></table><p class="totop"><a href="#summary">back to summary</a></p>
<h3 id="m8">TestRunner.TestRunner#runScenario</h3><table class="result"><tr class="param"><th>Parameter #1</th><th>Parameter #2</th></tr><tr class="param stripe"><td>&quot;Wishlist&quot;</td><td>&quot;Wishlist&quot;</td></tr><tr><th colspan="2">Exception</th></tr><tr><td colspan="2"><div class="stacktrace">java.lang.AssertionError: Exception in adding to wishlist
	at StepDefinitions.Wishlist.user_will_add_to_wishlist(Wishlist.java:41)
	at ✽.user will add to wishlist(file:///D:/Downloads/SelAssessment/Features/Wishlisht.feature:16)
... Removed 1 stack frames</div></td></tr></table><p class="totop"><a href="#summary">back to summary</a></p>
<h3 id="m9">TestRunner.TestRunner#runScenario</h3><table class="result"><tr class="param"><th>Parameter #1</th><th>Parameter #2</th></tr><tr class="param stripe"><td>&quot;Validate menu item&quot;</td><td>&quot;Left Menu functionality&quot;</td></tr><tr><th colspan="2">Exception</th></tr><tr><td colspan="2"><div class="stacktrace">java.lang.AssertionError: Left menu category not selected
	at StepDefinitions.LeftMenu.user_clicks_on_left_menu_item(LeftMenu.java:36)
	at ✽.user clicks on left menu item &quot;invalid&quot;(file:///D:/Downloads/SelAssessment/Features/LeftMenu.feature:11)
... Removed 1 stack frames</div></td></tr></table><p class="totop"><a href="#summary">back to summary</a></p>
<h3 id="m10">TestRunner.TestRunner#runScenario</h3><table class="result"><tr class="param"><th>Parameter #1</th><th>Parameter #2</th></tr><tr class="param stripe"><td>&quot;Search for the Item&quot;</td><td>&quot;Search for an Item&quot;</td></tr><tr><th colspan="2">Exception</th></tr><tr><td colspan="2"><div class="stacktrace">java.lang.AssertionError: The search items retrieved do not match for the item : sony
	at StepDefinitions.Search.user_should_be_able_to_view_the_items(Search.java:81)
	at ✽.user should be able to view the items &quot;sony&quot;(file:///D:/Downloads/SelAssessment/Features/Search.feature:14)
... Removed 1 stack frames</div></td></tr></table><p class="totop"><a href="#summary">back to summary</a></p>
<h3 id="m11">TestRunner.TestRunner#runScenario</h3><table class="result"><tr class="param"><th>Parameter #1</th><th>Parameter #2</th></tr><tr class="param stripe"><td>&quot;Wishlist&quot;</td><td>&quot;Wishlist&quot;</td></tr><tr><th colspan="2">Exception</th></tr><tr><td colspan="2"><div class="stacktrace">java.lang.AssertionError: Exception in adding to wishlist
	at StepDefinitions.Wishlist.user_will_add_to_wishlist(Wishlist.java:41)
	at ✽.user will add to wishlist(file:///D:/Downloads/SelAssessment/Features/Wishlisht.feature:13)
... Removed 1 stack frames</div></td></tr></table><p class="totop"><a href="#summary">back to summary</a></p>
<h3 id="m12">TestRunner.TestRunner#runScenario</h3><table class="result"><tr class="param"><th>Parameter #1</th><th>Parameter #2</th></tr><tr class="param stripe"><td>&quot;Validate menu item&quot;</td><td>&quot;Menu Functionality&quot;</td></tr><tr><th colspan="2">Exception</th></tr><tr><td colspan="2"><div class="stacktrace">java.lang.AssertionError: Header Category not selected
	at StepDefinitions.HeaderMenu.user_clicks_on_menu_bar_item(HeaderMenu.java:34)
	at ✽.user clicks on menu bar item &quot;invalid&quot;(file:///D:/Downloads/SelAssessment/Features/HeaderMenu.feature:10)
... Removed 1 stack frames</div></td></tr></table><p class="totop"><a href="#summary">back to summary</a></p>
<h3 id="m13">TestRunner.TestRunner#runScenario</h3><table class="result"><tr class="param"><th>Parameter #1</th><th>Parameter #2</th></tr><tr class="param stripe"><td>&quot;Order&quot;</td><td>&quot;Order&quot;</td></tr><tr><th colspan="2">Exception</th></tr><tr><td colspan="2"><div class="stacktrace">java.lang.AssertionError: Exception in adding to wishlist
	at StepDefinitions.Wishlist.user_will_add_to_wishlist(Wishlist.java:41)
	at ✽.user will add to wishlist(file:///D:/Downloads/SelAssessment/Features/Order.feature:14)
... Removed 1 stack frames</div></td></tr></table><p class="totop"><a href="#summary">back to summary</a></p>
<h3 id="m14">TestRunner.TestRunner#runScenario</h3><table class="result"><tr class="param"><th>Parameter #1</th><th>Parameter #2</th></tr><tr class="param stripe"><td>&quot;Search for the Item&quot;</td><td>&quot;Search for an Item&quot;</td></tr><tr><th colspan="2">Exception</th></tr><tr><td colspan="2"><div class="stacktrace">java.lang.AssertionError: The search items retrieved do not match for the item : 
	at StepDefinitions.Search.user_should_be_able_to_view_the_items(Search.java:81)
	at ✽.user should be able to view the items &quot;&quot;(file:///D:/Downloads/SelAssessment/Features/Search.feature:14)
... Removed 1 stack frames</div></td></tr></table><p class="totop"><a href="#summary">back to summary</a></p>
<h3 id="m15">TestRunner.TestRunner#runScenario</h3><table class="result"><tr class="param"><th>Parameter #1</th><th>Parameter #2</th></tr><tr class="param stripe"><td>&quot;Wishlist&quot;</td><td>&quot;Wishlist&quot;</td></tr><tr><th colspan="2">Exception</th></tr><tr><td colspan="2"><div class="stacktrace">java.lang.AssertionError: Exception in adding to wishlist
	at StepDefinitions.Wishlist.user_will_add_to_wishlist(Wishlist.java:41)
	at ✽.user will add to wishlist(file:///D:/Downloads/SelAssessment/Features/Wishlisht.feature:13)
... Removed 1 stack frames</div></td></tr></table><p class="totop"><a href="#summary">back to summary</a></p>
<h3 id="m16">TestRunner.TestRunner#runScenario</h3><table class="result"><tr class="param"><th>Parameter #1</th><th>Parameter #2</th></tr><tr class="param stripe"><td>&quot;Validate Products&quot;</td><td>&quot;Menu Functionality&quot;</td></tr><tr><th colspan="2">Exception</th></tr><tr><td colspan="2"><div class="stacktrace">java.lang.AssertionError: The product camera with 3D pixels given does not exist in category Kids Wear
	at StepDefinitions.HeaderMenu.validate_the_product_present_with_and_and(HeaderMenu.java:76)
	at ✽.validate the product present with &quot;camera with 3D pixels&quot; and &quot;$990.00&quot; and &quot;2569&quot;(file:///D:/Downloads/SelAssessment/Features/HeaderMenu.feature:26)
... Removed 1 stack frames</div></td></tr></table><p class="totop"><a href="#summary">back to summary</a></p>
<h3 id="m17">TestRunner.TestRunner#runScenario</h3><table class="result"><tr class="param"><th>Parameter #1</th><th>Parameter #2</th></tr><tr class="param stripe"><td>&quot;Order&quot;</td><td>&quot;Order&quot;</td></tr><tr><th colspan="2">Exception</th></tr><tr><td colspan="2"><div class="stacktrace">java.lang.AssertionError: items move to cart failed
	at StepDefinitions.Cart.user_clicks_on_move_to_cart(Cart.java:47)
	at ✽.user clicks on move to cart(file:///D:/Downloads/SelAssessment/Features/Order.feature:19)
... Removed 1 stack frames</div></td></tr></table><p class="totop"><a href="#summary">back to summary</a></p>
<h3 id="m18">TestRunner.TestRunner#runScenario</h3><table class="result"><tr class="param"><th>Parameter #1</th><th>Parameter #2</th></tr><tr class="param stripe"><td>&quot;Validate menu item&quot;</td><td>&quot;Left Menu functionality&quot;</td></tr><tr><th colspan="2">Exception</th></tr><tr><td colspan="2"><div class="stacktrace">java.lang.AssertionError: Left menu category not selected
	at StepDefinitions.LeftMenu.user_clicks_on_left_menu_item(LeftMenu.java:36)
	at ✽.user clicks on left menu item &quot;Furniture&quot;(file:///D:/Downloads/SelAssessment/Features/LeftMenu.feature:11)
... Removed 1 stack frames</div></td></tr></table><p class="totop"><a href="#summary">back to summary</a></p>
<h3 id="m19">TestRunner.TestRunner#runScenario</h3><table class="result"><tr class="param"><th>Parameter #1</th><th>Parameter #2</th></tr><tr class="param stripe"><td>&quot;Validate menu item&quot;</td><td>&quot;Menu Functionality&quot;</td></tr></table><p class="totop"><a href="#summary">back to summary</a></p>
<h3 id="m20">TestRunner.TestRunner#runScenario</h3><table class="result"><tr class="param"><th>Parameter #1</th><th>Parameter #2</th></tr><tr class="param stripe"><td>&quot;Validate menu item&quot;</td><td>&quot;Menu Functionality&quot;</td></tr></table><p class="totop"><a href="#summary">back to summary</a></p>
<h3 id="m21">TestRunner.TestRunner#runScenario</h3><table class="result"><tr class="param"><th>Parameter #1</th><th>Parameter #2</th></tr><tr class="param stripe"><td>&quot;Validate menu item&quot;</td><td>&quot;Left Menu functionality&quot;</td></tr></table><p class="totop"><a href="#summary">back to summary</a></p>
<h3 id="m22">TestRunner.TestRunner#runScenario</h3><table class="result"><tr class="param"><th>Parameter #1</th><th>Parameter #2</th></tr><tr class="param stripe"><td>&quot;Validate Products&quot;</td><td>&quot;Menu Functionality&quot;</td></tr></table><p class="totop"><a href="#summary">back to summary</a></p>
<h3 id="m23">TestRunner.TestRunner#runScenario</h3><table class="result"><tr class="param"><th>Parameter #1</th><th>Parameter #2</th></tr><tr class="param stripe"><td>&quot;Wishlist&quot;</td><td>&quot;Wishlist&quot;</td></tr></table><p class="totop"><a href="#summary">back to summary</a></p>
<h3 id="m24">TestRunner.TestRunner#runScenario</h3><table class="result"><tr class="param"><th>Parameter #1</th><th>Parameter #2</th></tr><tr class="param stripe"><td>&quot;Validate menu item&quot;</td><td>&quot;Menu Functionality&quot;</td></tr></table><p class="totop"><a href="#summary">back to summary</a></p>
<h3 id="m25">TestRunner.TestRunner#runScenario</h3><table class="result"><tr class="param"><th>Parameter #1</th><th>Parameter #2</th></tr><tr class="param stripe"><td>&quot;Search for the Item&quot;</td><td>&quot;Search for an Item&quot;</td></tr></table><p class="totop"><a href="#summary">back to summary</a></p>
<h3 id="m26">TestRunner.TestRunner#runScenario</h3><table class="result"><tr class="param"><th>Parameter #1</th><th>Parameter #2</th></tr><tr class="param stripe"><td>&quot;Validate Products&quot;</td><td>&quot;Menu Functionality&quot;</td></tr></table><p class="totop"><a href="#summary">back to summary</a></p>
<h3 id="m27">TestRunner.TestRunner#runScenario</h3><table class="result"><tr class="param"><th>Parameter #1</th><th>Parameter #2</th></tr><tr class="param stripe"><td>&quot;Wishlist&quot;</td><td>&quot;Wishlist&quot;</td></tr></table><p class="totop"><a href="#summary">back to summary</a></p>
<h3 id="m28">TestRunner.TestRunner#runScenario</h3><table class="result"><tr class="param"><th>Parameter #1</th><th>Parameter #2</th></tr><tr class="param stripe"><td>&quot;Validate menu item&quot;</td><td>&quot;Left Menu functionality&quot;</td></tr></table><p class="totop"><a href="#summary">back to summary</a></p>
<h3 id="m29">TestRunner.TestRunner#runScenario</h3><table class="result"><tr class="param"><th>Parameter #1</th><th>Parameter #2</th></tr><tr class="param stripe"><td>&quot;Validate menu item&quot;</td><td>&quot;Left Menu functionality&quot;</td></tr></table><p class="totop"><a href="#summary">back to summary</a></p>
<h3 id="m30">TestRunner.TestRunner#runScenario</h3><table class="result"><tr class="param"><th>Parameter #1</th><th>Parameter #2</th></tr><tr class="param stripe"><td>&quot;Validate menu item&quot;</td><td>&quot;Left Menu functionality&quot;</td></tr></table><p class="totop"><a href="#summary">back to summary</a></p>
<h3 id="m31">TestRunner.TestRunner#runScenario</h3><table class="result"><tr class="param"><th>Parameter #1</th><th>Parameter #2</th></tr><tr class="param stripe"><td>&quot;Search for the Item&quot;</td><td>&quot;Search for an Item&quot;</td></tr></table><p class="totop"><a href="#summary">back to summary</a></p>
</body>
</html>
