<?xml version="1.0" encoding="UTF-8"?>
<testng-results ignored="0" total="32" passed="13" failed="19" skipped="0">
  <reporter-output>
  </reporter-output>
  <suite started-at="2023-05-01T05:44:55 IST" name="Suite" finished-at="2023-05-01T05:52:51 IST" duration-ms="475326">
    <groups>
      <group name="cucumber">
        <method signature="AbstractTestNGCucumberTests.runScenario(io.cucumber.testng.PickleWrapper,io.cucumber.testng.FeatureWrapper)[pri:0, instance:TestRunner.TestRunner@4ec4f3a0]" name="runScenario" class="io.cucumber.testng.AbstractTestNGCucumberTests"/>
      </group> <!-- cucumber -->
    </groups>
    <test started-at="2023-05-01T05:44:55 IST" name="Test" finished-at="2023-05-01T05:52:51 IST" duration-ms="475326">
      <class name="TestRunner.TestRunner">
        <test-method is-config="true" signature="setUpClass(org.testng.ITestContext)[pri:0, instance:TestRunner.TestRunner@4ec4f3a0]" started-at="2023-05-01T05:44:56 IST" name="setUpClass" finished-at="2023-05-01T05:45:42 IST" duration-ms="45423" status="PASS">
          <params>
            <param index="0">
              <value>
                <![CDATA[org.testng.TestRunner@41948c13]]>
              </value>
            </param>
          </params>
          <reporter-output>
          </reporter-output>
        </test-method> <!-- setUpClass -->
        <test-method signature="runScenario(io.cucumber.testng.PickleWrapper,io.cucumber.testng.FeatureWrapper)[pri:0, instance:TestRunner.TestRunner@4ec4f3a0]" started-at="2023-05-01T05:45:42 IST" name="runScenario" description="Runs Cucumber Scenarios" data-provider="scenarios" finished-at="2023-05-01T05:45:58 IST" duration-ms="16305" status="FAIL">
          <params>
            <param index="0">
              <value>
                <![CDATA["Cart"]]>
              </value>
            </param>
            <param index="1">
              <value>
                <![CDATA["Cart feature"]]>
              </value>
            </param>
          </params>
          <exception class="java.lang.AssertionError">
            <message>
              <![CDATA[items move to cart failed]]>
            </message>
            <full-stacktrace>
              <![CDATA[java.lang.AssertionError: items move to cart failed
at org.testng.Assert.fail(Assert.java:110)
at StepDefinitions.Cart.user_clicks_on_move_to_cart(Cart.java:47)
at ✽.user clicks on move to cart(file:///D:/Downloads/SelAssessment/Features/Cart.feature:18)
]]>
            </full-stacktrace>
          </exception> <!-- java.lang.AssertionError -->
          <reporter-output>
          </reporter-output>
        </test-method> <!-- runScenario -->
        <test-method signature="runScenario(io.cucumber.testng.PickleWrapper,io.cucumber.testng.FeatureWrapper)[pri:0, instance:TestRunner.TestRunner@4ec4f3a0]" started-at="2023-05-01T05:45:58 IST" name="runScenario" description="Runs Cucumber Scenarios" data-provider="scenarios" finished-at="2023-05-01T05:46:15 IST" duration-ms="17189" status="FAIL">
          <params>
            <param index="0">
              <value>
                <![CDATA["Cart"]]>
              </value>
            </param>
            <param index="1">
              <value>
                <![CDATA["Cart feature"]]>
              </value>
            </param>
          </params>
          <exception class="java.lang.AssertionError">
            <message>
              <![CDATA[items move to cart failed]]>
            </message>
            <full-stacktrace>
              <![CDATA[java.lang.AssertionError: items move to cart failed
at org.testng.Assert.fail(Assert.java:110)
at StepDefinitions.Cart.user_clicks_on_move_to_cart(Cart.java:47)
at ✽.user clicks on move to cart(file:///D:/Downloads/SelAssessment/Features/Cart.feature:18)
]]>
            </full-stacktrace>
          </exception> <!-- java.lang.AssertionError -->
          <reporter-output>
          </reporter-output>
        </test-method> <!-- runScenario -->
        <test-method signature="runScenario(io.cucumber.testng.PickleWrapper,io.cucumber.testng.FeatureWrapper)[pri:0, instance:TestRunner.TestRunner@4ec4f3a0]" started-at="2023-05-01T05:46:15 IST" name="runScenario" description="Runs Cucumber Scenarios" data-provider="scenarios" finished-at="2023-05-01T05:46:59 IST" duration-ms="43599" status="FAIL">
          <params>
            <param index="0">
              <value>
                <![CDATA["Cart"]]>
              </value>
            </param>
            <param index="1">
              <value>
                <![CDATA["Cart feature"]]>
              </value>
            </param>
          </params>
          <exception class="java.lang.AssertionError">
            <message>
              <![CDATA[Exception in adding to wishlist]]>
            </message>
            <full-stacktrace>
              <![CDATA[java.lang.AssertionError: Exception in adding to wishlist
at org.testng.Assert.fail(Assert.java:110)
at StepDefinitions.Wishlist.user_will_add_to_wishlist(Wishlist.java:41)
at ✽.user will add to wishlist(file:///D:/Downloads/SelAssessment/Features/Cart.feature:13)
]]>
            </full-stacktrace>
          </exception> <!-- java.lang.AssertionError -->
          <reporter-output>
          </reporter-output>
        </test-method> <!-- runScenario -->
        <test-method signature="runScenario(io.cucumber.testng.PickleWrapper,io.cucumber.testng.FeatureWrapper)[pri:0, instance:TestRunner.TestRunner@4ec4f3a0]" started-at="2023-05-01T05:46:59 IST" name="runScenario" description="Runs Cucumber Scenarios" data-provider="scenarios" finished-at="2023-05-01T05:47:06 IST" duration-ms="7228" status="PASS">
          <params>
            <param index="0">
              <value>
                <![CDATA["Validate menu item"]]>
              </value>
            </param>
            <param index="1">
              <value>
                <![CDATA["Menu Functionality"]]>
              </value>
            </param>
          </params>
          <reporter-output>
          </reporter-output>
        </test-method> <!-- runScenario -->
        <test-method signature="runScenario(io.cucumber.testng.PickleWrapper,io.cucumber.testng.FeatureWrapper)[pri:0, instance:TestRunner.TestRunner@4ec4f3a0]" started-at="2023-05-01T05:47:06 IST" name="runScenario" description="Runs Cucumber Scenarios" data-provider="scenarios" finished-at="2023-05-01T05:47:09 IST" duration-ms="3273" status="PASS">
          <params>
            <param index="0">
              <value>
                <![CDATA["Validate menu item"]]>
              </value>
            </param>
            <param index="1">
              <value>
                <![CDATA["Menu Functionality"]]>
              </value>
            </param>
          </params>
          <reporter-output>
          </reporter-output>
        </test-method> <!-- runScenario -->
        <test-method signature="runScenario(io.cucumber.testng.PickleWrapper,io.cucumber.testng.FeatureWrapper)[pri:0, instance:TestRunner.TestRunner@4ec4f3a0]" started-at="2023-05-01T05:47:09 IST" name="runScenario" description="Runs Cucumber Scenarios" data-provider="scenarios" finished-at="2023-05-01T05:47:11 IST" duration-ms="1100" status="FAIL">
          <params>
            <param index="0">
              <value>
                <![CDATA["Validate menu item"]]>
              </value>
            </param>
            <param index="1">
              <value>
                <![CDATA["Menu Functionality"]]>
              </value>
            </param>
          </params>
          <exception class="java.lang.AssertionError">
            <message>
              <![CDATA[Exception in Validating Items]]>
            </message>
            <full-stacktrace>
              <![CDATA[java.lang.AssertionError: Exception in Validating Items
at org.testng.Assert.fail(Assert.java:110)
at StepDefinitions.HeaderMenu.user_should_be_able_to_navigate_to_the_item_page(HeaderMenu.java:49)
at ✽.user should be able to navigate to the item page(file:///D:/Downloads/SelAssessment/Features/HeaderMenu.feature:11)
]]>
            </full-stacktrace>
          </exception> <!-- java.lang.AssertionError -->
          <reporter-output>
          </reporter-output>
        </test-method> <!-- runScenario -->
        <test-method signature="runScenario(io.cucumber.testng.PickleWrapper,io.cucumber.testng.FeatureWrapper)[pri:0, instance:TestRunner.TestRunner@4ec4f3a0]" started-at="2023-05-01T05:47:11 IST" name="runScenario" description="Runs Cucumber Scenarios" data-provider="scenarios" finished-at="2023-05-01T05:47:12 IST" duration-ms="1115" status="PASS">
          <params>
            <param index="0">
              <value>
                <![CDATA["Validate menu item"]]>
              </value>
            </param>
            <param index="1">
              <value>
                <![CDATA["Menu Functionality"]]>
              </value>
            </param>
          </params>
          <reporter-output>
          </reporter-output>
        </test-method> <!-- runScenario -->
        <test-method signature="runScenario(io.cucumber.testng.PickleWrapper,io.cucumber.testng.FeatureWrapper)[pri:0, instance:TestRunner.TestRunner@4ec4f3a0]" started-at="2023-05-01T05:47:12 IST" name="runScenario" description="Runs Cucumber Scenarios" data-provider="scenarios" finished-at="2023-05-01T05:47:22 IST" duration-ms="10508" status="FAIL">
          <params>
            <param index="0">
              <value>
                <![CDATA["Validate menu item"]]>
              </value>
            </param>
            <param index="1">
              <value>
                <![CDATA["Menu Functionality"]]>
              </value>
            </param>
          </params>
          <exception class="java.lang.AssertionError">
            <message>
              <![CDATA[Header Category not selected]]>
            </message>
            <full-stacktrace>
              <![CDATA[java.lang.AssertionError: Header Category not selected
at org.testng.Assert.fail(Assert.java:110)
at StepDefinitions.HeaderMenu.user_clicks_on_menu_bar_item(HeaderMenu.java:34)
at ✽.user clicks on menu bar item "invalid"(file:///D:/Downloads/SelAssessment/Features/HeaderMenu.feature:10)
]]>
            </full-stacktrace>
          </exception> <!-- java.lang.AssertionError -->
          <reporter-output>
          </reporter-output>
        </test-method> <!-- runScenario -->
        <test-method signature="runScenario(io.cucumber.testng.PickleWrapper,io.cucumber.testng.FeatureWrapper)[pri:0, instance:TestRunner.TestRunner@4ec4f3a0]" started-at="2023-05-01T05:47:22 IST" name="runScenario" description="Runs Cucumber Scenarios" data-provider="scenarios" finished-at="2023-05-01T05:47:24 IST" duration-ms="1777" status="PASS">
          <params>
            <param index="0">
              <value>
                <![CDATA["Validate Products"]]>
              </value>
            </param>
            <param index="1">
              <value>
                <![CDATA["Menu Functionality"]]>
              </value>
            </param>
          </params>
          <reporter-output>
          </reporter-output>
        </test-method> <!-- runScenario -->
        <test-method signature="runScenario(io.cucumber.testng.PickleWrapper,io.cucumber.testng.FeatureWrapper)[pri:0, instance:TestRunner.TestRunner@4ec4f3a0]" started-at="2023-05-01T05:47:24 IST" name="runScenario" description="Runs Cucumber Scenarios" data-provider="scenarios" finished-at="2023-05-01T05:47:25 IST" duration-ms="1235" status="PASS">
          <params>
            <param index="0">
              <value>
                <![CDATA["Validate Products"]]>
              </value>
            </param>
            <param index="1">
              <value>
                <![CDATA["Menu Functionality"]]>
              </value>
            </param>
          </params>
          <reporter-output>
          </reporter-output>
        </test-method> <!-- runScenario -->
        <test-method signature="runScenario(io.cucumber.testng.PickleWrapper,io.cucumber.testng.FeatureWrapper)[pri:0, instance:TestRunner.TestRunner@4ec4f3a0]" started-at="2023-05-01T05:47:25 IST" name="runScenario" description="Runs Cucumber Scenarios" data-provider="scenarios" finished-at="2023-05-01T05:47:27 IST" duration-ms="2005" status="FAIL">
          <params>
            <param index="0">
              <value>
                <![CDATA["Validate Products"]]>
              </value>
            </param>
            <param index="1">
              <value>
                <![CDATA["Menu Functionality"]]>
              </value>
            </param>
          </params>
          <exception class="java.lang.AssertionError">
            <message>
              <![CDATA[The product camera with 3D pixels given does not exist in category Kids Wear]]>
            </message>
            <full-stacktrace>
              <![CDATA[java.lang.AssertionError: The product camera with 3D pixels given does not exist in category Kids Wear
at org.testng.Assert.fail(Assert.java:110)
at StepDefinitions.HeaderMenu.validate_the_product_present_with_and_and(HeaderMenu.java:76)
at ✽.validate the product present with "camera with 3D pixels" and "$990.00" and "2569"(file:///D:/Downloads/SelAssessment/Features/HeaderMenu.feature:26)
]]>
            </full-stacktrace>
          </exception> <!-- java.lang.AssertionError -->
          <reporter-output>
          </reporter-output>
        </test-method> <!-- runScenario -->
        <test-method signature="runScenario(io.cucumber.testng.PickleWrapper,io.cucumber.testng.FeatureWrapper)[pri:0, instance:TestRunner.TestRunner@4ec4f3a0]" started-at="2023-05-01T05:47:27 IST" name="runScenario" description="Runs Cucumber Scenarios" data-provider="scenarios" finished-at="2023-05-01T05:47:30 IST" duration-ms="2722" status="PASS">
          <params>
            <param index="0">
              <value>
                <![CDATA["Validate menu item"]]>
              </value>
            </param>
            <param index="1">
              <value>
                <![CDATA["Left Menu functionality"]]>
              </value>
            </param>
          </params>
          <reporter-output>
          </reporter-output>
        </test-method> <!-- runScenario -->
        <test-method signature="runScenario(io.cucumber.testng.PickleWrapper,io.cucumber.testng.FeatureWrapper)[pri:0, instance:TestRunner.TestRunner@4ec4f3a0]" started-at="2023-05-01T05:47:30 IST" name="runScenario" description="Runs Cucumber Scenarios" data-provider="scenarios" finished-at="2023-05-01T05:47:32 IST" duration-ms="1693" status="PASS">
          <params>
            <param index="0">
              <value>
                <![CDATA["Validate menu item"]]>
              </value>
            </param>
            <param index="1">
              <value>
                <![CDATA["Left Menu functionality"]]>
              </value>
            </param>
          </params>
          <reporter-output>
          </reporter-output>
        </test-method> <!-- runScenario -->
        <test-method signature="runScenario(io.cucumber.testng.PickleWrapper,io.cucumber.testng.FeatureWrapper)[pri:0, instance:TestRunner.TestRunner@4ec4f3a0]" started-at="2023-05-01T05:47:32 IST" name="runScenario" description="Runs Cucumber Scenarios" data-provider="scenarios" finished-at="2023-05-01T05:47:43 IST" duration-ms="11398" status="FAIL">
          <params>
            <param index="0">
              <value>
                <![CDATA["Validate menu item"]]>
              </value>
            </param>
            <param index="1">
              <value>
                <![CDATA["Left Menu functionality"]]>
              </value>
            </param>
          </params>
          <exception class="java.lang.AssertionError">
            <message>
              <![CDATA[Left menu category not selected]]>
            </message>
            <full-stacktrace>
              <![CDATA[java.lang.AssertionError: Left menu category not selected
at org.testng.Assert.fail(Assert.java:110)
at StepDefinitions.LeftMenu.user_clicks_on_left_menu_item(LeftMenu.java:36)
at ✽.user clicks on left menu item "Furniture"(file:///D:/Downloads/SelAssessment/Features/LeftMenu.feature:11)
]]>
            </full-stacktrace>
          </exception> <!-- java.lang.AssertionError -->
          <reporter-output>
          </reporter-output>
        </test-method> <!-- runScenario -->
        <test-method signature="runScenario(io.cucumber.testng.PickleWrapper,io.cucumber.testng.FeatureWrapper)[pri:0, instance:TestRunner.TestRunner@4ec4f3a0]" started-at="2023-05-01T05:47:43 IST" name="runScenario" description="Runs Cucumber Scenarios" data-provider="scenarios" finished-at="2023-05-01T05:47:45 IST" duration-ms="1910" status="PASS">
          <params>
            <param index="0">
              <value>
                <![CDATA["Validate menu item"]]>
              </value>
            </param>
            <param index="1">
              <value>
                <![CDATA["Left Menu functionality"]]>
              </value>
            </param>
          </params>
          <reporter-output>
          </reporter-output>
        </test-method> <!-- runScenario -->
        <test-method signature="runScenario(io.cucumber.testng.PickleWrapper,io.cucumber.testng.FeatureWrapper)[pri:0, instance:TestRunner.TestRunner@4ec4f3a0]" started-at="2023-05-01T05:47:45 IST" name="runScenario" description="Runs Cucumber Scenarios" data-provider="scenarios" finished-at="2023-05-01T05:47:47 IST" duration-ms="1840" status="PASS">
          <params>
            <param index="0">
              <value>
                <![CDATA["Validate menu item"]]>
              </value>
            </param>
            <param index="1">
              <value>
                <![CDATA["Left Menu functionality"]]>
              </value>
            </param>
          </params>
          <reporter-output>
          </reporter-output>
        </test-method> <!-- runScenario -->
        <test-method signature="runScenario(io.cucumber.testng.PickleWrapper,io.cucumber.testng.FeatureWrapper)[pri:0, instance:TestRunner.TestRunner@4ec4f3a0]" started-at="2023-05-01T05:47:47 IST" name="runScenario" description="Runs Cucumber Scenarios" data-provider="scenarios" finished-at="2023-05-01T05:47:58 IST" duration-ms="11487" status="FAIL">
          <params>
            <param index="0">
              <value>
                <![CDATA["Validate menu item"]]>
              </value>
            </param>
            <param index="1">
              <value>
                <![CDATA["Left Menu functionality"]]>
              </value>
            </param>
          </params>
          <exception class="java.lang.AssertionError">
            <message>
              <![CDATA[Left menu category not selected]]>
            </message>
            <full-stacktrace>
              <![CDATA[java.lang.AssertionError: Left menu category not selected
at org.testng.Assert.fail(Assert.java:110)
at StepDefinitions.LeftMenu.user_clicks_on_left_menu_item(LeftMenu.java:36)
at ✽.user clicks on left menu item "invalid"(file:///D:/Downloads/SelAssessment/Features/LeftMenu.feature:11)
]]>
            </full-stacktrace>
          </exception> <!-- java.lang.AssertionError -->
          <reporter-output>
          </reporter-output>
        </test-method> <!-- runScenario -->
        <test-method signature="runScenario(io.cucumber.testng.PickleWrapper,io.cucumber.testng.FeatureWrapper)[pri:0, instance:TestRunner.TestRunner@4ec4f3a0]" started-at="2023-05-01T05:47:58 IST" name="runScenario" description="Runs Cucumber Scenarios" data-provider="scenarios" finished-at="2023-05-01T05:48:22 IST" duration-ms="24014" status="FAIL">
          <params>
            <param index="0">
              <value>
                <![CDATA["Order"]]>
              </value>
            </param>
            <param index="1">
              <value>
                <![CDATA["Order"]]>
              </value>
            </param>
          </params>
          <exception class="java.lang.AssertionError">
            <message>
              <![CDATA[items move to cart failed]]>
            </message>
            <full-stacktrace>
              <![CDATA[java.lang.AssertionError: items move to cart failed
at org.testng.Assert.fail(Assert.java:110)
at StepDefinitions.Cart.user_clicks_on_move_to_cart(Cart.java:47)
at ✽.user clicks on move to cart(file:///D:/Downloads/SelAssessment/Features/Order.feature:19)
]]>
            </full-stacktrace>
          </exception> <!-- java.lang.AssertionError -->
          <reporter-output>
          </reporter-output>
        </test-method> <!-- runScenario -->
        <test-method signature="runScenario(io.cucumber.testng.PickleWrapper,io.cucumber.testng.FeatureWrapper)[pri:0, instance:TestRunner.TestRunner@4ec4f3a0]" started-at="2023-05-01T05:48:22 IST" name="runScenario" description="Runs Cucumber Scenarios" data-provider="scenarios" finished-at="2023-05-01T05:48:40 IST" duration-ms="17789" status="FAIL">
          <params>
            <param index="0">
              <value>
                <![CDATA["Order"]]>
              </value>
            </param>
            <param index="1">
              <value>
                <![CDATA["Order"]]>
              </value>
            </param>
          </params>
          <exception class="java.lang.AssertionError">
            <message>
              <![CDATA[items move to cart failed]]>
            </message>
            <full-stacktrace>
              <![CDATA[java.lang.AssertionError: items move to cart failed
at org.testng.Assert.fail(Assert.java:110)
at StepDefinitions.Cart.user_clicks_on_move_to_cart(Cart.java:47)
at ✽.user clicks on move to cart(file:///D:/Downloads/SelAssessment/Features/Order.feature:19)
]]>
            </full-stacktrace>
          </exception> <!-- java.lang.AssertionError -->
          <reporter-output>
          </reporter-output>
        </test-method> <!-- runScenario -->
        <test-method signature="runScenario(io.cucumber.testng.PickleWrapper,io.cucumber.testng.FeatureWrapper)[pri:0, instance:TestRunner.TestRunner@4ec4f3a0]" started-at="2023-05-01T05:48:40 IST" name="runScenario" description="Runs Cucumber Scenarios" data-provider="scenarios" finished-at="2023-05-01T05:48:58 IST" duration-ms="17874" status="FAIL">
          <params>
            <param index="0">
              <value>
                <![CDATA["Order"]]>
              </value>
            </param>
            <param index="1">
              <value>
                <![CDATA["Order"]]>
              </value>
            </param>
          </params>
          <exception class="java.lang.AssertionError">
            <message>
              <![CDATA[items move to cart failed]]>
            </message>
            <full-stacktrace>
              <![CDATA[java.lang.AssertionError: items move to cart failed
at org.testng.Assert.fail(Assert.java:110)
at StepDefinitions.Cart.user_clicks_on_move_to_cart(Cart.java:47)
at ✽.user clicks on move to cart(file:///D:/Downloads/SelAssessment/Features/Order.feature:19)
]]>
            </full-stacktrace>
          </exception> <!-- java.lang.AssertionError -->
          <reporter-output>
          </reporter-output>
        </test-method> <!-- runScenario -->
        <test-method signature="runScenario(io.cucumber.testng.PickleWrapper,io.cucumber.testng.FeatureWrapper)[pri:0, instance:TestRunner.TestRunner@4ec4f3a0]" started-at="2023-05-01T05:48:58 IST" name="runScenario" description="Runs Cucumber Scenarios" data-provider="scenarios" finished-at="2023-05-01T05:49:40 IST" duration-ms="41758" status="FAIL">
          <params>
            <param index="0">
              <value>
                <![CDATA["Order"]]>
              </value>
            </param>
            <param index="1">
              <value>
                <![CDATA["Order"]]>
              </value>
            </param>
          </params>
          <exception class="java.lang.AssertionError">
            <message>
              <![CDATA[Exception in adding to wishlist]]>
            </message>
            <full-stacktrace>
              <![CDATA[java.lang.AssertionError: Exception in adding to wishlist
at org.testng.Assert.fail(Assert.java:110)
at StepDefinitions.Wishlist.user_will_add_to_wishlist(Wishlist.java:41)
at ✽.user will add to wishlist(file:///D:/Downloads/SelAssessment/Features/Order.feature:14)
]]>
            </full-stacktrace>
          </exception> <!-- java.lang.AssertionError -->
          <reporter-output>
          </reporter-output>
        </test-method> <!-- runScenario -->
        <test-method signature="runScenario(io.cucumber.testng.PickleWrapper,io.cucumber.testng.FeatureWrapper)[pri:0, instance:TestRunner.TestRunner@4ec4f3a0]" started-at="2023-05-01T05:49:40 IST" name="runScenario" description="Runs Cucumber Scenarios" data-provider="scenarios" finished-at="2023-05-01T05:49:46 IST" duration-ms="6797" status="FAIL">
          <params>
            <param index="0">
              <value>
                <![CDATA["Search for the Item"]]>
              </value>
            </param>
            <param index="1">
              <value>
                <![CDATA["Search for an Item"]]>
              </value>
            </param>
          </params>
          <exception class="java.lang.AssertionError">
            <message>
              <![CDATA[The search items retrieved do not match for the item : sony]]>
            </message>
            <full-stacktrace>
              <![CDATA[java.lang.AssertionError: The search items retrieved do not match for the item : sony
at org.testng.Assert.fail(Assert.java:110)
at StepDefinitions.Search.user_should_be_able_to_view_the_items(Search.java:81)
at ✽.user should be able to view the items "sony"(file:///D:/Downloads/SelAssessment/Features/Search.feature:14)
]]>
            </full-stacktrace>
          </exception> <!-- java.lang.AssertionError -->
          <reporter-output>
          </reporter-output>
        </test-method> <!-- runScenario -->
        <test-method signature="runScenario(io.cucumber.testng.PickleWrapper,io.cucumber.testng.FeatureWrapper)[pri:0, instance:TestRunner.TestRunner@4ec4f3a0]" started-at="2023-05-01T05:49:46 IST" name="runScenario" description="Runs Cucumber Scenarios" data-provider="scenarios" finished-at="2023-05-01T05:49:53 IST" duration-ms="6951" status="PASS">
          <params>
            <param index="0">
              <value>
                <![CDATA["Search for the Item"]]>
              </value>
            </param>
            <param index="1">
              <value>
                <![CDATA["Search for an Item"]]>
              </value>
            </param>
          </params>
          <reporter-output>
          </reporter-output>
        </test-method> <!-- runScenario -->
        <test-method signature="runScenario(io.cucumber.testng.PickleWrapper,io.cucumber.testng.FeatureWrapper)[pri:0, instance:TestRunner.TestRunner@4ec4f3a0]" started-at="2023-05-01T05:49:53 IST" name="runScenario" description="Runs Cucumber Scenarios" data-provider="scenarios" finished-at="2023-05-01T05:50:01 IST" duration-ms="8039" status="PASS">
          <params>
            <param index="0">
              <value>
                <![CDATA["Search for the Item"]]>
              </value>
            </param>
            <param index="1">
              <value>
                <![CDATA["Search for an Item"]]>
              </value>
            </param>
          </params>
          <reporter-output>
          </reporter-output>
        </test-method> <!-- runScenario -->
        <test-method signature="runScenario(io.cucumber.testng.PickleWrapper,io.cucumber.testng.FeatureWrapper)[pri:0, instance:TestRunner.TestRunner@4ec4f3a0]" started-at="2023-05-01T05:50:01 IST" name="runScenario" description="Runs Cucumber Scenarios" data-provider="scenarios" finished-at="2023-05-01T05:50:16 IST" duration-ms="14954" status="FAIL">
          <params>
            <param index="0">
              <value>
                <![CDATA["Search for the Item"]]>
              </value>
            </param>
            <param index="1">
              <value>
                <![CDATA["Search for an Item"]]>
              </value>
            </param>
          </params>
          <exception class="java.lang.AssertionError">
            <message>
              <![CDATA[category could not be selected properly]]>
            </message>
            <full-stacktrace>
              <![CDATA[java.lang.AssertionError: category could not be selected properly
at org.testng.Assert.fail(Assert.java:110)
at StepDefinitions.Search.user_selects_category_as(Search.java:32)
at ✽.user selects category as "invalid"(file:///D:/Downloads/SelAssessment/Features/Search.feature:11)
]]>
            </full-stacktrace>
          </exception> <!-- java.lang.AssertionError -->
          <reporter-output>
          </reporter-output>
        </test-method> <!-- runScenario -->
        <test-method signature="runScenario(io.cucumber.testng.PickleWrapper,io.cucumber.testng.FeatureWrapper)[pri:0, instance:TestRunner.TestRunner@4ec4f3a0]" started-at="2023-05-01T05:50:16 IST" name="runScenario" description="Runs Cucumber Scenarios" data-provider="scenarios" finished-at="2023-05-01T05:50:33 IST" duration-ms="16771" status="FAIL">
          <params>
            <param index="0">
              <value>
                <![CDATA["Search for the Item"]]>
              </value>
            </param>
            <param index="1">
              <value>
                <![CDATA["Search for an Item"]]>
              </value>
            </param>
          </params>
          <exception class="java.lang.AssertionError">
            <message>
              <![CDATA[The search items retrieved do not match for the item : invalid]]>
            </message>
            <full-stacktrace>
              <![CDATA[java.lang.AssertionError: The search items retrieved do not match for the item : invalid
at org.testng.Assert.fail(Assert.java:110)
at StepDefinitions.Search.user_should_be_able_to_view_the_items(Search.java:81)
at ✽.user should be able to view the items "invalid"(file:///D:/Downloads/SelAssessment/Features/Search.feature:14)
]]>
            </full-stacktrace>
          </exception> <!-- java.lang.AssertionError -->
          <reporter-output>
          </reporter-output>
        </test-method> <!-- runScenario -->
        <test-method signature="runScenario(io.cucumber.testng.PickleWrapper,io.cucumber.testng.FeatureWrapper)[pri:0, instance:TestRunner.TestRunner@4ec4f3a0]" started-at="2023-05-01T05:50:33 IST" name="runScenario" description="Runs Cucumber Scenarios" data-provider="scenarios" finished-at="2023-05-01T05:50:50 IST" duration-ms="16955" status="FAIL">
          <params>
            <param index="0">
              <value>
                <![CDATA["Search for the Item"]]>
              </value>
            </param>
            <param index="1">
              <value>
                <![CDATA["Search for an Item"]]>
              </value>
            </param>
          </params>
          <exception class="java.lang.AssertionError">
            <message>
              <![CDATA[The search items retrieved do not match for the item : ]]>
            </message>
            <full-stacktrace>
              <![CDATA[java.lang.AssertionError: The search items retrieved do not match for the item : 
at org.testng.Assert.fail(Assert.java:110)
at StepDefinitions.Search.user_should_be_able_to_view_the_items(Search.java:81)
at ✽.user should be able to view the items ""(file:///D:/Downloads/SelAssessment/Features/Search.feature:14)
]]>
            </full-stacktrace>
          </exception> <!-- java.lang.AssertionError -->
          <reporter-output>
          </reporter-output>
        </test-method> <!-- runScenario -->
        <test-method signature="runScenario(io.cucumber.testng.PickleWrapper,io.cucumber.testng.FeatureWrapper)[pri:0, instance:TestRunner.TestRunner@4ec4f3a0]" started-at="2023-05-01T05:50:50 IST" name="runScenario" description="Runs Cucumber Scenarios" data-provider="scenarios" finished-at="2023-05-01T05:51:11 IST" duration-ms="20648" status="PASS">
          <params>
            <param index="0">
              <value>
                <![CDATA["Wishlist"]]>
              </value>
            </param>
            <param index="1">
              <value>
                <![CDATA["Wishlist"]]>
              </value>
            </param>
          </params>
          <reporter-output>
          </reporter-output>
        </test-method> <!-- runScenario -->
        <test-method signature="runScenario(io.cucumber.testng.PickleWrapper,io.cucumber.testng.FeatureWrapper)[pri:0, instance:TestRunner.TestRunner@4ec4f3a0]" started-at="2023-05-01T05:51:11 IST" name="runScenario" description="Runs Cucumber Scenarios" data-provider="scenarios" finished-at="2023-05-01T05:51:28 IST" duration-ms="17499" status="PASS">
          <params>
            <param index="0">
              <value>
                <![CDATA["Wishlist"]]>
              </value>
            </param>
            <param index="1">
              <value>
                <![CDATA["Wishlist"]]>
              </value>
            </param>
          </params>
          <reporter-output>
          </reporter-output>
        </test-method> <!-- runScenario -->
        <test-method signature="runScenario(io.cucumber.testng.PickleWrapper,io.cucumber.testng.FeatureWrapper)[pri:0, instance:TestRunner.TestRunner@4ec4f3a0]" started-at="2023-05-01T05:51:28 IST" name="runScenario" description="Runs Cucumber Scenarios" data-provider="scenarios" finished-at="2023-05-01T05:51:58 IST" duration-ms="29485" status="FAIL">
          <params>
            <param index="0">
              <value>
                <![CDATA["Wishlist"]]>
              </value>
            </param>
            <param index="1">
              <value>
                <![CDATA["Wishlist"]]>
              </value>
            </param>
          </params>
          <exception class="java.lang.AssertionError">
            <message>
              <![CDATA[Exception in adding to wishlist]]>
            </message>
            <full-stacktrace>
              <![CDATA[java.lang.AssertionError: Exception in adding to wishlist
at org.testng.Assert.fail(Assert.java:110)
at StepDefinitions.Wishlist.user_will_add_to_wishlist(Wishlist.java:41)
at ✽.user will add to wishlist(file:///D:/Downloads/SelAssessment/Features/Wishlisht.feature:13)
]]>
            </full-stacktrace>
          </exception> <!-- java.lang.AssertionError -->
          <reporter-output>
          </reporter-output>
        </test-method> <!-- runScenario -->
        <test-method signature="runScenario(io.cucumber.testng.PickleWrapper,io.cucumber.testng.FeatureWrapper)[pri:0, instance:TestRunner.TestRunner@4ec4f3a0]" started-at="2023-05-01T05:51:58 IST" name="runScenario" description="Runs Cucumber Scenarios" data-provider="scenarios" finished-at="2023-05-01T05:52:27 IST" duration-ms="29344" status="FAIL">
          <params>
            <param index="0">
              <value>
                <![CDATA["Wishlist"]]>
              </value>
            </param>
            <param index="1">
              <value>
                <![CDATA["Wishlist"]]>
              </value>
            </param>
          </params>
          <exception class="java.lang.AssertionError">
            <message>
              <![CDATA[Exception in adding to wishlist]]>
            </message>
            <full-stacktrace>
              <![CDATA[java.lang.AssertionError: Exception in adding to wishlist
at org.testng.Assert.fail(Assert.java:110)
at StepDefinitions.Wishlist.user_will_add_to_wishlist(Wishlist.java:41)
at ✽.user will add to wishlist(file:///D:/Downloads/SelAssessment/Features/Wishlisht.feature:13)
]]>
            </full-stacktrace>
          </exception> <!-- java.lang.AssertionError -->
          <reporter-output>
          </reporter-output>
        </test-method> <!-- runScenario -->
        <test-method signature="runScenario(io.cucumber.testng.PickleWrapper,io.cucumber.testng.FeatureWrapper)[pri:0, instance:TestRunner.TestRunner@4ec4f3a0]" started-at="2023-05-01T05:52:27 IST" name="runScenario" description="Runs Cucumber Scenarios" data-provider="scenarios" finished-at="2023-05-01T05:52:51 IST" duration-ms="23438" status="FAIL">
          <params>
            <param index="0">
              <value>
                <![CDATA["Wishlist"]]>
              </value>
            </param>
            <param index="1">
              <value>
                <![CDATA["Wishlist"]]>
              </value>
            </param>
          </params>
          <exception class="java.lang.AssertionError">
            <message>
              <![CDATA[Exception in adding to wishlist]]>
            </message>
            <full-stacktrace>
              <![CDATA[java.lang.AssertionError: Exception in adding to wishlist
at org.testng.Assert.fail(Assert.java:110)
at StepDefinitions.Wishlist.user_will_add_to_wishlist(Wishlist.java:41)
at ✽.user will add to wishlist(file:///D:/Downloads/SelAssessment/Features/Wishlisht.feature:16)
]]>
            </full-stacktrace>
          </exception> <!-- java.lang.AssertionError -->
          <reporter-output>
          </reporter-output>
        </test-method> <!-- runScenario -->
        <test-method is-config="true" signature="tearDownClass()[pri:0, instance:TestRunner.TestRunner@4ec4f3a0]" started-at="2023-05-01T05:52:51 IST" name="tearDownClass" finished-at="2023-05-01T05:52:51 IST" duration-ms="28" status="PASS">
          <reporter-output>
          </reporter-output>
        </test-method> <!-- tearDownClass -->
      </class> <!-- TestRunner.TestRunner -->
    </test> <!-- Test -->
  </suite> <!-- Suite -->
</testng-results>
