<?xml version="1.0" encoding="UTF-8"?>
<testsuite xmlns:xsi="http://www.w3.org/2001/XMLSchema-instance" xsi:noNamespaceSchemaLocation="https://maven.apache.org/surefire/maven-surefire-plugin/xsd/surefire-test-report-3.0.xsd" version="3.0" name="TestSuite" time="479.819" tests="32" errors="0" skipped="0" failures="19">
  <properties>
    <property name="java.specification.version" value="20"/>
    <property name="sun.cpu.isalist" value="amd64"/>
    <property name="sun.jnu.encoding" value="Cp1252"/>
    <property name="java.class.path" value="D:\Downloads\SelAssessment\target\test-classes;D:\Downloads\SelAssessment\target\classes;C:\Users\Dell\.m2\repository\org\seleniumhq\selenium\selenium-java\4.9.0\selenium-java-4.9.0.jar;C:\Users\Dell\.m2\repository\org\seleniumhq\selenium\selenium-api\4.9.0\selenium-api-4.9.0.jar;C:\Users\Dell\.m2\repository\org\seleniumhq\selenium\selenium-chrome-driver\4.9.0\selenium-chrome-driver-4.9.0.jar;C:\Users\Dell\.m2\repository\com\google\auto\service\auto-service-annotations\1.0.1\auto-service-annotations-1.0.1.jar;C:\Users\Dell\.m2\repository\com\google\auto\service\auto-service\1.0.1\auto-service-1.0.1.jar;C:\Users\Dell\.m2\repository\com\google\auto\auto-common\1.2\auto-common-1.2.jar;C:\Users\Dell\.m2\repository\com\google\guava\guava\31.1-jre\guava-31.1-jre.jar;C:\Users\Dell\.m2\repository\com\google\guava\failureaccess\1.0.1\failureaccess-1.0.1.jar;C:\Users\Dell\.m2\repository\com\google\guava\listenablefuture\9999.0-empty-to-avoid-conflict-with-guava\listenablefuture-9999.0-empty-to-avoid-conflict-with-guava.jar;C:\Users\Dell\.m2\repository\com\google\code\findbugs\jsr305\3.0.2\jsr305-3.0.2.jar;C:\Users\Dell\.m2\repository\org\checkerframework\checker-qual\3.12.0\checker-qual-3.12.0.jar;C:\Users\Dell\.m2\repository\com\google\errorprone\error_prone_annotations\2.11.0\error_prone_annotations-2.11.0.jar;C:\Users\Dell\.m2\repository\com\google\j2objc\j2objc-annotations\1.3\j2objc-annotations-1.3.jar;C:\Users\Dell\.m2\repository\org\seleniumhq\selenium\selenium-chromium-driver\4.9.0\selenium-chromium-driver-4.9.0.jar;C:\Users\Dell\.m2\repository\org\seleniumhq\selenium\selenium-json\4.9.0\selenium-json-4.9.0.jar;C:\Users\Dell\.m2\repository\org\seleniumhq\selenium\selenium-manager\4.9.0\selenium-manager-4.9.0.jar;C:\Users\Dell\.m2\repository\org\seleniumhq\selenium\selenium-devtools-v110\4.9.0\selenium-devtools-v110-4.9.0.jar;C:\Users\Dell\.m2\repository\org\seleniumhq\selenium\selenium-devtools-v111\4.9.0\selenium-devtools-v111-4.9.0.jar;C:\Users\Dell\.m2\repository\org\seleniumhq\selenium\selenium-devtools-v112\4.9.0\selenium-devtools-v112-4.9.0.jar;C:\Users\Dell\.m2\repository\org\seleniumhq\selenium\selenium-devtools-v85\4.9.0\selenium-devtools-v85-4.9.0.jar;C:\Users\Dell\.m2\repository\org\seleniumhq\selenium\selenium-edge-driver\4.9.0\selenium-edge-driver-4.9.0.jar;C:\Users\Dell\.m2\repository\org\seleniumhq\selenium\selenium-firefox-driver\4.9.0\selenium-firefox-driver-4.9.0.jar;C:\Users\Dell\.m2\repository\org\seleniumhq\selenium\selenium-http\4.9.0\selenium-http-4.9.0.jar;C:\Users\Dell\.m2\repository\dev\failsafe\failsafe\3.3.1\failsafe-3.3.1.jar;C:\Users\Dell\.m2\repository\org\seleniumhq\selenium\selenium-ie-driver\4.9.0\selenium-ie-driver-4.9.0.jar;C:\Users\Dell\.m2\repository\org\seleniumhq\selenium\selenium-remote-driver\4.9.0\selenium-remote-driver-4.9.0.jar;C:\Users\Dell\.m2\repository\io\netty\netty-buffer\4.1.91.Final\netty-buffer-4.1.91.Final.jar;C:\Users\Dell\.m2\repository\io\netty\netty-codec-http\4.1.91.Final\netty-codec-http-4.1.91.Final.jar;C:\Users\Dell\.m2\repository\io\netty\netty-codec\4.1.91.Final\netty-codec-4.1.91.Final.jar;C:\Users\Dell\.m2\repository\io\netty\netty-handler\4.1.91.Final\netty-handler-4.1.91.Final.jar;C:\Users\Dell\.m2\repository\io\netty\netty-common\4.1.91.Final\netty-common-4.1.91.Final.jar;C:\Users\Dell\.m2\repository\io\netty\netty-transport-classes-epoll\4.1.91.Final\netty-transport-classes-epoll-4.1.91.Final.jar;C:\Users\Dell\.m2\repository\io\netty\netty-transport-classes-kqueue\4.1.91.Final\netty-transport-classes-kqueue-4.1.91.Final.jar;C:\Users\Dell\.m2\repository\io\netty\netty-transport-native-epoll\4.1.91.Final\netty-transport-native-epoll-4.1.91.Final.jar;C:\Users\Dell\.m2\repository\io\netty\netty-transport-native-kqueue\4.1.91.Final\netty-transport-native-kqueue-4.1.91.Final.jar;C:\Users\Dell\.m2\repository\io\netty\netty-transport-native-unix-common\4.1.91.Final\netty-transport-native-unix-common-4.1.91.Final.jar;C:\Users\Dell\.m2\repository\io\netty\netty-transport\4.1.91.Final\netty-transport-4.1.91.Final.jar;C:\Users\Dell\.m2\repository\io\netty\netty-resolver\4.1.91.Final\netty-resolver-4.1.91.Final.jar;C:\Users\Dell\.m2\repository\io\opentelemetry\opentelemetry-api\1.25.0\opentelemetry-api-1.25.0.jar;C:\Users\Dell\.m2\repository\io\opentelemetry\opentelemetry-context\1.25.0\opentelemetry-context-1.25.0.jar;C:\Users\Dell\.m2\repository\io\opentelemetry\opentelemetry-exporter-logging\1.25.0\opentelemetry-exporter-logging-1.25.0.jar;C:\Users\Dell\.m2\repository\io\opentelemetry\opentelemetry-sdk-metrics\1.25.0\opentelemetry-sdk-metrics-1.25.0.jar;C:\Users\Dell\.m2\repository\io\opentelemetry\opentelemetry-sdk-logs\1.25.0-alpha\opentelemetry-sdk-logs-1.25.0-alpha.jar;C:\Users\Dell\.m2\repository\io\opentelemetry\opentelemetry-api-logs\1.25.0-alpha\opentelemetry-api-logs-1.25.0-alpha.jar;C:\Users\Dell\.m2\repository\io\opentelemetry\opentelemetry-api-events\1.25.0-alpha\opentelemetry-api-events-1.25.0-alpha.jar;C:\Users\Dell\.m2\repository\io\opentelemetry\opentelemetry-sdk-common\1.25.0\opentelemetry-sdk-common-1.25.0.jar;C:\Users\Dell\.m2\repository\io\opentelemetry\opentelemetry-sdk-extension-autoconfigure-spi\1.25.0\opentelemetry-sdk-extension-autoconfigure-spi-1.25.0.jar;C:\Users\Dell\.m2\repository\io\opentelemetry\opentelemetry-sdk-extension-autoconfigure\1.25.0-alpha\opentelemetry-sdk-extension-autoconfigure-1.25.0-alpha.jar;C:\Users\Dell\.m2\repository\io\opentelemetry\opentelemetry-sdk-trace\1.25.0\opentelemetry-sdk-trace-1.25.0.jar;C:\Users\Dell\.m2\repository\io\opentelemetry\opentelemetry-sdk\1.25.0\opentelemetry-sdk-1.25.0.jar;C:\Users\Dell\.m2\repository\io\opentelemetry\opentelemetry-semconv\1.25.0-alpha\opentelemetry-semconv-1.25.0-alpha.jar;C:\Users\Dell\.m2\repository\io\ous\jtoml\2.0.0\jtoml-2.0.0.jar;C:\Users\Dell\.m2\repository\net\bytebuddy\byte-buddy\1.14.4\byte-buddy-1.14.4.jar;C:\Users\Dell\.m2\repository\org\apache\commons\commons-exec\1.3\commons-exec-1.3.jar;C:\Users\Dell\.m2\repository\org\asynchttpclient\async-http-client\2.12.3\async-http-client-2.12.3.jar;C:\Users\Dell\.m2\repository\org\asynchttpclient\async-http-client-netty-utils\2.12.3\async-http-client-netty-utils-2.12.3.jar;C:\Users\Dell\.m2\repository\io\netty\netty-codec-socks\4.1.60.Final\netty-codec-socks-4.1.60.Final.jar;C:\Users\Dell\.m2\repository\io\netty\netty-handler-proxy\4.1.60.Final\netty-handler-proxy-4.1.60.Final.jar;C:\Users\Dell\.m2\repository\io\netty\netty-transport-native-epoll\4.1.60.Final\netty-transport-native-epoll-4.1.60.Final-linux-x86_64.jar;C:\Users\Dell\.m2\repository\io\netty\netty-transport-native-kqueue\4.1.60.Final\netty-transport-native-kqueue-4.1.60.Final-osx-x86_64.jar;C:\Users\Dell\.m2\repository\com\typesafe\netty\netty-reactive-streams\2.0.4\netty-reactive-streams-2.0.4.jar;C:\Users\Dell\.m2\repository\com\sun\activation\jakarta.activation\1.2.2\jakarta.activation-1.2.2.jar;C:\Users\Dell\.m2\repository\org\seleniumhq\selenium\selenium-safari-driver\4.9.0\selenium-safari-driver-4.9.0.jar;C:\Users\Dell\.m2\repository\org\seleniumhq\selenium\selenium-support\4.9.0\selenium-support-4.9.0.jar;C:\Users\Dell\.m2\repository\org\testng\testng\7.7.1\testng-7.7.1.jar;C:\Users\Dell\.m2\repository\org\slf4j\slf4j-api\1.7.36\slf4j-api-1.7.36.jar;C:\Users\Dell\.m2\repository\com\beust\jcommander\1.82\jcommander-1.82.jar;C:\Users\Dell\.m2\repository\io\cucumber\cucumber-java\7.11.2\cucumber-java-7.11.2.jar;C:\Users\Dell\.m2\repository\io\cucumber\cucumber-core\7.11.2\cucumber-core-7.11.2.jar;C:\Users\Dell\.m2\repository\io\cucumber\cucumber-gherkin\7.11.2\cucumber-gherkin-7.11.2.jar;C:\Users\Dell\.m2\repository\io\cucumber\cucumber-gherkin-messages\7.11.2\cucumber-gherkin-messages-7.11.2.jar;C:\Users\Dell\.m2\repository\io\cucumber\gherkin\26.0.3\gherkin-26.0.3.jar;C:\Users\Dell\.m2\repository\io\cucumber\messages\21.0.1\messages-21.0.1.jar;C:\Users\Dell\.m2\repository\io\cucumber\tag-expressions\5.0.1\tag-expressions-5.0.1.jar;C:\Users\Dell\.m2\repository\io\cucumber\cucumber-expressions\16.1.2\cucumber-expressions-16.1.2.jar;C:\Users\Dell\.m2\repository\io\cucumber\datatable\7.11.2\datatable-7.11.2.jar;C:\Users\Dell\.m2\repository\io\cucumber\cucumber-plugin\7.11.2\cucumber-plugin-7.11.2.jar;C:\Users\Dell\.m2\repository\io\cucumber\docstring\7.11.2\docstring-7.11.2.jar;C:\Users\Dell\.m2\repository\io\cucumber\html-formatter\20.2.1\html-formatter-20.2.1.jar;C:\Users\Dell\.m2\repository\io\cucumber\junit-xml-formatter\0.1.0\junit-xml-formatter-0.1.0.jar;C:\Users\Dell\.m2\repository\io\cucumber\ci-environment\9.1.0\ci-environment-9.1.0.jar;C:\Users\Dell\.m2\repository\org\apiguardian\apiguardian-api\1.1.2\apiguardian-api-1.1.2.jar;C:\Users\Dell\.m2\repository\io\cucumber\cucumber-testng\7.11.2\cucumber-testng-7.11.2.jar;C:\Users\Dell\.m2\repository\org\projectlombok\lombok\1.18.26\lombok-1.18.26.jar;C:\Users\Dell\.m2\repository\com\aventstack\extentreports\5.0.9\extentreports-5.0.9.jar;C:\Users\Dell\.m2\repository\io\reactivex\rxjava3\rxjava\3.0.4\rxjava-3.0.4.jar;C:\Users\Dell\.m2\repository\org\reactivestreams\reactive-streams\1.0.3\reactive-streams-1.0.3.jar;C:\Users\Dell\.m2\repository\org\freemarker\freemarker\2.3.30\freemarker-2.3.30.jar;C:\Users\Dell\.m2\repository\com\mysql\mysql-connector-j\8.0.33\mysql-connector-j-8.0.33.jar;C:\Users\Dell\.m2\repository\com\google\protobuf\protobuf-java\3.21.9\protobuf-java-3.21.9.jar;C:\Users\Dell\.m2\repository\org\webjars\jquery\3.6.4\jquery-3.6.4.jar;C:\Users\Dell\.m2\repository\com\google\code\gson\gson\2.10.1\gson-2.10.1.jar;"/>
    <property name="java.vm.vendor" value="BellSoft"/>
    <property name="sun.arch.data.model" value="64"/>
    <property name="user.variant" value=""/>
    <property name="java.vendor.url" value="https://bell-sw.com/"/>
    <property name="user.timezone" value="Asia/Calcutta"/>
    <property name="os.name" value="Windows 10"/>
    <property name="java.vm.specification.version" value="20"/>
    <property name="sun.java.launcher" value="SUN_STANDARD"/>
    <property name="user.country" value="IN"/>
    <property name="sun.boot.library.path" value="C:\Program Files\BellSoft\LibericaJDK-20-Full\bin"/>
    <property name="sun.java.command" value="C:\Users\Dell\AppData\Local\Temp\surefire7701754573163293739\surefirebooter-20230501054451832_3.jar C:\Users\Dell\AppData\Local\Temp\surefire7701754573163293739 2023-05-01T05-44-51_268-jvmRun1 surefire-20230501054451832_1tmp surefire_0-20230501054451832_2tmp"/>
    <property name="jdk.debug" value="release"/>
    <property name="surefire.test.class.path" value="D:\Downloads\SelAssessment\target\test-classes;D:\Downloads\SelAssessment\target\classes;C:\Users\Dell\.m2\repository\org\seleniumhq\selenium\selenium-java\4.9.0\selenium-java-4.9.0.jar;C:\Users\Dell\.m2\repository\org\seleniumhq\selenium\selenium-api\4.9.0\selenium-api-4.9.0.jar;C:\Users\Dell\.m2\repository\org\seleniumhq\selenium\selenium-chrome-driver\4.9.0\selenium-chrome-driver-4.9.0.jar;C:\Users\Dell\.m2\repository\com\google\auto\service\auto-service-annotations\1.0.1\auto-service-annotations-1.0.1.jar;C:\Users\Dell\.m2\repository\com\google\auto\service\auto-service\1.0.1\auto-service-1.0.1.jar;C:\Users\Dell\.m2\repository\com\google\auto\auto-common\1.2\auto-common-1.2.jar;C:\Users\Dell\.m2\repository\com\google\guava\guava\31.1-jre\guava-31.1-jre.jar;C:\Users\Dell\.m2\repository\com\google\guava\failureaccess\1.0.1\failureaccess-1.0.1.jar;C:\Users\Dell\.m2\repository\com\google\guava\listenablefuture\9999.0-empty-to-avoid-conflict-with-guava\listenablefuture-9999.0-empty-to-avoid-conflict-with-guava.jar;C:\Users\Dell\.m2\repository\com\google\code\findbugs\jsr305\3.0.2\jsr305-3.0.2.jar;C:\Users\Dell\.m2\repository\org\checkerframework\checker-qual\3.12.0\checker-qual-3.12.0.jar;C:\Users\Dell\.m2\repository\com\google\errorprone\error_prone_annotations\2.11.0\error_prone_annotations-2.11.0.jar;C:\Users\Dell\.m2\repository\com\google\j2objc\j2objc-annotations\1.3\j2objc-annotations-1.3.jar;C:\Users\Dell\.m2\repository\org\seleniumhq\selenium\selenium-chromium-driver\4.9.0\selenium-chromium-driver-4.9.0.jar;C:\Users\Dell\.m2\repository\org\seleniumhq\selenium\selenium-json\4.9.0\selenium-json-4.9.0.jar;C:\Users\Dell\.m2\repository\org\seleniumhq\selenium\selenium-manager\4.9.0\selenium-manager-4.9.0.jar;C:\Users\Dell\.m2\repository\org\seleniumhq\selenium\selenium-devtools-v110\4.9.0\selenium-devtools-v110-4.9.0.jar;C:\Users\Dell\.m2\repository\org\seleniumhq\selenium\selenium-devtools-v111\4.9.0\selenium-devtools-v111-4.9.0.jar;C:\Users\Dell\.m2\repository\org\seleniumhq\selenium\selenium-devtools-v112\4.9.0\selenium-devtools-v112-4.9.0.jar;C:\Users\Dell\.m2\repository\org\seleniumhq\selenium\selenium-devtools-v85\4.9.0\selenium-devtools-v85-4.9.0.jar;C:\Users\Dell\.m2\repository\org\seleniumhq\selenium\selenium-edge-driver\4.9.0\selenium-edge-driver-4.9.0.jar;C:\Users\Dell\.m2\repository\org\seleniumhq\selenium\selenium-firefox-driver\4.9.0\selenium-firefox-driver-4.9.0.jar;C:\Users\Dell\.m2\repository\org\seleniumhq\selenium\selenium-http\4.9.0\selenium-http-4.9.0.jar;C:\Users\Dell\.m2\repository\dev\failsafe\failsafe\3.3.1\failsafe-3.3.1.jar;C:\Users\Dell\.m2\repository\org\seleniumhq\selenium\selenium-ie-driver\4.9.0\selenium-ie-driver-4.9.0.jar;C:\Users\Dell\.m2\repository\org\seleniumhq\selenium\selenium-remote-driver\4.9.0\selenium-remote-driver-4.9.0.jar;C:\Users\Dell\.m2\repository\io\netty\netty-buffer\4.1.91.Final\netty-buffer-4.1.91.Final.jar;C:\Users\Dell\.m2\repository\io\netty\netty-codec-http\4.1.91.Final\netty-codec-http-4.1.91.Final.jar;C:\Users\Dell\.m2\repository\io\netty\netty-codec\4.1.91.Final\netty-codec-4.1.91.Final.jar;C:\Users\Dell\.m2\repository\io\netty\netty-handler\4.1.91.Final\netty-handler-4.1.91.Final.jar;C:\Users\Dell\.m2\repository\io\netty\netty-common\4.1.91.Final\netty-common-4.1.91.Final.jar;C:\Users\Dell\.m2\repository\io\netty\netty-transport-classes-epoll\4.1.91.Final\netty-transport-classes-epoll-4.1.91.Final.jar;C:\Users\Dell\.m2\repository\io\netty\netty-transport-classes-kqueue\4.1.91.Final\netty-transport-classes-kqueue-4.1.91.Final.jar;C:\Users\Dell\.m2\repository\io\netty\netty-transport-native-epoll\4.1.91.Final\netty-transport-native-epoll-4.1.91.Final.jar;C:\Users\Dell\.m2\repository\io\netty\netty-transport-native-kqueue\4.1.91.Final\netty-transport-native-kqueue-4.1.91.Final.jar;C:\Users\Dell\.m2\repository\io\netty\netty-transport-native-unix-common\4.1.91.Final\netty-transport-native-unix-common-4.1.91.Final.jar;C:\Users\Dell\.m2\repository\io\netty\netty-transport\4.1.91.Final\netty-transport-4.1.91.Final.jar;C:\Users\Dell\.m2\repository\io\netty\netty-resolver\4.1.91.Final\netty-resolver-4.1.91.Final.jar;C:\Users\Dell\.m2\repository\io\opentelemetry\opentelemetry-api\1.25.0\opentelemetry-api-1.25.0.jar;C:\Users\Dell\.m2\repository\io\opentelemetry\opentelemetry-context\1.25.0\opentelemetry-context-1.25.0.jar;C:\Users\Dell\.m2\repository\io\opentelemetry\opentelemetry-exporter-logging\1.25.0\opentelemetry-exporter-logging-1.25.0.jar;C:\Users\Dell\.m2\repository\io\opentelemetry\opentelemetry-sdk-metrics\1.25.0\opentelemetry-sdk-metrics-1.25.0.jar;C:\Users\Dell\.m2\repository\io\opentelemetry\opentelemetry-sdk-logs\1.25.0-alpha\opentelemetry-sdk-logs-1.25.0-alpha.jar;C:\Users\Dell\.m2\repository\io\opentelemetry\opentelemetry-api-logs\1.25.0-alpha\opentelemetry-api-logs-1.25.0-alpha.jar;C:\Users\Dell\.m2\repository\io\opentelemetry\opentelemetry-api-events\1.25.0-alpha\opentelemetry-api-events-1.25.0-alpha.jar;C:\Users\Dell\.m2\repository\io\opentelemetry\opentelemetry-sdk-common\1.25.0\opentelemetry-sdk-common-1.25.0.jar;C:\Users\Dell\.m2\repository\io\opentelemetry\opentelemetry-sdk-extension-autoconfigure-spi\1.25.0\opentelemetry-sdk-extension-autoconfigure-spi-1.25.0.jar;C:\Users\Dell\.m2\repository\io\opentelemetry\opentelemetry-sdk-extension-autoconfigure\1.25.0-alpha\opentelemetry-sdk-extension-autoconfigure-1.25.0-alpha.jar;C:\Users\Dell\.m2\repository\io\opentelemetry\opentelemetry-sdk-trace\1.25.0\opentelemetry-sdk-trace-1.25.0.jar;C:\Users\Dell\.m2\repository\io\opentelemetry\opentelemetry-sdk\1.25.0\opentelemetry-sdk-1.25.0.jar;C:\Users\Dell\.m2\repository\io\opentelemetry\opentelemetry-semconv\1.25.0-alpha\opentelemetry-semconv-1.25.0-alpha.jar;C:\Users\Dell\.m2\repository\io\ous\jtoml\2.0.0\jtoml-2.0.0.jar;C:\Users\Dell\.m2\repository\net\bytebuddy\byte-buddy\1.14.4\byte-buddy-1.14.4.jar;C:\Users\Dell\.m2\repository\org\apache\commons\commons-exec\1.3\commons-exec-1.3.jar;C:\Users\Dell\.m2\repository\org\asynchttpclient\async-http-client\2.12.3\async-http-client-2.12.3.jar;C:\Users\Dell\.m2\repository\org\asynchttpclient\async-http-client-netty-utils\2.12.3\async-http-client-netty-utils-2.12.3.jar;C:\Users\Dell\.m2\repository\io\netty\netty-codec-socks\4.1.60.Final\netty-codec-socks-4.1.60.Final.jar;C:\Users\Dell\.m2\repository\io\netty\netty-handler-proxy\4.1.60.Final\netty-handler-proxy-4.1.60.Final.jar;C:\Users\Dell\.m2\repository\io\netty\netty-transport-native-epoll\4.1.60.Final\netty-transport-native-epoll-4.1.60.Final-linux-x86_64.jar;C:\Users\Dell\.m2\repository\io\netty\netty-transport-native-kqueue\4.1.60.Final\netty-transport-native-kqueue-4.1.60.Final-osx-x86_64.jar;C:\Users\Dell\.m2\repository\com\typesafe\netty\netty-reactive-streams\2.0.4\netty-reactive-streams-2.0.4.jar;C:\Users\Dell\.m2\repository\com\sun\activation\jakarta.activation\1.2.2\jakarta.activation-1.2.2.jar;C:\Users\Dell\.m2\repository\org\seleniumhq\selenium\selenium-safari-driver\4.9.0\selenium-safari-driver-4.9.0.jar;C:\Users\Dell\.m2\repository\org\seleniumhq\selenium\selenium-support\4.9.0\selenium-support-4.9.0.jar;C:\Users\Dell\.m2\repository\org\testng\testng\7.7.1\testng-7.7.1.jar;C:\Users\Dell\.m2\repository\org\slf4j\slf4j-api\1.7.36\slf4j-api-1.7.36.jar;C:\Users\Dell\.m2\repository\com\beust\jcommander\1.82\jcommander-1.82.jar;C:\Users\Dell\.m2\repository\io\cucumber\cucumber-java\7.11.2\cucumber-java-7.11.2.jar;C:\Users\Dell\.m2\repository\io\cucumber\cucumber-core\7.11.2\cucumber-core-7.11.2.jar;C:\Users\Dell\.m2\repository\io\cucumber\cucumber-gherkin\7.11.2\cucumber-gherkin-7.11.2.jar;C:\Users\Dell\.m2\repository\io\cucumber\cucumber-gherkin-messages\7.11.2\cucumber-gherkin-messages-7.11.2.jar;C:\Users\Dell\.m2\repository\io\cucumber\gherkin\26.0.3\gherkin-26.0.3.jar;C:\Users\Dell\.m2\repository\io\cucumber\messages\21.0.1\messages-21.0.1.jar;C:\Users\Dell\.m2\repository\io\cucumber\tag-expressions\5.0.1\tag-expressions-5.0.1.jar;C:\Users\Dell\.m2\repository\io\cucumber\cucumber-expressions\16.1.2\cucumber-expressions-16.1.2.jar;C:\Users\Dell\.m2\repository\io\cucumber\datatable\7.11.2\datatable-7.11.2.jar;C:\Users\Dell\.m2\repository\io\cucumber\cucumber-plugin\7.11.2\cucumber-plugin-7.11.2.jar;C:\Users\Dell\.m2\repository\io\cucumber\docstring\7.11.2\docstring-7.11.2.jar;C:\Users\Dell\.m2\repository\io\cucumber\html-formatter\20.2.1\html-formatter-20.2.1.jar;C:\Users\Dell\.m2\repository\io\cucumber\junit-xml-formatter\0.1.0\junit-xml-formatter-0.1.0.jar;C:\Users\Dell\.m2\repository\io\cucumber\ci-environment\9.1.0\ci-environment-9.1.0.jar;C:\Users\Dell\.m2\repository\org\apiguardian\apiguardian-api\1.1.2\apiguardian-api-1.1.2.jar;C:\Users\Dell\.m2\repository\io\cucumber\cucumber-testng\7.11.2\cucumber-testng-7.11.2.jar;C:\Users\Dell\.m2\repository\org\projectlombok\lombok\1.18.26\lombok-1.18.26.jar;C:\Users\Dell\.m2\repository\com\aventstack\extentreports\5.0.9\extentreports-5.0.9.jar;C:\Users\Dell\.m2\repository\io\reactivex\rxjava3\rxjava\3.0.4\rxjava-3.0.4.jar;C:\Users\Dell\.m2\repository\org\reactivestreams\reactive-streams\1.0.3\reactive-streams-1.0.3.jar;C:\Users\Dell\.m2\repository\org\freemarker\freemarker\2.3.30\freemarker-2.3.30.jar;C:\Users\Dell\.m2\repository\com\mysql\mysql-connector-j\8.0.33\mysql-connector-j-8.0.33.jar;C:\Users\Dell\.m2\repository\com\google\protobuf\protobuf-java\3.21.9\protobuf-java-3.21.9.jar;C:\Users\Dell\.m2\repository\org\webjars\jquery\3.6.4\jquery-3.6.4.jar;C:\Users\Dell\.m2\repository\com\google\code\gson\gson\2.10.1\gson-2.10.1.jar;"/>
    <property name="sun.cpu.endian" value="little"/>
    <property name="user.home" value="C:\Users\Dell"/>
    <property name="user.language" value="en"/>
    <property name="java.specification.vendor" value="Oracle Corporation"/>
    <property name="java.version.date" value="2023-04-18"/>
    <property name="java.home" value="C:\Program Files\BellSoft\LibericaJDK-20-Full"/>
    <property name="file.separator" value="\"/>
    <property name="basedir" value="D:\Downloads\SelAssessment"/>
    <property name="java.vm.compressedOopsMode" value="32-bit"/>
    <property name="line.separator" value="&#10;"/>
    <property name="java.vm.specification.vendor" value="Oracle Corporation"/>
    <property name="java.specification.name" value="Java Platform API Specification"/>
    <property name="surefire.real.class.path" value="C:\Users\Dell\AppData\Local\Temp\surefire7701754573163293739\surefirebooter-20230501054451832_3.jar"/>
    <property name="user.script" value=""/>
    <property name="sun.management.compiler" value="HotSpot 64-Bit Tiered Compilers"/>
    <property name="java.runtime.version" value="20.0.1+10"/>
    <property name="user.name" value="Sahil"/>
    <property name="stdout.encoding" value="Cp1252"/>
    <property name="path.separator" value=";"/>
    <property name="os.version" value="10.0"/>
    <property name="java.runtime.name" value="OpenJDK Runtime Environment"/>
    <property name="file.encoding" value="UTF-8"/>
    <property name="java.vm.name" value="OpenJDK 64-Bit Server VM"/>
    <property name="localRepository" value="C:\Users\Dell\.m2\repository"/>
    <property name="java.vendor.url.bug" value="https://bell-sw.com/support"/>
    <property name="java.io.tmpdir" value="C:\Users\Dell\AppData\Local\Temp\"/>
    <property name="idea.version" value="2023.1.1"/>
    <property name="java.version" value="20.0.1"/>
    <property name="user.dir" value="D:\Downloads\SelAssessment"/>
    <property name="os.arch" value="amd64"/>
    <property name="java.vm.specification.name" value="Java Virtual Machine Specification"/>
    <property name="sun.os.patch.level" value=""/>
    <property name="native.encoding" value="Cp1252"/>
    <property name="java.library.path" value="C:\Program Files\BellSoft\LibericaJDK-20-Full\bin;C:\WINDOWS\Sun\Java\bin;C:\WINDOWS\system32;C:\WINDOWS;C:\Program Files\BellSoft\LibericaJDK-17-Full\bin\;C:\Program Files\BellSoft\LibericaJDK-20-Full\bin\;C:\Program Files\Common Files\Oracle\Java\javapath;C:\PROGRAM FILES (X86)\MICROSOFT SDKS\AZURE\CLI2\WBIN;C:\WINDOWS\SYSTEM32;C:\WINDOWS;C:\WINDOWS\SYSTEM32\WBEM;C:\WINDOWS\SYSTEM32\WINDOWSPOWERSHELL\V1.0\;C:\WINDOWS\SYSTEM32\OPENSSH\;C:\PROGRAM FILES\MICROSOFT VS CODE\BIN;C:\PROGRAMDATA\CHOCOLATEY\BIN;C:\TOOLS\WINFETCH;C:\PROGRAM FILES\DOTNET\;C:\PROGRAM FILES (X86)\GNUPG\BIN;C:\PROGRAM FILES (X86)\OH-MY-POSH\BIN;C:\PROGRAM FILES\OH-MY-POSH\BIN;C:\PROGRAMDATA\CHOCOLATEY\LIB\PULUMI\TOOLS\PULUMI\BIN;C:\TOOLS\BCURRAN3;%JAVA_HOME\BIN;C:\PROGRAM FILES\ESPEAK NG\;C:\PROGRAM FILES\GIT\CMD;C:\PROGRAMDATA\CHOCOLATEY\LIB\MAVEN\APACHE-MAVEN-3.9.1\BIN;C:\PROGRAM FILES\POWERSHELL\7\;C:\PROGRAM FILES\NODEJS\;C:\Program Files\WIDCOMM\Bluetooth Software\;C:\Program Files\WIDCOMM\Bluetooth Software\syswow64;C:\Program Files\oh-my-posh\bin;C:\Program Files\GitHub CLI\;C:\Program Files\Git\cmd;C:\Program Files (x86)\gnupg\bin;C:\Program Files\Amazon\AWSCLIV2\;C:\Users\Dell\scoop\apps\nvm\current\nodejs\nodejs;C:\Users\Dell\scoop\shims;C:\Users\Dell\AppData\Local\Microsoft\WindowsApps;C:\Users\Dell\AppData\Local\Coursier\data\bin;C:\Users\Dell\.dotnet\tools;C:\Users\Dell\AppData\Local\GitHubDesktop\bin;C:\Users\Dell\AppData\Local\Programs\oh-my-posh\bin;C:\Users\Dell\.dotnet\tools;C:\Program Files\JetBrains\IntelliJ IDEA Community Edition 2022.3.2\bin;C:\Program Files\RedHat\Podman;C:\Users\Dell\.dotnet\tools;C:\Users\Dell\AppData\Local\Microsoft\WinGet\Links;C:\Program Files\Azure Data Studio\bin;C:\Program Files\JetBrains\IntelliJ IDEA Community Edition\bin;C:\Users\Dell\SurrealDB;C:\Users\Dell\.dotnet\tools;C:\Users\Dell\AppData\Roaming\npm;."/>
    <property name="java.vm.info" value="mixed mode, sharing"/>
    <property name="stderr.encoding" value="Cp1252"/>
    <property name="java.vendor" value="BellSoft"/>
    <property name="java.vm.version" value="20.0.1+10"/>
    <property name="sun.io.unicode.encoding" value="UnicodeLittle"/>
    <property name="java.class.version" value="64.0"/>
  </properties>
  <testcase name="runScenario[&quot;Cart&quot;, &quot;Cart feature&quot;](1)" classname="TestRunner.TestRunner" time="16.3">
    <failure message="items move to cart failed" type="java.lang.AssertionError"><![CDATA[java.lang.AssertionError: items move to cart failed
	at org.testng.Assert.fail(Assert.java:110)
	at StepDefinitions.Cart.user_clicks_on_move_to_cart(Cart.java:47)
	at ✽.user clicks on move to cart(file:///D:/Downloads/SelAssessment/Features/Cart.feature:18)
]]></failure>
    <system-out><![CDATA[-----------------------------------------------------------------------------------
| CLEANUP PROCESS BEFORE TEST SUITE                       |         |SUCCESS      |
-----------------------------------------------------------------------------------
| TEST         | STEPS                                    | RESULT  |VALIDATION   |
-----------------------------------------------------------------------------------
| CART         |                                                                  |
|              | HOMEPAGE                                 | PASS    |             |
|              | LOGIN                                    | PASS    |             |
|              | MENU BAR ITEM                            | PASS    |             |
|              | ENTER ITEM                               | PASS    |             |
|              | SEARCH ITEM                              | PASS    |             |
|              | ADD TO WISHLIST                          | PASS    |             |
|              | ENTER ITEM                               | PASS    |             |
|              | SEARCH ITEM                              | PASS    |             |
|              | ADD TO WISHLIST                          | PASS    |             |
|              | GO TO WISHLIST                           | PASS    |             |
|              | MOVE TO CART                             | FAIL    |             |
|              | CLEANUP CART                             | PASS    |             |
|              | CLEANUP WISHLIST                         | PASS    |             |
|              | LOGOUT                                   | PASS    |             |
-----------------------------------------------------------------------------------
]]></system-out>
    <system-err><![CDATA[SLF4J: Failed to load class "org.slf4j.impl.StaticLoggerBinder".
SLF4J: Defaulting to no-operation (NOP) logger implementation
SLF4J: See http://www.slf4j.org/codes.html#StaticLoggerBinder for further details.
Starting Microsoft Edge WebDriver 112.0.1722.64 (28b771e297ed78ce970c7e059bb87fe0ca0e66c1) on port 44402
To submit feedback, report a bug, or suggest new features, please visit https://github.com/MicrosoftEdge/EdgeWebDriver

Only local connections are allowed.
Please see https://aka.ms/WebDriverSecurity for suggestions on keeping Microsoft Edge WebDriver safe.

Microsoft Edge WebDriver was started successfully.
]]></system-err>
  </testcase>
  <testcase name="runScenario[&quot;Cart&quot;, &quot;Cart feature&quot;](2)" classname="TestRunner.TestRunner" time="17.204">
    <failure message="items move to cart failed" type="java.lang.AssertionError"><![CDATA[java.lang.AssertionError: items move to cart failed
	at org.testng.Assert.fail(Assert.java:110)
	at StepDefinitions.Cart.user_clicks_on_move_to_cart(Cart.java:47)
	at ✽.user clicks on move to cart(file:///D:/Downloads/SelAssessment/Features/Cart.feature:18)
]]></failure>
    <system-out><![CDATA[-----------------------------------------------------------------------------------
| CART         |                                                                  |
|              | HOMEPAGE                                 | PASS    |             |
|              | LOGIN                                    | PASS    |             |
|              | MENU BAR ITEM                            | PASS    |             |
|              | ENTER ITEM                               | PASS    |             |
|              | SEARCH ITEM                              | PASS    |             |
|              | ADD TO WISHLIST                          | PASS    |             |
|              | ENTER ITEM                               | PASS    |             |
|              | SEARCH ITEM                              | PASS    |             |
|              | ADD TO WISHLIST                          | PASS    |             |
|              | GO TO WISHLIST                           | PASS    |             |
|              | MOVE TO CART                             | FAIL    |             |
|              | CLEANUP CART                             | PASS    |             |
|              | CLEANUP WISHLIST                         | PASS    |             |
|              | LOGOUT                                   | PASS    |             |
-----------------------------------------------------------------------------------
]]></system-out>
  </testcase>
  <testcase name="runScenario[&quot;Cart&quot;, &quot;Cart feature&quot;](3)" classname="TestRunner.TestRunner" time="43.594">
    <failure message="Exception in adding to wishlist" type="java.lang.AssertionError"><![CDATA[java.lang.AssertionError: Exception in adding to wishlist
	at org.testng.Assert.fail(Assert.java:110)
	at StepDefinitions.Wishlist.user_will_add_to_wishlist(Wishlist.java:41)
	at ✽.user will add to wishlist(file:///D:/Downloads/SelAssessment/Features/Cart.feature:13)
]]></failure>
    <system-out><![CDATA[-----------------------------------------------------------------------------------
| CART         |                                                                  |
|              | HOMEPAGE                                 | PASS    |             |
|              | LOGIN                                    | PASS    |             |
|              | MENU BAR ITEM                            | PASS    |             |
|              | ENTER ITEM                               | PASS    |             |
|              | SEARCH ITEM                              | PASS    |             |
|              | ADD TO WISHLIST                          | FAIL    |             |
|              | CLEANUP CART                             | PASS    |             |
|              | CLEANUP WISHLIST                         | PASS    |             |
|              | LOGOUT                                   | PASS    |             |
-----------------------------------------------------------------------------------
]]></system-out>
  </testcase>
  <testcase name="runScenario[&quot;Validate menu item&quot;, &quot;Menu Functionality&quot;](4)" classname="TestRunner.TestRunner" time="7.229">
    <system-out><![CDATA[-----------------------------------------------------------------------------------
| HEADER MENU  |                                                                  |
|              | HOMEPAGE                                 | PASS    |             |
|              | SELECT HEADER CATEGORY                   | PASS    |             |
|              | VALIDATE ON ITEM PAGE                    | PASS    |SUCCESS      |
]]></system-out>
  </testcase>
  <testcase name="runScenario[&quot;Validate menu item&quot;, &quot;Menu Functionality&quot;](5)" classname="TestRunner.TestRunner" time="3.268">
    <system-out><![CDATA[-----------------------------------------------------------------------------------
| HEADER MENU  |                                                                  |
|              | HOMEPAGE                                 | PASS    |             |
|              | SELECT HEADER CATEGORY                   | PASS    |             |
|              | VALIDATE ON ITEM PAGE                    | PASS    |SUCCESS      |
]]></system-out>
  </testcase>
  <testcase name="runScenario[&quot;Validate menu item&quot;, &quot;Menu Functionality&quot;](6)" classname="TestRunner.TestRunner" time="1.102">
    <failure message="Exception in Validating Items" type="java.lang.AssertionError"><![CDATA[java.lang.AssertionError: Exception in Validating Items
	at org.testng.Assert.fail(Assert.java:110)
	at StepDefinitions.HeaderMenu.user_should_be_able_to_navigate_to_the_item_page(HeaderMenu.java:49)
	at ✽.user should be able to navigate to the item page(file:///D:/Downloads/SelAssessment/Features/HeaderMenu.feature:11)
]]></failure>
    <system-out><![CDATA[-----------------------------------------------------------------------------------
| HEADER MENU  |                                                                  |
|              | HOMEPAGE                                 | PASS    |             |
|              | SELECT HEADER CATEGORY                   | PASS    |             |
|              | VALIDATE ON ITEM PAGE                    | FAIL    |FAILURE      |
]]></system-out>
  </testcase>
  <testcase name="runScenario[&quot;Validate menu item&quot;, &quot;Menu Functionality&quot;](7)" classname="TestRunner.TestRunner" time="1.115">
    <system-out><![CDATA[-----------------------------------------------------------------------------------
| HEADER MENU  |                                                                  |
|              | HOMEPAGE                                 | PASS    |             |
|              | SELECT HEADER CATEGORY                   | PASS    |             |
|              | VALIDATE ON ITEM PAGE                    | PASS    |SUCCESS      |
]]></system-out>
  </testcase>
  <testcase name="runScenario[&quot;Validate menu item&quot;, &quot;Menu Functionality&quot;](8)" classname="TestRunner.TestRunner" time="10.507">
    <failure message="Header Category not selected" type="java.lang.AssertionError"><![CDATA[java.lang.AssertionError: Header Category not selected
	at org.testng.Assert.fail(Assert.java:110)
	at StepDefinitions.HeaderMenu.user_clicks_on_menu_bar_item(HeaderMenu.java:34)
	at ✽.user clicks on menu bar item "invalid"(file:///D:/Downloads/SelAssessment/Features/HeaderMenu.feature:10)
]]></failure>
    <system-out><![CDATA[-----------------------------------------------------------------------------------
| HEADER MENU  |                                                                  |
|              | HOMEPAGE                                 | PASS    |             |
|              | SELECT HEADER CATEGORY                   | FAIL    |             |
]]></system-out>
  </testcase>
  <testcase name="runScenario[&quot;Validate Products&quot;, &quot;Menu Functionality&quot;](9)" classname="TestRunner.TestRunner" time="1.774">
    <system-out><![CDATA[-----------------------------------------------------------------------------------
| HEADER MENU  |                                                                  |
|              | HOMEPAGE                                 | PASS    |             |
|              | SELECT HEADER CATEGORY                   | PASS    |             |
|              | VALIDATE ON ITEM PAGE                    | PASS    |SUCCESS      |
|              | VALIDATE PRODUCT                         | PASS    |SUCCESS      |
]]></system-out>
  </testcase>
  <testcase name="runScenario[&quot;Validate Products&quot;, &quot;Menu Functionality&quot;](10)" classname="TestRunner.TestRunner" time="1.227">
    <system-out><![CDATA[-----------------------------------------------------------------------------------
| HEADER MENU  |                                                                  |
|              | HOMEPAGE                                 | PASS    |             |
|              | SELECT HEADER CATEGORY                   | PASS    |             |
|              | VALIDATE ON ITEM PAGE                    | PASS    |SUCCESS      |
|              | VALIDATE PRODUCT                         | PASS    |SUCCESS      |
]]></system-out>
  </testcase>
  <testcase name="runScenario[&quot;Validate Products&quot;, &quot;Menu Functionality&quot;](11)" classname="TestRunner.TestRunner" time="2.008">
    <failure message="The product camera with 3D pixels given does not exist in category Kids Wear" type="java.lang.AssertionError"><![CDATA[java.lang.AssertionError: The product camera with 3D pixels given does not exist in category Kids Wear
	at org.testng.Assert.fail(Assert.java:110)
	at StepDefinitions.HeaderMenu.validate_the_product_present_with_and_and(HeaderMenu.java:76)
	at ✽.validate the product present with "camera with 3D pixels" and "$990.00" and "2569"(file:///D:/Downloads/SelAssessment/Features/HeaderMenu.feature:26)
]]></failure>
    <system-out><![CDATA[-----------------------------------------------------------------------------------
| HEADER MENU  |                                                                  |
|              | HOMEPAGE                                 | PASS    |             |
|              | SELECT HEADER CATEGORY                   | PASS    |             |
|              | VALIDATE ON ITEM PAGE                    | PASS    |SUCCESS      |
|              | VALIDATE PRODUCT                         | PASS    |FAILURE      |
]]></system-out>
  </testcase>
  <testcase name="runScenario[&quot;Validate menu item&quot;, &quot;Left Menu functionality&quot;](12)" classname="TestRunner.TestRunner" time="2.727">
    <system-out><![CDATA[-----------------------------------------------------------------------------------
| LEFT MENU    |                                                                  |
|              | HOMEPAGE                                 | PASS    |             |
|              | MENU BAR ITEM                            | PASS    |             |
|              | SELECT LEFT MENU CATEGORY                | PASS    |             |
|              | VALIDATE COUNT ON ITEM PAGE              | PASS    |SUCCESS      |
]]></system-out>
  </testcase>
  <testcase name="runScenario[&quot;Validate menu item&quot;, &quot;Left Menu functionality&quot;](13)" classname="TestRunner.TestRunner" time="1.683">
    <system-out><![CDATA[-----------------------------------------------------------------------------------
| LEFT MENU    |                                                                  |
|              | HOMEPAGE                                 | PASS    |             |
|              | MENU BAR ITEM                            | PASS    |             |
|              | SELECT LEFT MENU CATEGORY                | PASS    |             |
|              | VALIDATE COUNT ON ITEM PAGE              | PASS    |SUCCESS      |
]]></system-out>
  </testcase>
  <testcase name="runScenario[&quot;Validate menu item&quot;, &quot;Left Menu functionality&quot;](14)" classname="TestRunner.TestRunner" time="11.387">
    <failure message="Left menu category not selected" type="java.lang.AssertionError"><![CDATA[java.lang.AssertionError: Left menu category not selected
	at org.testng.Assert.fail(Assert.java:110)
	at StepDefinitions.LeftMenu.user_clicks_on_left_menu_item(LeftMenu.java:36)
	at ✽.user clicks on left menu item "Furniture"(file:///D:/Downloads/SelAssessment/Features/LeftMenu.feature:11)
]]></failure>
    <system-out><![CDATA[-----------------------------------------------------------------------------------
| LEFT MENU    |                                                                  |
|              | HOMEPAGE                                 | PASS    |             |
|              | MENU BAR ITEM                            | PASS    |             |
|              | SELECT LEFT MENU CATEGORY                | FAIL    |             |
]]></system-out>
  </testcase>
  <testcase name="runScenario[&quot;Validate menu item&quot;, &quot;Left Menu functionality&quot;](15)" classname="TestRunner.TestRunner" time="1.914">
    <system-out><![CDATA[-----------------------------------------------------------------------------------
| LEFT MENU    |                                                                  |
|              | HOMEPAGE                                 | PASS    |             |
|              | MENU BAR ITEM                            | PASS    |             |
|              | SELECT LEFT MENU CATEGORY                | PASS    |             |
|              | VALIDATE COUNT ON ITEM PAGE              | PASS    |SUCCESS      |
]]></system-out>
  </testcase>
  <testcase name="runScenario[&quot;Validate menu item&quot;, &quot;Left Menu functionality&quot;](16)" classname="TestRunner.TestRunner" time="1.83">
    <system-out><![CDATA[-----------------------------------------------------------------------------------
| LEFT MENU    |                                                                  |
|              | HOMEPAGE                                 | PASS    |             |
|              | MENU BAR ITEM                            | PASS    |             |
|              | SELECT LEFT MENU CATEGORY                | PASS    |             |
|              | VALIDATE COUNT ON ITEM PAGE              | PASS    |SUCCESS      |
]]></system-out>
  </testcase>
  <testcase name="runScenario[&quot;Validate menu item&quot;, &quot;Left Menu functionality&quot;](17)" classname="TestRunner.TestRunner" time="11.485">
    <failure message="Left menu category not selected" type="java.lang.AssertionError"><![CDATA[java.lang.AssertionError: Left menu category not selected
	at org.testng.Assert.fail(Assert.java:110)
	at StepDefinitions.LeftMenu.user_clicks_on_left_menu_item(LeftMenu.java:36)
	at ✽.user clicks on left menu item "invalid"(file:///D:/Downloads/SelAssessment/Features/LeftMenu.feature:11)
]]></failure>
    <system-out><![CDATA[-----------------------------------------------------------------------------------
| LEFT MENU    |                                                                  |
|              | HOMEPAGE                                 | PASS    |             |
|              | MENU BAR ITEM                            | PASS    |             |
|              | SELECT LEFT MENU CATEGORY                | FAIL    |             |
]]></system-out>
  </testcase>
  <testcase name="runScenario[&quot;Order&quot;, &quot;Order&quot;](18)" classname="TestRunner.TestRunner" time="24.011">
    <failure message="items move to cart failed" type="java.lang.AssertionError"><![CDATA[java.lang.AssertionError: items move to cart failed
	at org.testng.Assert.fail(Assert.java:110)
	at StepDefinitions.Cart.user_clicks_on_move_to_cart(Cart.java:47)
	at ✽.user clicks on move to cart(file:///D:/Downloads/SelAssessment/Features/Order.feature:19)
]]></failure>
    <system-out><![CDATA[-----------------------------------------------------------------------------------
| ORDER        |                                                                  |
|              | HOMEPAGE                                 | PASS    |             |
|              | LOGIN                                    | PASS    |             |
|              | MENU BAR ITEM                            | PASS    |             |
|              | ENTER ITEM                               | PASS    |             |
|              | SEARCH ITEM                              | PASS    |             |
|              | ADD TO WISHLIST                          | PASS    |             |
|              | ENTER ITEM                               | PASS    |             |
|              | SEARCH ITEM                              | PASS    |             |
|              | ADD TO WISHLIST                          | PASS    |             |
|              | GO TO WISHLIST                           | PASS    |             |
|              | MOVE TO CART                             | FAIL    |             |
|              | CLEANUP CART                             | PASS    |             |
|              | CLEANUP WISHLIST                         | PASS    |             |
|              | LOGOUT                                   | PASS    |             |
-----------------------------------------------------------------------------------
]]></system-out>
  </testcase>
  <testcase name="runScenario[&quot;Order&quot;, &quot;Order&quot;](19)" classname="TestRunner.TestRunner" time="17.789">
    <failure message="items move to cart failed" type="java.lang.AssertionError"><![CDATA[java.lang.AssertionError: items move to cart failed
	at org.testng.Assert.fail(Assert.java:110)
	at StepDefinitions.Cart.user_clicks_on_move_to_cart(Cart.java:47)
	at ✽.user clicks on move to cart(file:///D:/Downloads/SelAssessment/Features/Order.feature:19)
]]></failure>
    <system-out><![CDATA[-----------------------------------------------------------------------------------
| ORDER        |                                                                  |
|              | HOMEPAGE                                 | PASS    |             |
|              | LOGIN                                    | PASS    |             |
|              | MENU BAR ITEM                            | PASS    |             |
|              | ENTER ITEM                               | PASS    |             |
|              | SEARCH ITEM                              | PASS    |             |
|              | ADD TO WISHLIST                          | PASS    |             |
|              | ENTER ITEM                               | PASS    |             |
|              | SEARCH ITEM                              | PASS    |             |
|              | ADD TO WISHLIST                          | PASS    |             |
|              | GO TO WISHLIST                           | PASS    |             |
|              | MOVE TO CART                             | FAIL    |             |
|              | CLEANUP CART                             | PASS    |             |
|              | CLEANUP WISHLIST                         | PASS    |             |
|              | LOGOUT                                   | PASS    |             |
-----------------------------------------------------------------------------------
]]></system-out>
  </testcase>
  <testcase name="runScenario[&quot;Order&quot;, &quot;Order&quot;](20)" classname="TestRunner.TestRunner" time="17.874">
    <failure message="items move to cart failed" type="java.lang.AssertionError"><![CDATA[java.lang.AssertionError: items move to cart failed
	at org.testng.Assert.fail(Assert.java:110)
	at StepDefinitions.Cart.user_clicks_on_move_to_cart(Cart.java:47)
	at ✽.user clicks on move to cart(file:///D:/Downloads/SelAssessment/Features/Order.feature:19)
]]></failure>
    <system-out><![CDATA[-----------------------------------------------------------------------------------
| ORDER        |                                                                  |
|              | HOMEPAGE                                 | PASS    |             |
|              | LOGIN                                    | PASS    |             |
|              | MENU BAR ITEM                            | PASS    |             |
|              | ENTER ITEM                               | PASS    |             |
|              | SEARCH ITEM                              | PASS    |             |
|              | ADD TO WISHLIST                          | PASS    |             |
|              | ENTER ITEM                               | PASS    |             |
|              | SEARCH ITEM                              | PASS    |             |
|              | ADD TO WISHLIST                          | PASS    |             |
|              | GO TO WISHLIST                           | PASS    |             |
|              | MOVE TO CART                             | FAIL    |             |
|              | CLEANUP CART                             | PASS    |             |
|              | CLEANUP WISHLIST                         | PASS    |             |
|              | LOGOUT                                   | PASS    |             |
-----------------------------------------------------------------------------------
]]></system-out>
  </testcase>
  <testcase name="runScenario[&quot;Order&quot;, &quot;Order&quot;](21)" classname="TestRunner.TestRunner" time="41.759">
    <failure message="Exception in adding to wishlist" type="java.lang.AssertionError"><![CDATA[java.lang.AssertionError: Exception in adding to wishlist
	at org.testng.Assert.fail(Assert.java:110)
	at StepDefinitions.Wishlist.user_will_add_to_wishlist(Wishlist.java:41)
	at ✽.user will add to wishlist(file:///D:/Downloads/SelAssessment/Features/Order.feature:14)
]]></failure>
    <system-out><![CDATA[-----------------------------------------------------------------------------------
| ORDER        |                                                                  |
|              | HOMEPAGE                                 | PASS    |             |
|              | LOGIN                                    | PASS    |             |
|              | MENU BAR ITEM                            | PASS    |             |
|              | ENTER ITEM                               | PASS    |             |
|              | SEARCH ITEM                              | PASS    |             |
|              | ADD TO WISHLIST                          | FAIL    |             |
|              | CLEANUP CART                             | PASS    |             |
|              | CLEANUP WISHLIST                         | PASS    |             |
|              | LOGOUT                                   | PASS    |             |
-----------------------------------------------------------------------------------
]]></system-out>
  </testcase>
  <testcase name="runScenario[&quot;Search for the Item&quot;, &quot;Search for an Item&quot;](22)" classname="TestRunner.TestRunner" time="6.797">
    <failure message="The search items retrieved do not match for the item : sony" type="java.lang.AssertionError"><![CDATA[java.lang.AssertionError: The search items retrieved do not match for the item : sony
	at org.testng.Assert.fail(Assert.java:110)
	at StepDefinitions.Search.user_should_be_able_to_view_the_items(Search.java:81)
	at ✽.user should be able to view the items "sony"(file:///D:/Downloads/SelAssessment/Features/Search.feature:14)
]]></failure>
    <system-out><![CDATA[-----------------------------------------------------------------------------------
| SEARCH       |                                                                  |
|              | HOMEPAGE                                 | PASS    |             |
|              | MENU BAR ITEM                            | PASS    |             |
|              | SELECT CATEGORY                          | PASS    |             |
|              | ENTER ITEM                               | PASS    |             |
|              | SEARCH ITEM                              | PASS    |             |
|              | VALIDATE ON ITEM PAGE                    | PASS    |FAILURE      |
]]></system-out>
  </testcase>
  <testcase name="runScenario[&quot;Search for the Item&quot;, &quot;Search for an Item&quot;](23)" classname="TestRunner.TestRunner" time="6.949">
    <system-out><![CDATA[-----------------------------------------------------------------------------------
| SEARCH       |                                                                  |
|              | HOMEPAGE                                 | PASS    |             |
|              | MENU BAR ITEM                            | PASS    |             |
|              | SELECT CATEGORY                          | PASS    |             |
|              | ENTER ITEM                               | PASS    |             |
|              | SEARCH ITEM                              | PASS    |             |
|              | VALIDATE ON ITEM PAGE                    | PASS    |SUCCESS      |
]]></system-out>
  </testcase>
  <testcase name="runScenario[&quot;Search for the Item&quot;, &quot;Search for an Item&quot;](24)" classname="TestRunner.TestRunner" time="8.04">
    <system-out><![CDATA[-----------------------------------------------------------------------------------
| SEARCH       |                                                                  |
|              | HOMEPAGE                                 | PASS    |             |
|              | MENU BAR ITEM                            | PASS    |             |
|              | SELECT CATEGORY                          | PASS    |             |
|              | ENTER ITEM                               | PASS    |             |
|              | SEARCH ITEM                              | PASS    |             |
|              | VALIDATE ON ITEM PAGE                    | PASS    |SUCCESS      |
]]></system-out>
  </testcase>
  <testcase name="runScenario[&quot;Search for the Item&quot;, &quot;Search for an Item&quot;](25)" classname="TestRunner.TestRunner" time="14.954">
    <failure message="category could not be selected properly" type="java.lang.AssertionError"><![CDATA[java.lang.AssertionError: category could not be selected properly
	at org.testng.Assert.fail(Assert.java:110)
	at StepDefinitions.Search.user_selects_category_as(Search.java:32)
	at ✽.user selects category as "invalid"(file:///D:/Downloads/SelAssessment/Features/Search.feature:11)
]]></failure>
    <system-out><![CDATA[-----------------------------------------------------------------------------------
| SEARCH       |                                                                  |
|              | HOMEPAGE                                 | PASS    |             |
|              | MENU BAR ITEM                            | PASS    |             |
|              | SELECT CATEGORY                          | FAIL    |             |
]]></system-out>
  </testcase>
  <testcase name="runScenario[&quot;Search for the Item&quot;, &quot;Search for an Item&quot;](26)" classname="TestRunner.TestRunner" time="16.773">
    <failure message="The search items retrieved do not match for the item : invalid" type="java.lang.AssertionError"><![CDATA[java.lang.AssertionError: The search items retrieved do not match for the item : invalid
	at org.testng.Assert.fail(Assert.java:110)
	at StepDefinitions.Search.user_should_be_able_to_view_the_items(Search.java:81)
	at ✽.user should be able to view the items "invalid"(file:///D:/Downloads/SelAssessment/Features/Search.feature:14)
]]></failure>
    <system-out><![CDATA[-----------------------------------------------------------------------------------
| SEARCH       |                                                                  |
|              | HOMEPAGE                                 | PASS    |             |
|              | MENU BAR ITEM                            | PASS    |             |
|              | SELECT CATEGORY                          | PASS    |             |
|              | ENTER ITEM                               | PASS    |             |
|              | SEARCH ITEM                              | PASS    |             |
|              | VALIDATE ON ITEM PAGE                    | PASS    |FAILURE      |
]]></system-out>
  </testcase>
  <testcase name="runScenario[&quot;Search for the Item&quot;, &quot;Search for an Item&quot;](27)" classname="TestRunner.TestRunner" time="16.951">
    <failure message="The search items retrieved do not match for the item : " type="java.lang.AssertionError"><![CDATA[java.lang.AssertionError: The search items retrieved do not match for the item : 
	at org.testng.Assert.fail(Assert.java:110)
	at StepDefinitions.Search.user_should_be_able_to_view_the_items(Search.java:81)
	at ✽.user should be able to view the items ""(file:///D:/Downloads/SelAssessment/Features/Search.feature:14)
]]></failure>
    <system-out><![CDATA[-----------------------------------------------------------------------------------
| SEARCH       |                                                                  |
|              | HOMEPAGE                                 | PASS    |             |
|              | MENU BAR ITEM                            | PASS    |             |
|              | SELECT CATEGORY                          | PASS    |             |
|              | ENTER ITEM                               | PASS    |             |
|              | SEARCH ITEM                              | PASS    |             |
|              | VALIDATE ON ITEM PAGE                    | PASS    |FAILURE      |
]]></system-out>
  </testcase>
  <testcase name="runScenario[&quot;Wishlist&quot;, &quot;Wishlist&quot;](28)" classname="TestRunner.TestRunner" time="20.648">
    <system-out><![CDATA[-----------------------------------------------------------------------------------
| WISHLIST     |                                                                  |
|              | HOMEPAGE                                 | PASS    |             |
|              | LOGIN                                    | PASS    |             |
|              | MENU BAR ITEM                            | PASS    |             |
|              | ENTER ITEM                               | PASS    |             |
|              | SEARCH ITEM                              | PASS    |             |
|              | ADD TO WISHLIST                          | PASS    |             |
|              | ENTER ITEM                               | PASS    |             |
|              | SEARCH ITEM                              | PASS    |             |
|              | ADD TO WISHLIST                          | PASS    |             |
|              | VALIDATE ON WISHLIST                     | PASS    |SUCCESS      |
|              | UPDATE IN WISHLIST                       | PASS    |             |
|              | VALIDATE UPDATE IN WISHLIST              | PASS    |SUCCESS      |
|              | CLEANUP WISHLIST                         | PASS    |             |
|              | LOGOUT                                   | PASS    |             |
-----------------------------------------------------------------------------------
]]></system-out>
  </testcase>
  <testcase name="runScenario[&quot;Wishlist&quot;, &quot;Wishlist&quot;](29)" classname="TestRunner.TestRunner" time="17.498">
    <system-out><![CDATA[-----------------------------------------------------------------------------------
| WISHLIST     |                                                                  |
|              | HOMEPAGE                                 | PASS    |             |
|              | LOGIN                                    | PASS    |             |
|              | MENU BAR ITEM                            | PASS    |             |
|              | ENTER ITEM                               | PASS    |             |
|              | SEARCH ITEM                              | PASS    |             |
|              | ADD TO WISHLIST                          | PASS    |             |
|              | ENTER ITEM                               | PASS    |             |
|              | SEARCH ITEM                              | PASS    |             |
|              | ADD TO WISHLIST                          | PASS    |             |
|              | VALIDATE ON WISHLIST                     | PASS    |SUCCESS      |
|              | UPDATE IN WISHLIST                       | PASS    |             |
|              | VALIDATE UPDATE IN WISHLIST              | PASS    |SUCCESS      |
|              | CLEANUP WISHLIST                         | PASS    |             |
|              | LOGOUT                                   | PASS    |             |
-----------------------------------------------------------------------------------
]]></system-out>
  </testcase>
  <testcase name="runScenario[&quot;Wishlist&quot;, &quot;Wishlist&quot;](30)" classname="TestRunner.TestRunner" time="29.486">
    <failure message="Exception in adding to wishlist" type="java.lang.AssertionError"><![CDATA[java.lang.AssertionError: Exception in adding to wishlist
	at org.testng.Assert.fail(Assert.java:110)
	at StepDefinitions.Wishlist.user_will_add_to_wishlist(Wishlist.java:41)
	at ✽.user will add to wishlist(file:///D:/Downloads/SelAssessment/Features/Wishlisht.feature:13)
]]></failure>
    <system-out><![CDATA[-----------------------------------------------------------------------------------
| WISHLIST     |                                                                  |
|              | HOMEPAGE                                 | PASS    |             |
|              | LOGIN                                    | PASS    |             |
|              | MENU BAR ITEM                            | PASS    |             |
|              | ENTER ITEM                               | PASS    |             |
|              | SEARCH ITEM                              | PASS    |             |
|              | ADD TO WISHLIST                          | FAIL    |             |
|              | CLEANUP WISHLIST                         | PASS    |             |
|              | LOGOUT                                   | PASS    |             |
-----------------------------------------------------------------------------------
]]></system-out>
  </testcase>
  <testcase name="runScenario[&quot;Wishlist&quot;, &quot;Wishlist&quot;](31)" classname="TestRunner.TestRunner" time="29.35">
    <failure message="Exception in adding to wishlist" type="java.lang.AssertionError"><![CDATA[java.lang.AssertionError: Exception in adding to wishlist
	at org.testng.Assert.fail(Assert.java:110)
	at StepDefinitions.Wishlist.user_will_add_to_wishlist(Wishlist.java:41)
	at ✽.user will add to wishlist(file:///D:/Downloads/SelAssessment/Features/Wishlisht.feature:13)
]]></failure>
    <system-out><![CDATA[-----------------------------------------------------------------------------------
| WISHLIST     |                                                                  |
|              | HOMEPAGE                                 | PASS    |             |
|              | LOGIN                                    | PASS    |             |
|              | MENU BAR ITEM                            | PASS    |             |
|              | ENTER ITEM                               | PASS    |             |
|              | SEARCH ITEM                              | PASS    |             |
|              | ADD TO WISHLIST                          | FAIL    |             |
|              | CLEANUP WISHLIST                         | PASS    |             |
|              | LOGOUT                                   | PASS    |             |
-----------------------------------------------------------------------------------
]]></system-out>
  </testcase>
  <testcase name="runScenario[&quot;Wishlist&quot;, &quot;Wishlist&quot;](32)" classname="TestRunner.TestRunner" time="23.432">
    <failure message="Exception in adding to wishlist" type="java.lang.AssertionError"><![CDATA[java.lang.AssertionError: Exception in adding to wishlist
	at org.testng.Assert.fail(Assert.java:110)
	at StepDefinitions.Wishlist.user_will_add_to_wishlist(Wishlist.java:41)
	at ✽.user will add to wishlist(file:///D:/Downloads/SelAssessment/Features/Wishlisht.feature:16)
]]></failure>
    <system-out><![CDATA[-----------------------------------------------------------------------------------
| WISHLIST     |                                                                  |
|              | HOMEPAGE                                 | PASS    |             |
|              | LOGIN                                    | PASS    |             |
|              | MENU BAR ITEM                            | PASS    |             |
|              | ENTER ITEM                               | PASS    |             |
|              | SEARCH ITEM                              | PASS    |             |
|              | ADD TO WISHLIST                          | PASS    |             |
|              | ENTER ITEM                               | PASS    |             |
|              | SEARCH ITEM                              | PASS    |             |
|              | ADD TO WISHLIST                          | FAIL    |             |
|              | CLEANUP WISHLIST                         | PASS    |             |
|              | LOGOUT                                   | PASS    |             |
-----------------------------------------------------------------------------------
]]></system-out>
  </testcase>
</testsuite>