<?xml version="1.0" encoding="UTF-8"?>
<testng-results ignored="0" total="32" passed="19" failed="13" skipped="0">
  <reporter-output>
  </reporter-output>
  <suite started-at="2023-04-29T08:09:51 IST" name="Default suite" finished-at="2023-04-29T08:18:10 IST" duration-ms="498800">
    <groups>
      <group name="cucumber">
        <method signature="AbstractTestNGCucumberTests.runScenario(io.cucumber.testng.PickleWrapper,io.cucumber.testng.FeatureWrapper)[pri:0, instance:TestRunner.TestRunner@d9345cd]" name="runScenario" class="io.cucumber.testng.AbstractTestNGCucumberTests"/>
      </group> <!-- cucumber -->
    </groups>
    <test started-at="2023-04-29T08:09:51 IST" name="Default test" finished-at="2023-04-29T08:18:10 IST" duration-ms="498800">
      <class name="TestRunner.TestRunner">
        <test-method is-config="true" signature="setUpClass(org.testng.ITestContext)[pri:0, instance:TestRunner.TestRunner@d9345cd]" started-at="2023-04-29T08:09:51 IST" name="setUpClass" finished-at="2023-04-29T08:10:25 IST" duration-ms="33937" status="PASS">
          <params>
            <param index="0">
              <value>
                <![CDATA[org.testng.TestRunner@3811464b]]>
              </value>
            </param>
          </params>
          <reporter-output>
          </reporter-output>
        </test-method> <!-- setUpClass -->
        <test-method signature="runScenario(io.cucumber.testng.PickleWrapper,io.cucumber.testng.FeatureWrapper)[pri:0, instance:TestRunner.TestRunner@d9345cd]" started-at="2023-04-29T08:10:25 IST" name="runScenario" description="Runs Cucumber Scenarios" data-provider="scenarios" finished-at="2023-04-29T08:10:32 IST" duration-ms="6414" status="FAIL">
          <params>
            <param index="0">
              <value>
                <![CDATA["Search for the Item"]]>
              </value>
            </param>
            <param index="1">
              <value>
                <![CDATA["Optional[Search for an Item]"]]>
              </value>
            </param>
          </params>
          <exception class="java.lang.AssertionError">
            <message>
              <![CDATA[The search items retrieved do not match for the item : sony]]>
            </message>
            <full-stacktrace>
              <![CDATA[java.lang.AssertionError: The search items retrieved do not match for the item : sony
at org.testng.Assert.fail(Assert.java:99)
at StepDefinitions.Search.user_should_be_able_to_view_the_items(Search.java:84)
at ✽.user should be able to view the items "sony"(file:///C:/Users/NitishDosapati/eclipse-workspace2/SelAssessment/Features/A)Search.feature:15)
]]>
            </full-stacktrace>
          </exception> <!-- java.lang.AssertionError -->
          <reporter-output>
          </reporter-output>
        </test-method> <!-- runScenario -->
        <test-method signature="runScenario(io.cucumber.testng.PickleWrapper,io.cucumber.testng.FeatureWrapper)[pri:0, instance:TestRunner.TestRunner@d9345cd]" started-at="2023-04-29T08:10:32 IST" name="runScenario" description="Runs Cucumber Scenarios" data-provider="scenarios" finished-at="2023-04-29T08:10:38 IST" duration-ms="6104" status="PASS">
          <params>
            <param index="0">
              <value>
                <![CDATA["Search for the Item"]]>
              </value>
            </param>
            <param index="1">
              <value>
                <![CDATA["Optional[Search for an Item]"]]>
              </value>
            </param>
          </params>
          <reporter-output>
          </reporter-output>
        </test-method> <!-- runScenario -->
        <test-method signature="runScenario(io.cucumber.testng.PickleWrapper,io.cucumber.testng.FeatureWrapper)[pri:0, instance:TestRunner.TestRunner@d9345cd]" started-at="2023-04-29T08:10:38 IST" name="runScenario" description="Runs Cucumber Scenarios" data-provider="scenarios" finished-at="2023-04-29T08:10:45 IST" duration-ms="7150" status="PASS">
          <params>
            <param index="0">
              <value>
                <![CDATA["Search for the Item"]]>
              </value>
            </param>
            <param index="1">
              <value>
                <![CDATA["Optional[Search for an Item]"]]>
              </value>
            </param>
          </params>
          <reporter-output>
          </reporter-output>
        </test-method> <!-- runScenario -->
        <test-method signature="runScenario(io.cucumber.testng.PickleWrapper,io.cucumber.testng.FeatureWrapper)[pri:0, instance:TestRunner.TestRunner@d9345cd]" started-at="2023-04-29T08:10:45 IST" name="runScenario" description="Runs Cucumber Scenarios" data-provider="scenarios" finished-at="2023-04-29T08:10:58 IST" duration-ms="12916" status="FAIL">
          <params>
            <param index="0">
              <value>
                <![CDATA["Search for the Item"]]>
              </value>
            </param>
            <param index="1">
              <value>
                <![CDATA["Optional[Search for an Item]"]]>
              </value>
            </param>
          </params>
          <exception class="java.lang.AssertionError">
            <message>
              <![CDATA[category could not be selected properly]]>
            </message>
            <full-stacktrace>
              <![CDATA[java.lang.AssertionError: category could not be selected properly
at org.testng.Assert.fail(Assert.java:99)
at StepDefinitions.Search.user_selects_category_as(Search.java:37)
at ✽.user selects category as "invalid"(file:///C:/Users/NitishDosapati/eclipse-workspace2/SelAssessment/Features/A)Search.feature:12)
]]>
            </full-stacktrace>
          </exception> <!-- java.lang.AssertionError -->
          <reporter-output>
          </reporter-output>
        </test-method> <!-- runScenario -->
        <test-method signature="runScenario(io.cucumber.testng.PickleWrapper,io.cucumber.testng.FeatureWrapper)[pri:0, instance:TestRunner.TestRunner@d9345cd]" started-at="2023-04-29T08:10:58 IST" name="runScenario" description="Runs Cucumber Scenarios" data-provider="scenarios" finished-at="2023-04-29T08:11:14 IST" duration-ms="16075" status="FAIL">
          <params>
            <param index="0">
              <value>
                <![CDATA["Search for the Item"]]>
              </value>
            </param>
            <param index="1">
              <value>
                <![CDATA["Optional[Search for an Item]"]]>
              </value>
            </param>
          </params>
          <exception class="java.lang.AssertionError">
            <message>
              <![CDATA[The search items retrieved do not match for the item : invalid]]>
            </message>
            <full-stacktrace>
              <![CDATA[java.lang.AssertionError: The search items retrieved do not match for the item : invalid
at org.testng.Assert.fail(Assert.java:99)
at StepDefinitions.Search.user_should_be_able_to_view_the_items(Search.java:84)
at ✽.user should be able to view the items "invalid"(file:///C:/Users/NitishDosapati/eclipse-workspace2/SelAssessment/Features/A)Search.feature:15)
]]>
            </full-stacktrace>
          </exception> <!-- java.lang.AssertionError -->
          <reporter-output>
          </reporter-output>
        </test-method> <!-- runScenario -->
        <test-method signature="runScenario(io.cucumber.testng.PickleWrapper,io.cucumber.testng.FeatureWrapper)[pri:0, instance:TestRunner.TestRunner@d9345cd]" started-at="2023-04-29T08:11:14 IST" name="runScenario" description="Runs Cucumber Scenarios" data-provider="scenarios" finished-at="2023-04-29T08:11:30 IST" duration-ms="15951" status="FAIL">
          <params>
            <param index="0">
              <value>
                <![CDATA["Search for the Item"]]>
              </value>
            </param>
            <param index="1">
              <value>
                <![CDATA["Optional[Search for an Item]"]]>
              </value>
            </param>
          </params>
          <exception class="java.lang.AssertionError">
            <message>
              <![CDATA[The search items retrieved do not match for the item : ]]>
            </message>
            <full-stacktrace>
              <![CDATA[java.lang.AssertionError: The search items retrieved do not match for the item : 
at org.testng.Assert.fail(Assert.java:99)
at StepDefinitions.Search.user_should_be_able_to_view_the_items(Search.java:84)
at ✽.user should be able to view the items ""(file:///C:/Users/NitishDosapati/eclipse-workspace2/SelAssessment/Features/A)Search.feature:15)
]]>
            </full-stacktrace>
          </exception> <!-- java.lang.AssertionError -->
          <reporter-output>
          </reporter-output>
        </test-method> <!-- runScenario -->
        <test-method signature="runScenario(io.cucumber.testng.PickleWrapper,io.cucumber.testng.FeatureWrapper)[pri:0, instance:TestRunner.TestRunner@d9345cd]" started-at="2023-04-29T08:11:30 IST" name="runScenario" description="Runs Cucumber Scenarios" data-provider="scenarios" finished-at="2023-04-29T08:11:31 IST" duration-ms="531" status="PASS">
          <params>
            <param index="0">
              <value>
                <![CDATA["Validate menu item"]]>
              </value>
            </param>
            <param index="1">
              <value>
                <![CDATA["Optional[Menu Functionality]"]]>
              </value>
            </param>
          </params>
          <reporter-output>
          </reporter-output>
        </test-method> <!-- runScenario -->
        <test-method signature="runScenario(io.cucumber.testng.PickleWrapper,io.cucumber.testng.FeatureWrapper)[pri:0, instance:TestRunner.TestRunner@d9345cd]" started-at="2023-04-29T08:11:31 IST" name="runScenario" description="Runs Cucumber Scenarios" data-provider="scenarios" finished-at="2023-04-29T08:11:31 IST" duration-ms="646" status="PASS">
          <params>
            <param index="0">
              <value>
                <![CDATA["Validate menu item"]]>
              </value>
            </param>
            <param index="1">
              <value>
                <![CDATA["Optional[Menu Functionality]"]]>
              </value>
            </param>
          </params>
          <reporter-output>
          </reporter-output>
        </test-method> <!-- runScenario -->
        <test-method signature="runScenario(io.cucumber.testng.PickleWrapper,io.cucumber.testng.FeatureWrapper)[pri:0, instance:TestRunner.TestRunner@d9345cd]" started-at="2023-04-29T08:11:31 IST" name="runScenario" description="Runs Cucumber Scenarios" data-provider="scenarios" finished-at="2023-04-29T08:11:32 IST" duration-ms="625" status="PASS">
          <params>
            <param index="0">
              <value>
                <![CDATA["Validate menu item"]]>
              </value>
            </param>
            <param index="1">
              <value>
                <![CDATA["Optional[Menu Functionality]"]]>
              </value>
            </param>
          </params>
          <reporter-output>
          </reporter-output>
        </test-method> <!-- runScenario -->
        <test-method signature="runScenario(io.cucumber.testng.PickleWrapper,io.cucumber.testng.FeatureWrapper)[pri:0, instance:TestRunner.TestRunner@d9345cd]" started-at="2023-04-29T08:11:32 IST" name="runScenario" description="Runs Cucumber Scenarios" data-provider="scenarios" finished-at="2023-04-29T08:11:32 IST" duration-ms="488" status="PASS">
          <params>
            <param index="0">
              <value>
                <![CDATA["Validate menu item"]]>
              </value>
            </param>
            <param index="1">
              <value>
                <![CDATA["Optional[Menu Functionality]"]]>
              </value>
            </param>
          </params>
          <reporter-output>
          </reporter-output>
        </test-method> <!-- runScenario -->
        <test-method signature="runScenario(io.cucumber.testng.PickleWrapper,io.cucumber.testng.FeatureWrapper)[pri:0, instance:TestRunner.TestRunner@d9345cd]" started-at="2023-04-29T08:11:32 IST" name="runScenario" description="Runs Cucumber Scenarios" data-provider="scenarios" finished-at="2023-04-29T08:11:43 IST" duration-ms="10190" status="FAIL">
          <params>
            <param index="0">
              <value>
                <![CDATA["Validate menu item"]]>
              </value>
            </param>
            <param index="1">
              <value>
                <![CDATA["Optional[Menu Functionality]"]]>
              </value>
            </param>
          </params>
          <exception class="java.lang.AssertionError">
            <message>
              <![CDATA[Header Category not selected]]>
            </message>
            <full-stacktrace>
              <![CDATA[java.lang.AssertionError: Header Category not selected
at org.testng.Assert.fail(Assert.java:99)
at StepDefinitions.HeaderMenu.user_clicks_on_menu_bar_item(HeaderMenu.java:36)
at ✽.user clicks on menu bar item "invalid"(file:///C:/Users/NitishDosapati/eclipse-workspace2/SelAssessment/Features/B)HeaderMenu.feature:11)
]]>
            </full-stacktrace>
          </exception> <!-- java.lang.AssertionError -->
          <reporter-output>
          </reporter-output>
        </test-method> <!-- runScenario -->
        <test-method signature="runScenario(io.cucumber.testng.PickleWrapper,io.cucumber.testng.FeatureWrapper)[pri:0, instance:TestRunner.TestRunner@d9345cd]" started-at="2023-04-29T08:11:43 IST" name="runScenario" description="Runs Cucumber Scenarios" data-provider="scenarios" finished-at="2023-04-29T08:11:43 IST" duration-ms="748" status="PASS">
          <params>
            <param index="0">
              <value>
                <![CDATA["Validate Products"]]>
              </value>
            </param>
            <param index="1">
              <value>
                <![CDATA["Optional[Menu Functionality]"]]>
              </value>
            </param>
          </params>
          <reporter-output>
          </reporter-output>
        </test-method> <!-- runScenario -->
        <test-method signature="runScenario(io.cucumber.testng.PickleWrapper,io.cucumber.testng.FeatureWrapper)[pri:0, instance:TestRunner.TestRunner@d9345cd]" started-at="2023-04-29T08:11:43 IST" name="runScenario" description="Runs Cucumber Scenarios" data-provider="scenarios" finished-at="2023-04-29T08:11:44 IST" duration-ms="729" status="PASS">
          <params>
            <param index="0">
              <value>
                <![CDATA["Validate Products"]]>
              </value>
            </param>
            <param index="1">
              <value>
                <![CDATA["Optional[Menu Functionality]"]]>
              </value>
            </param>
          </params>
          <reporter-output>
          </reporter-output>
        </test-method> <!-- runScenario -->
        <test-method signature="runScenario(io.cucumber.testng.PickleWrapper,io.cucumber.testng.FeatureWrapper)[pri:0, instance:TestRunner.TestRunner@d9345cd]" started-at="2023-04-29T08:11:44 IST" name="runScenario" description="Runs Cucumber Scenarios" data-provider="scenarios" finished-at="2023-04-29T08:11:45 IST" duration-ms="928" status="FAIL">
          <params>
            <param index="0">
              <value>
                <![CDATA["Validate Products"]]>
              </value>
            </param>
            <param index="1">
              <value>
                <![CDATA["Optional[Menu Functionality]"]]>
              </value>
            </param>
          </params>
          <exception class="java.lang.AssertionError">
            <message>
              <![CDATA[The product camera with 3D pixels given does not exist in category Kids Wear]]>
            </message>
            <full-stacktrace>
              <![CDATA[java.lang.AssertionError: The product camera with 3D pixels given does not exist in category Kids Wear
at org.testng.Assert.fail(Assert.java:99)
at StepDefinitions.HeaderMenu.validate_the_product_present_with_and_and(HeaderMenu.java:78)
at ✽.validate the product present with "camera with 3D pixels" and "$990.00" and "2569"(file:///C:/Users/NitishDosapati/eclipse-workspace2/SelAssessment/Features/B)HeaderMenu.feature:28)
]]>
            </full-stacktrace>
          </exception> <!-- java.lang.AssertionError -->
          <reporter-output>
          </reporter-output>
        </test-method> <!-- runScenario -->
        <test-method signature="runScenario(io.cucumber.testng.PickleWrapper,io.cucumber.testng.FeatureWrapper)[pri:0, instance:TestRunner.TestRunner@d9345cd]" started-at="2023-04-29T08:11:45 IST" name="runScenario" description="Runs Cucumber Scenarios" data-provider="scenarios" finished-at="2023-04-29T08:11:46 IST" duration-ms="1015" status="PASS">
          <params>
            <param index="0">
              <value>
                <![CDATA["Validate menu item"]]>
              </value>
            </param>
            <param index="1">
              <value>
                <![CDATA["Optional[Left Menu functionality]"]]>
              </value>
            </param>
          </params>
          <reporter-output>
          </reporter-output>
        </test-method> <!-- runScenario -->
        <test-method signature="runScenario(io.cucumber.testng.PickleWrapper,io.cucumber.testng.FeatureWrapper)[pri:0, instance:TestRunner.TestRunner@d9345cd]" started-at="2023-04-29T08:11:46 IST" name="runScenario" description="Runs Cucumber Scenarios" data-provider="scenarios" finished-at="2023-04-29T08:11:47 IST" duration-ms="905" status="PASS">
          <params>
            <param index="0">
              <value>
                <![CDATA["Validate menu item"]]>
              </value>
            </param>
            <param index="1">
              <value>
                <![CDATA["Optional[Left Menu functionality]"]]>
              </value>
            </param>
          </params>
          <reporter-output>
          </reporter-output>
        </test-method> <!-- runScenario -->
        <test-method signature="runScenario(io.cucumber.testng.PickleWrapper,io.cucumber.testng.FeatureWrapper)[pri:0, instance:TestRunner.TestRunner@d9345cd]" started-at="2023-04-29T08:11:47 IST" name="runScenario" description="Runs Cucumber Scenarios" data-provider="scenarios" finished-at="2023-04-29T08:11:48 IST" duration-ms="759" status="PASS">
          <params>
            <param index="0">
              <value>
                <![CDATA["Validate menu item"]]>
              </value>
            </param>
            <param index="1">
              <value>
                <![CDATA["Optional[Left Menu functionality]"]]>
              </value>
            </param>
          </params>
          <reporter-output>
          </reporter-output>
        </test-method> <!-- runScenario -->
        <test-method signature="runScenario(io.cucumber.testng.PickleWrapper,io.cucumber.testng.FeatureWrapper)[pri:0, instance:TestRunner.TestRunner@d9345cd]" started-at="2023-04-29T08:11:48 IST" name="runScenario" description="Runs Cucumber Scenarios" data-provider="scenarios" finished-at="2023-04-29T08:11:48 IST" duration-ms="742" status="PASS">
          <params>
            <param index="0">
              <value>
                <![CDATA["Validate menu item"]]>
              </value>
            </param>
            <param index="1">
              <value>
                <![CDATA["Optional[Left Menu functionality]"]]>
              </value>
            </param>
          </params>
          <reporter-output>
          </reporter-output>
        </test-method> <!-- runScenario -->
        <test-method signature="runScenario(io.cucumber.testng.PickleWrapper,io.cucumber.testng.FeatureWrapper)[pri:0, instance:TestRunner.TestRunner@d9345cd]" started-at="2023-04-29T08:11:48 IST" name="runScenario" description="Runs Cucumber Scenarios" data-provider="scenarios" finished-at="2023-04-29T08:11:49 IST" duration-ms="924" status="PASS">
          <params>
            <param index="0">
              <value>
                <![CDATA["Validate menu item"]]>
              </value>
            </param>
            <param index="1">
              <value>
                <![CDATA["Optional[Left Menu functionality]"]]>
              </value>
            </param>
          </params>
          <reporter-output>
          </reporter-output>
        </test-method> <!-- runScenario -->
        <test-method signature="runScenario(io.cucumber.testng.PickleWrapper,io.cucumber.testng.FeatureWrapper)[pri:0, instance:TestRunner.TestRunner@d9345cd]" started-at="2023-04-29T08:11:49 IST" name="runScenario" description="Runs Cucumber Scenarios" data-provider="scenarios" finished-at="2023-04-29T08:12:00 IST" duration-ms="10734" status="FAIL">
          <params>
            <param index="0">
              <value>
                <![CDATA["Validate menu item"]]>
              </value>
            </param>
            <param index="1">
              <value>
                <![CDATA["Optional[Left Menu functionality]"]]>
              </value>
            </param>
          </params>
          <exception class="java.lang.AssertionError">
            <message>
              <![CDATA[Left menu category not selected]]>
            </message>
            <full-stacktrace>
              <![CDATA[java.lang.AssertionError: Left menu category not selected
at org.testng.Assert.fail(Assert.java:99)
at StepDefinitions.LeftMenu.user_clicks_on_left_menu_item(LeftMenu.java:36)
at ✽.user clicks on left menu item "invalid"(file:///C:/Users/NitishDosapati/eclipse-workspace2/SelAssessment/Features/C)LeftMenu.feature:11)
]]>
            </full-stacktrace>
          </exception> <!-- java.lang.AssertionError -->
          <reporter-output>
          </reporter-output>
        </test-method> <!-- runScenario -->
        <test-method signature="runScenario(io.cucumber.testng.PickleWrapper,io.cucumber.testng.FeatureWrapper)[pri:0, instance:TestRunner.TestRunner@d9345cd]" started-at="2023-04-29T08:12:00 IST" name="runScenario" description="Runs Cucumber Scenarios" data-provider="scenarios" finished-at="2023-04-29T08:12:16 IST" duration-ms="16026" status="PASS">
          <params>
            <param index="0">
              <value>
                <![CDATA["Wishlist"]]>
              </value>
            </param>
            <param index="1">
              <value>
                <![CDATA["Optional[Wishlist]"]]>
              </value>
            </param>
          </params>
          <reporter-output>
          </reporter-output>
        </test-method> <!-- runScenario -->
        <test-method signature="runScenario(io.cucumber.testng.PickleWrapper,io.cucumber.testng.FeatureWrapper)[pri:0, instance:TestRunner.TestRunner@d9345cd]" started-at="2023-04-29T08:12:16 IST" name="runScenario" description="Runs Cucumber Scenarios" data-provider="scenarios" finished-at="2023-04-29T08:12:32 IST" duration-ms="15981" status="PASS">
          <params>
            <param index="0">
              <value>
                <![CDATA["Wishlist"]]>
              </value>
            </param>
            <param index="1">
              <value>
                <![CDATA["Optional[Wishlist]"]]>
              </value>
            </param>
          </params>
          <reporter-output>
          </reporter-output>
        </test-method> <!-- runScenario -->
        <test-method signature="runScenario(io.cucumber.testng.PickleWrapper,io.cucumber.testng.FeatureWrapper)[pri:0, instance:TestRunner.TestRunner@d9345cd]" started-at="2023-04-29T08:12:32 IST" name="runScenario" description="Runs Cucumber Scenarios" data-provider="scenarios" finished-at="2023-04-29T08:13:00 IST" duration-ms="27955" status="FAIL">
          <params>
            <param index="0">
              <value>
                <![CDATA["Wishlist"]]>
              </value>
            </param>
            <param index="1">
              <value>
                <![CDATA["Optional[Wishlist]"]]>
              </value>
            </param>
          </params>
          <exception class="java.lang.AssertionError">
            <message>
              <![CDATA[Exception in adding to wishlist]]>
            </message>
            <full-stacktrace>
              <![CDATA[java.lang.AssertionError: Exception in adding to wishlist
at org.testng.Assert.fail(Assert.java:99)
at StepDefinitions.Wishlist.user_will_add_to_wishlist(Wishlist.java:46)
at ✽.user will add to wishlist(file:///C:/Users/NitishDosapati/eclipse-workspace2/SelAssessment/Features/D)Wishlisht.feature:15)
]]>
            </full-stacktrace>
          </exception> <!-- java.lang.AssertionError -->
          <reporter-output>
          </reporter-output>
        </test-method> <!-- runScenario -->
        <test-method signature="runScenario(io.cucumber.testng.PickleWrapper,io.cucumber.testng.FeatureWrapper)[pri:0, instance:TestRunner.TestRunner@d9345cd]" started-at="2023-04-29T08:13:00 IST" name="runScenario" description="Runs Cucumber Scenarios" data-provider="scenarios" finished-at="2023-04-29T08:13:29 IST" duration-ms="28865" status="FAIL">
          <params>
            <param index="0">
              <value>
                <![CDATA["Wishlist"]]>
              </value>
            </param>
            <param index="1">
              <value>
                <![CDATA["Optional[Wishlist]"]]>
              </value>
            </param>
          </params>
          <exception class="java.lang.AssertionError">
            <message>
              <![CDATA[Exception in adding to wishlist]]>
            </message>
            <full-stacktrace>
              <![CDATA[java.lang.AssertionError: Exception in adding to wishlist
at org.testng.Assert.fail(Assert.java:99)
at StepDefinitions.Wishlist.user_will_add_to_wishlist(Wishlist.java:46)
at ✽.user will add to wishlist(file:///C:/Users/NitishDosapati/eclipse-workspace2/SelAssessment/Features/D)Wishlisht.feature:15)
]]>
            </full-stacktrace>
          </exception> <!-- java.lang.AssertionError -->
          <reporter-output>
          </reporter-output>
        </test-method> <!-- runScenario -->
        <test-method signature="runScenario(io.cucumber.testng.PickleWrapper,io.cucumber.testng.FeatureWrapper)[pri:0, instance:TestRunner.TestRunner@d9345cd]" started-at="2023-04-29T08:13:29 IST" name="runScenario" description="Runs Cucumber Scenarios" data-provider="scenarios" finished-at="2023-04-29T08:14:00 IST" duration-ms="30688" status="FAIL">
          <params>
            <param index="0">
              <value>
                <![CDATA["Wishlist"]]>
              </value>
            </param>
            <param index="1">
              <value>
                <![CDATA["Optional[Wishlist]"]]>
              </value>
            </param>
          </params>
          <exception class="java.lang.AssertionError">
            <message>
              <![CDATA[Exception in adding to wishlist]]>
            </message>
            <full-stacktrace>
              <![CDATA[java.lang.AssertionError: Exception in adding to wishlist
at org.testng.Assert.fail(Assert.java:99)
at StepDefinitions.Wishlist.user_will_add_to_wishlist(Wishlist.java:46)
at ✽.user will add to wishlist(file:///C:/Users/NitishDosapati/eclipse-workspace2/SelAssessment/Features/D)Wishlisht.feature:18)
]]>
            </full-stacktrace>
          </exception> <!-- java.lang.AssertionError -->
          <reporter-output>
          </reporter-output>
        </test-method> <!-- runScenario -->
        <test-method signature="runScenario(io.cucumber.testng.PickleWrapper,io.cucumber.testng.FeatureWrapper)[pri:0, instance:TestRunner.TestRunner@d9345cd]" started-at="2023-04-29T08:14:00 IST" name="runScenario" description="Runs Cucumber Scenarios" data-provider="scenarios" finished-at="2023-04-29T08:14:31 IST" duration-ms="31748" status="PASS">
          <params>
            <param index="0">
              <value>
                <![CDATA["Cart"]]>
              </value>
            </param>
            <param index="1">
              <value>
                <![CDATA["Optional[Cart feature]"]]>
              </value>
            </param>
          </params>
          <reporter-output>
          </reporter-output>
        </test-method> <!-- runScenario -->
        <test-method signature="runScenario(io.cucumber.testng.PickleWrapper,io.cucumber.testng.FeatureWrapper)[pri:0, instance:TestRunner.TestRunner@d9345cd]" started-at="2023-04-29T08:14:31 IST" name="runScenario" description="Runs Cucumber Scenarios" data-provider="scenarios" finished-at="2023-04-29T08:15:02 IST" duration-ms="30220" status="PASS">
          <params>
            <param index="0">
              <value>
                <![CDATA["Cart"]]>
              </value>
            </param>
            <param index="1">
              <value>
                <![CDATA["Optional[Cart feature]"]]>
              </value>
            </param>
          </params>
          <reporter-output>
          </reporter-output>
        </test-method> <!-- runScenario -->
        <test-method signature="runScenario(io.cucumber.testng.PickleWrapper,io.cucumber.testng.FeatureWrapper)[pri:0, instance:TestRunner.TestRunner@d9345cd]" started-at="2023-04-29T08:15:02 IST" name="runScenario" description="Runs Cucumber Scenarios" data-provider="scenarios" finished-at="2023-04-29T08:15:40 IST" duration-ms="38167" status="FAIL">
          <params>
            <param index="0">
              <value>
                <![CDATA["Cart"]]>
              </value>
            </param>
            <param index="1">
              <value>
                <![CDATA["Optional[Cart feature]"]]>
              </value>
            </param>
          </params>
          <exception class="java.lang.AssertionError">
            <message>
              <![CDATA[Exception in adding to wishlist]]>
            </message>
            <full-stacktrace>
              <![CDATA[java.lang.AssertionError: Exception in adding to wishlist
at org.testng.Assert.fail(Assert.java:99)
at StepDefinitions.Wishlist.user_will_add_to_wishlist(Wishlist.java:46)
at ✽.user will add to wishlist(file:///C:/Users/NitishDosapati/eclipse-workspace2/SelAssessment/Features/E)Cart.feature:13)
]]>
            </full-stacktrace>
          </exception> <!-- java.lang.AssertionError -->
          <reporter-output>
          </reporter-output>
        </test-method> <!-- runScenario -->
        <test-method signature="runScenario(io.cucumber.testng.PickleWrapper,io.cucumber.testng.FeatureWrapper)[pri:0, instance:TestRunner.TestRunner@d9345cd]" started-at="2023-04-29T08:15:40 IST" name="runScenario" description="Runs Cucumber Scenarios" data-provider="scenarios" finished-at="2023-04-29T08:16:21 IST" duration-ms="41229" status="PASS">
          <params>
            <param index="0">
              <value>
                <![CDATA["Order"]]>
              </value>
            </param>
            <param index="1">
              <value>
                <![CDATA["Optional[Order]"]]>
              </value>
            </param>
          </params>
          <reporter-output>
          </reporter-output>
        </test-method> <!-- runScenario -->
        <test-method signature="runScenario(io.cucumber.testng.PickleWrapper,io.cucumber.testng.FeatureWrapper)[pri:0, instance:TestRunner.TestRunner@d9345cd]" started-at="2023-04-29T08:16:21 IST" name="runScenario" description="Runs Cucumber Scenarios" data-provider="scenarios" finished-at="2023-04-29T08:17:02 IST" duration-ms="41440" status="PASS">
          <params>
            <param index="0">
              <value>
                <![CDATA["Order"]]>
              </value>
            </param>
            <param index="1">
              <value>
                <![CDATA["Optional[Order]"]]>
              </value>
            </param>
          </params>
          <reporter-output>
          </reporter-output>
        </test-method> <!-- runScenario -->
        <test-method signature="runScenario(io.cucumber.testng.PickleWrapper,io.cucumber.testng.FeatureWrapper)[pri:0, instance:TestRunner.TestRunner@d9345cd]" started-at="2023-04-29T08:17:02 IST" name="runScenario" description="Runs Cucumber Scenarios" data-provider="scenarios" finished-at="2023-04-29T08:17:32 IST" duration-ms="29206" status="FAIL">
          <params>
            <param index="0">
              <value>
                <![CDATA["Order"]]>
              </value>
            </param>
            <param index="1">
              <value>
                <![CDATA["Optional[Order]"]]>
              </value>
            </param>
          </params>
          <exception class="java.lang.AssertionError">
            <message>
              <![CDATA[The order successful page not reached]]>
            </message>
            <full-stacktrace>
              <![CDATA[java.lang.AssertionError: The order successful page not reached
at org.testng.Assert.fail(Assert.java:99)
at StepDefinitions.Order.user_will_buy_the_product(Order.java:66)
at ✽.user successfully places the order(file:///C:/Users/NitishDosapati/eclipse-workspace2/SelAssessment/Features/F)Order.feature:23)
]]>
            </full-stacktrace>
          </exception> <!-- java.lang.AssertionError -->
          <reporter-output>
          </reporter-output>
        </test-method> <!-- runScenario -->
        <test-method signature="runScenario(io.cucumber.testng.PickleWrapper,io.cucumber.testng.FeatureWrapper)[pri:0, instance:TestRunner.TestRunner@d9345cd]" started-at="2023-04-29T08:17:32 IST" name="runScenario" description="Runs Cucumber Scenarios" data-provider="scenarios" finished-at="2023-04-29T08:18:10 IST" duration-ms="38252" status="FAIL">
          <params>
            <param index="0">
              <value>
                <![CDATA["Order"]]>
              </value>
            </param>
            <param index="1">
              <value>
                <![CDATA["Optional[Order]"]]>
              </value>
            </param>
          </params>
          <exception class="java.lang.AssertionError">
            <message>
              <![CDATA[Exception in adding to wishlist]]>
            </message>
            <full-stacktrace>
              <![CDATA[java.lang.AssertionError: Exception in adding to wishlist
at org.testng.Assert.fail(Assert.java:99)
at StepDefinitions.Wishlist.user_will_add_to_wishlist(Wishlist.java:46)
at ✽.user will add to wishlist(file:///C:/Users/NitishDosapati/eclipse-workspace2/SelAssessment/Features/F)Order.feature:14)
]]>
            </full-stacktrace>
          </exception> <!-- java.lang.AssertionError -->
          <reporter-output>
          </reporter-output>
        </test-method> <!-- runScenario -->
        <test-method is-config="true" signature="tearDownClass()[pri:0, instance:TestRunner.TestRunner@d9345cd]" started-at="2023-04-29T08:18:10 IST" name="tearDownClass" finished-at="2023-04-29T08:18:10 IST" duration-ms="14" status="PASS">
          <reporter-output>
          </reporter-output>
        </test-method> <!-- tearDownClass -->
      </class> <!-- TestRunner.TestRunner -->
    </test> <!-- Default test -->
  </suite> <!-- Default suite -->
</testng-results>
