<?xml version="1.0" encoding="UTF-8"?>
<!-- Generated by org.testng.reporters.JUnitReportReporter -->
<testsuite hostname="INSPIRONPC" failures="19" tests="32" name="TestRunner.TestRunner" time="428.700" errors="0" timestamp="2023-05-01T05:52:53 IST" skipped="0">
  <testcase classname="TestRunner.TestRunner" name="runScenario" time="24.014">
    <failure message="items move to cart failed" type="java.lang.AssertionError">
      <![CDATA[java.lang.AssertionError: items move to cart failed
at org.testng.Assert.fail(Assert.java:110)
at StepDefinitions.Cart.user_clicks_on_move_to_cart(Cart.java:47)
at ✽.user clicks on move to cart(file:///D:/Downloads/SelAssessment/Features/Order.feature:19)
]]>
    </failure>
  </testcase> <!-- runScenario -->
  <system-out/>
  <testcase classname="TestRunner.TestRunner" name="runScenario" time="1.910"/>
  <system-out/>
  <testcase classname="TestRunner.TestRunner" name="runScenario" time="1.100">
    <failure message="Exception in Validating Items" type="java.lang.AssertionError">
      <![CDATA[java.lang.AssertionError: Exception in Validating Items
at org.testng.Assert.fail(Assert.java:110)
at StepDefinitions.HeaderMenu.user_should_be_able_to_navigate_to_the_item_page(HeaderMenu.java:49)
at ✽.user should be able to navigate to the item page(file:///D:/Downloads/SelAssessment/Features/HeaderMenu.feature:11)
]]>
    </failure>
  </testcase> <!-- runScenario -->
  <system-out/>
  <testcase classname="TestRunner.TestRunner" name="runScenario" time="14.954">
    <failure message="category could not be selected properly" type="java.lang.AssertionError">
      <![CDATA[java.lang.AssertionError: category could not be selected properly
at org.testng.Assert.fail(Assert.java:110)
at StepDefinitions.Search.user_selects_category_as(Search.java:32)
at ✽.user selects category as "invalid"(file:///D:/Downloads/SelAssessment/Features/Search.feature:11)
]]>
    </failure>
  </testcase> <!-- runScenario -->
  <system-out/>
  <testcase classname="TestRunner.TestRunner" name="runScenario" time="1.777"/>
  <system-out/>
  <testcase classname="TestRunner.TestRunner" name="runScenario" time="11.487">
    <failure message="Left menu category not selected" type="java.lang.AssertionError">
      <![CDATA[java.lang.AssertionError: Left menu category not selected
at org.testng.Assert.fail(Assert.java:110)
at StepDefinitions.LeftMenu.user_clicks_on_left_menu_item(LeftMenu.java:36)
at ✽.user clicks on left menu item "invalid"(file:///D:/Downloads/SelAssessment/Features/LeftMenu.feature:11)
]]>
    </failure>
  </testcase> <!-- runScenario -->
  <system-out/>
  <testcase classname="TestRunner.TestRunner" name="runScenario" time="6.797">
    <failure message="The search items retrieved do not match for the item : sony" type="java.lang.AssertionError">
      <![CDATA[java.lang.AssertionError: The search items retrieved do not match for the item : sony
at org.testng.Assert.fail(Assert.java:110)
at StepDefinitions.Search.user_should_be_able_to_view_the_items(Search.java:81)
at ✽.user should be able to view the items "sony"(file:///D:/Downloads/SelAssessment/Features/Search.feature:14)
]]>
    </failure>
  </testcase> <!-- runScenario -->
  <system-out/>
  <testcase classname="TestRunner.TestRunner" name="runScenario" time="17.499"/>
  <system-out/>
  <testcase classname="TestRunner.TestRunner" name="runScenario" time="41.758">
    <failure message="Exception in adding to wishlist" type="java.lang.AssertionError">
      <![CDATA[java.lang.AssertionError: Exception in adding to wishlist
at org.testng.Assert.fail(Assert.java:110)
at StepDefinitions.Wishlist.user_will_add_to_wishlist(Wishlist.java:41)
at ✽.user will add to wishlist(file:///D:/Downloads/SelAssessment/Features/Order.feature:14)
]]>
    </failure>
  </testcase> <!-- runScenario -->
  <system-out/>
  <testcase classname="TestRunner.TestRunner" name="runScenario" time="8.039"/>
  <system-out/>
  <testcase classname="TestRunner.TestRunner" name="runScenario" time="1.235"/>
  <system-out/>
  <testcase classname="TestRunner.TestRunner" name="runScenario" time="1.693"/>
  <system-out/>
  <testcase classname="TestRunner.TestRunner" name="runScenario" time="2.005">
    <failure message="The product camera with 3D pixels given does not exist in category Kids Wear" type="java.lang.AssertionError">
      <![CDATA[java.lang.AssertionError: The product camera with 3D pixels given does not exist in category Kids Wear
at org.testng.Assert.fail(Assert.java:110)
at StepDefinitions.HeaderMenu.validate_the_product_present_with_and_and(HeaderMenu.java:76)
at ✽.validate the product present with "camera with 3D pixels" and "$990.00" and "2569"(file:///D:/Downloads/SelAssessment/Features/HeaderMenu.feature:26)
]]>
    </failure>
  </testcase> <!-- runScenario -->
  <system-out/>
  <testcase classname="TestRunner.TestRunner" name="runScenario" time="17.789">
    <failure message="items move to cart failed" type="java.lang.AssertionError">
      <![CDATA[java.lang.AssertionError: items move to cart failed
at org.testng.Assert.fail(Assert.java:110)
at StepDefinitions.Cart.user_clicks_on_move_to_cart(Cart.java:47)
at ✽.user clicks on move to cart(file:///D:/Downloads/SelAssessment/Features/Order.feature:19)
]]>
    </failure>
  </testcase> <!-- runScenario -->
  <system-out/>
  <testcase classname="TestRunner.TestRunner" name="runScenario" time="11.398">
    <failure message="Left menu category not selected" type="java.lang.AssertionError">
      <![CDATA[java.lang.AssertionError: Left menu category not selected
at org.testng.Assert.fail(Assert.java:110)
at StepDefinitions.LeftMenu.user_clicks_on_left_menu_item(LeftMenu.java:36)
at ✽.user clicks on left menu item "Furniture"(file:///D:/Downloads/SelAssessment/Features/LeftMenu.feature:11)
]]>
    </failure>
  </testcase> <!-- runScenario -->
  <system-out/>
  <testcase classname="TestRunner.TestRunner" name="runScenario" time="16.771">
    <failure message="The search items retrieved do not match for the item : invalid" type="java.lang.AssertionError">
      <![CDATA[java.lang.AssertionError: The search items retrieved do not match for the item : invalid
at org.testng.Assert.fail(Assert.java:110)
at StepDefinitions.Search.user_should_be_able_to_view_the_items(Search.java:81)
at ✽.user should be able to view the items "invalid"(file:///D:/Downloads/SelAssessment/Features/Search.feature:14)
]]>
    </failure>
  </testcase> <!-- runScenario -->
  <system-out/>
  <testcase classname="TestRunner.TestRunner" name="runScenario" time="16.305">
    <failure message="items move to cart failed" type="java.lang.AssertionError">
      <![CDATA[java.lang.AssertionError: items move to cart failed
at org.testng.Assert.fail(Assert.java:110)
at StepDefinitions.Cart.user_clicks_on_move_to_cart(Cart.java:47)
at ✽.user clicks on move to cart(file:///D:/Downloads/SelAssessment/Features/Cart.feature:18)
]]>
    </failure>
  </testcase> <!-- runScenario -->
  <system-out/>
  <testcase classname="TestRunner.TestRunner" name="runScenario" time="17.189">
    <failure message="items move to cart failed" type="java.lang.AssertionError">
      <![CDATA[java.lang.AssertionError: items move to cart failed
at org.testng.Assert.fail(Assert.java:110)
at StepDefinitions.Cart.user_clicks_on_move_to_cart(Cart.java:47)
at ✽.user clicks on move to cart(file:///D:/Downloads/SelAssessment/Features/Cart.feature:18)
]]>
    </failure>
  </testcase> <!-- runScenario -->
  <system-out/>
  <testcase classname="TestRunner.TestRunner" name="runScenario" time="17.874">
    <failure message="items move to cart failed" type="java.lang.AssertionError">
      <![CDATA[java.lang.AssertionError: items move to cart failed
at org.testng.Assert.fail(Assert.java:110)
at StepDefinitions.Cart.user_clicks_on_move_to_cart(Cart.java:47)
at ✽.user clicks on move to cart(file:///D:/Downloads/SelAssessment/Features/Order.feature:19)
]]>
    </failure>
  </testcase> <!-- runScenario -->
  <system-out/>
  <testcase classname="TestRunner.TestRunner" name="runScenario" time="1.115"/>
  <system-out/>
  <testcase classname="TestRunner.TestRunner" name="runScenario" time="43.599">
    <failure message="Exception in adding to wishlist" type="java.lang.AssertionError">
      <![CDATA[java.lang.AssertionError: Exception in adding to wishlist
at org.testng.Assert.fail(Assert.java:110)
at StepDefinitions.Wishlist.user_will_add_to_wishlist(Wishlist.java:41)
at ✽.user will add to wishlist(file:///D:/Downloads/SelAssessment/Features/Cart.feature:13)
]]>
    </failure>
  </testcase> <!-- runScenario -->
  <system-out/>
  <testcase classname="TestRunner.TestRunner" name="runScenario" time="3.273"/>
  <system-out/>
  <testcase classname="TestRunner.TestRunner" name="runScenario" time="23.438">
    <failure message="Exception in adding to wishlist" type="java.lang.AssertionError">
      <![CDATA[java.lang.AssertionError: Exception in adding to wishlist
at org.testng.Assert.fail(Assert.java:110)
at StepDefinitions.Wishlist.user_will_add_to_wishlist(Wishlist.java:41)
at ✽.user will add to wishlist(file:///D:/Downloads/SelAssessment/Features/Wishlisht.feature:16)
]]>
    </failure>
  </testcase> <!-- runScenario -->
  <system-out/>
  <testcase classname="TestRunner.TestRunner" name="runScenario" time="29.485">
    <failure message="Exception in adding to wishlist" type="java.lang.AssertionError">
      <![CDATA[java.lang.AssertionError: Exception in adding to wishlist
at org.testng.Assert.fail(Assert.java:110)
at StepDefinitions.Wishlist.user_will_add_to_wishlist(Wishlist.java:41)
at ✽.user will add to wishlist(file:///D:/Downloads/SelAssessment/Features/Wishlisht.feature:13)
]]>
    </failure>
  </testcase> <!-- runScenario -->
  <system-out/>
  <testcase classname="TestRunner.TestRunner" name="runScenario" time="10.508">
    <failure message="Header Category not selected" type="java.lang.AssertionError">
      <![CDATA[java.lang.AssertionError: Header Category not selected
at org.testng.Assert.fail(Assert.java:110)
at StepDefinitions.HeaderMenu.user_clicks_on_menu_bar_item(HeaderMenu.java:34)
at ✽.user clicks on menu bar item "invalid"(file:///D:/Downloads/SelAssessment/Features/HeaderMenu.feature:10)
]]>
    </failure>
  </testcase> <!-- runScenario -->
  <system-out/>
  <testcase classname="TestRunner.TestRunner" name="runScenario" time="7.228"/>
  <system-out/>
  <testcase classname="TestRunner.TestRunner" name="runScenario" time="16.955">
    <failure message="The search items retrieved do not match for the item : " type="java.lang.AssertionError">
      <![CDATA[java.lang.AssertionError: The search items retrieved do not match for the item : 
at org.testng.Assert.fail(Assert.java:110)
at StepDefinitions.Search.user_should_be_able_to_view_the_items(Search.java:81)
at ✽.user should be able to view the items ""(file:///D:/Downloads/SelAssessment/Features/Search.feature:14)
]]>
    </failure>
  </testcase> <!-- runScenario -->
  <system-out/>
  <testcase classname="TestRunner.TestRunner" name="runScenario" time="20.648"/>
  <system-out/>
  <testcase classname="TestRunner.TestRunner" name="runScenario" time="1.840"/>
  <system-out/>
  <testcase classname="TestRunner.TestRunner" name="runScenario" time="2.722"/>
  <system-out/>
  <testcase classname="TestRunner.TestRunner" name="runScenario" time="29.344">
    <failure message="Exception in adding to wishlist" type="java.lang.AssertionError">
      <![CDATA[java.lang.AssertionError: Exception in adding to wishlist
at org.testng.Assert.fail(Assert.java:110)
at StepDefinitions.Wishlist.user_will_add_to_wishlist(Wishlist.java:41)
at ✽.user will add to wishlist(file:///D:/Downloads/SelAssessment/Features/Wishlisht.feature:13)
]]>
    </failure>
  </testcase> <!-- runScenario -->
  <system-out/>
  <testcase classname="TestRunner.TestRunner" name="runScenario" time="6.951"/>
  <system-out/>
</testsuite> <!-- TestRunner.TestRunner -->
